#
# There is insufficient memory for the Java Runtime Environment to continue.
# Native memory allocation (malloc) failed to allocate 878896 bytes for Chunk::new
# Possible reasons:
#   The system is out of physical RAM or swap space
#   The process is running with CompressedOops enabled, and the Java Heap may be blocking the growth of the native heap
# Possible solutions:
#   Reduce memory load on the system
#   Increase physical memory or swap space
#   Check if swap backing store is full
#   Decrease Java heap size (-Xmx/-Xms)
#   Decrease number of Java threads
#   Decrease Java thread stack sizes (-Xss)
#   Set larger code cache with -XX:ReservedCodeCacheSize=
#   JVM is running with Unscaled Compressed Oops mode in which the Java heap is
#     placed in the first 4GB address space. The Java Heap base address is the
#     maximum limit for the native heap growth. Please use -XX:HeapBaseMinAddress
#     to set the Java Heap base and to place the Java Heap above 4GB virtual address.
# This output file may be truncated or incomplete.
#
#  Out of Memory Error (./open/src/hotspot/share/memory/arena.cpp:195), pid=20176, tid=19516
#
# JRE version: Java(TM) SE Runtime Environment (14.0.2+12) (build 14.0.2+12-46)
# Java VM: Java HotSpot(TM) 64-Bit Server VM (14.0.2+12-46, mixed mode, sharing, tiered, compressed oops, g1 gc, windows-amd64)
# No core dump will be written. Minidumps are not enabled by default on client versions of Windows
#

---------------  S U M M A R Y ------------

Command Line: -Dapplication.home=C:\Program Files\Java\jdk-14.0.2 --add-modules=ALL-DEFAULT -Xms8m -Djdk.module.main=jdk.compiler jdk.compiler/com.sun.tools.javac.Main -d E:\libraryProject\build\classes -classpath E:\libraryProject\build\classes;E:\libraryProject\src\libraryproject\Jar\mysql-connector-java-5.1.49.jar;E:\libraryProject\src\libraryproject\Jar\rs2xml.jar;E:\libraryProject\src\libraryproject\Jar\jcalendar-tz-1.3.3-4.jar -sourcepath E:\libraryProject\src -target 14 -encoding UTF-8 -g -processorpath E:\libraryProject\src\libraryproject\Jar\mysql-connector-java-5.1.49.jar;E:\libraryProject\src\libraryproject\Jar\rs2xml.jar;E:\libraryProject\src\libraryproject\Jar\jcalendar-tz-1.3.3-4.jar;E:\libraryProject\build\empty -s E:\libraryProject\build\generated-sources\ap-source-output -source 14 E:\libraryProject\src\libraryproject\Login_user.java

Host: Intel(R) Core(TM) i5-8300H CPU @ 2.30GHz, 8 cores, 7G,  Windows 10 , 64 bit Build 19041 (10.0.19041.546)
Time: Mon Nov 30 14:33:06 2020 India Standard Time elapsed time: 1 seconds (0d 0h 0m 1s)

---------------  T H R E A D  ---------------

Current thread (0x000001c0ea2f3800):  JavaThread "C2 CompilerThread1" daemon [_thread_in_native, id=19516, stack(0x0000008e2e700000,0x0000008e2e800000)]


Current CompileTask:
C2:   1204 1484       4       com.sun.tools.javac.jvm.PoolReader::resolve (341 bytes)

Stack: [0x0000008e2e700000,0x0000008e2e800000]
Native frames: (J=compiled Java code, j=interpreted, Vv=VM code, C=native code)
V  [jvm.dll+0x5f8a9a]
V  [jvm.dll+0x74247a]
V  [jvm.dll+0x743c2f]
V  [jvm.dll+0x744273]
V  [jvm.dll+0x20d288]
V  [jvm.dll+0xabb07]
V  [jvm.dll+0xac1fc]
V  [jvm.dll+0x276db4]
V  [jvm.dll+0x50cffa]
V  [jvm.dll+0x1ee036]
V  [jvm.dll+0x1e77c9]
V  [jvm.dll+0x1e4f98]
V  [jvm.dll+0x1779cc]
V  [jvm.dll+0x1f4105]
V  [jvm.dll+0x1f22eb]
V  [jvm.dll+0x7070cd]
V  [jvm.dll+0x6ffeda]
V  [jvm.dll+0x5f78f6]
C  [ucrtbase.dll+0x214c2]
C  [KERNEL32.DLL+0x17034]
C  [ntdll.dll+0x4cec1]


---------------  P R O C E S S  ---------------

Threads class SMR info:
_java_thread_list=0x000001c0ea5980b0, length=12, elements={
0x000001c0c8940000, 0x000001c0e985a800, 0x000001c0e985b800, 0x000001c0e9875800,
0x000001c0e9877800, 0x000001c0e9878800, 0x000001c0e987a000, 0x000001c0e9883000,
0x000001c0e9885000, 0x000001c0ea261800, 0x000001c0ea335800, 0x000001c0ea2f3800
}

Java Threads: ( => current thread )
  0x000001c0c8940000 JavaThread "main" [_thread_in_native, id=12632, stack(0x0000008e2d700000,0x0000008e2d800000)]
  0x000001c0e985a800 JavaThread "Reference Handler" daemon [_thread_blocked, id=2628, stack(0x0000008e2de00000,0x0000008e2df00000)]
  0x000001c0e985b800 JavaThread "Finalizer" daemon [_thread_blocked, id=16096, stack(0x0000008e2df00000,0x0000008e2e000000)]
  0x000001c0e9875800 JavaThread "Signal Dispatcher" daemon [_thread_blocked, id=20316, stack(0x0000008e2e000000,0x0000008e2e100000)]
  0x000001c0e9877800 JavaThread "Attach Listener" daemon [_thread_blocked, id=5308, stack(0x0000008e2e100000,0x0000008e2e200000)]
  0x000001c0e9878800 JavaThread "Service Thread" daemon [_thread_blocked, id=3360, stack(0x0000008e2e200000,0x0000008e2e300000)]
  0x000001c0e987a000 JavaThread "C2 CompilerThread0" daemon [_thread_in_native, id=6908, stack(0x0000008e2e300000,0x0000008e2e400000)]
  0x000001c0e9883000 JavaThread "C1 CompilerThread0" daemon [_thread_in_native, id=12792, stack(0x0000008e2e400000,0x0000008e2e500000)]
  0x000001c0e9885000 JavaThread "Sweeper thread" daemon [_thread_blocked, id=5552, stack(0x0000008e2e500000,0x0000008e2e600000)]
  0x000001c0ea261800 JavaThread "Common-Cleaner" daemon [_thread_blocked, id=11252, stack(0x0000008e2e600000,0x0000008e2e700000)]
  0x000001c0ea335800 JavaThread "Notification Thread" daemon [_thread_blocked, id=8700, stack(0x0000008e2e800000,0x0000008e2e900000)]
=>0x000001c0ea2f3800 JavaThread "C2 CompilerThread1" daemon [_thread_in_native, id=19516, stack(0x0000008e2e700000,0x0000008e2e800000)]

Other Threads:
  0x000001c0e9859800 VMThread "VM Thread" [stack: 0x0000008e2dd00000,0x0000008e2de00000] [id=17652]
  0x000001c0ea342800 WatcherThread [stack: 0x0000008e2e900000,0x0000008e2ea00000] [id=12432]
  0x000001c0c8981000 GCTaskThread "GC Thread#0" [stack: 0x0000008e2d800000,0x0000008e2d900000] [id=19468]
  0x000001c0ea4e9800 GCTaskThread "GC Thread#1" [stack: 0x0000008e2ea00000,0x0000008e2eb00000] [id=6088]
  0x000001c0c8992000 ConcurrentGCThread "G1 Main Marker" [stack: 0x0000008e2d900000,0x0000008e2da00000] [id=16924]
  0x000001c0c8994000 ConcurrentGCThread "G1 Conc#0" [stack: 0x0000008e2da00000,0x0000008e2db00000] [id=17516]
  0x000001c0ea713800 ConcurrentGCThread "G1 Conc#1" [stack: 0x0000008e2eb00000,0x0000008e2ec00000] [id=8776]
  0x000001c0c89c3000 ConcurrentGCThread "G1 Refine#0" [stack: 0x0000008e2db00000,0x0000008e2dc00000] [id=6932]
  0x000001c0c89c5000 ConcurrentGCThread "G1 Young RemSet Sampling" [stack: 0x0000008e2dc00000,0x0000008e2dd00000] [id=20440]

Threads with active compile tasks:
C2 CompilerThread0     1260 1399   !   4       com.sun.tools.javac.jvm.ClassReader::classSigToType (497 bytes)
C2 CompilerThread1     1260 1484       4       com.sun.tools.javac.jvm.PoolReader::resolve (341 bytes)

VM state:not at safepoint (normal execution)

VM Mutex/Monitor currently owned by a thread: None

Heap address: 0x0000000082600000, size: 2010 MB, Compressed Oops mode: 32-bit
Narrow klass base: 0x0000000800000000, Narrow klass shift: 3
Compressed class space size: 1073741824 Address: 0x0000000800b30000

Heap:
 garbage-first heap   total 22528K, used 11139K [0x0000000082600000, 0x0000000100000000)
  region size 1024K, 2 young (2048K), 1 survivors (1024K)
 Metaspace       used 10504K, capacity 12951K, committed 13184K, reserved 1060864K
  class space    used 1246K, capacity 1558K, committed 1664K, reserved 1048576K
Heap Regions: E=young(eden), S=young(survivor), O=old, HS=humongous(starts), HC=humongous(continues), CS=collection set, F=free, OA=open archive, CA=closed archive, TAMS=top-at-mark-start (previous, next)
|   0|0x0000000082600000, 0x0000000082700000, 0x0000000082700000|100%| O|  |TAMS 0x0000000082700000, 0x0000000082600000| Untracked 
|   1|0x0000000082700000, 0x0000000082800000, 0x0000000082800000|100%| O|  |TAMS 0x0000000082800000, 0x0000000082700000| Untracked 
|   2|0x0000000082800000, 0x0000000082900000, 0x0000000082900000|100%| O|  |TAMS 0x0000000082900000, 0x0000000082800000| Untracked 
|   3|0x0000000082900000, 0x0000000082a00000, 0x0000000082a00000|100%| O|  |TAMS 0x0000000082a00000, 0x0000000082900000| Untracked 
|   4|0x0000000082a00000, 0x0000000082b00000, 0x0000000082b00000|100%| O|  |TAMS 0x0000000082a1ca00, 0x0000000082a00000| Untracked 
|   5|0x0000000082b00000, 0x0000000082c00000, 0x0000000082c00000|100%| O|  |TAMS 0x0000000082b00000, 0x0000000082b00000| Untracked 
|   6|0x0000000082c00000, 0x0000000082d00000, 0x0000000082d00000|100%| O|  |TAMS 0x0000000082c00000, 0x0000000082c00000| Untracked 
|   7|0x0000000082d00000, 0x0000000082e00000, 0x0000000082e00000|100%| O|  |TAMS 0x0000000082d00000, 0x0000000082d00000| Untracked 
|   8|0x0000000082e00000, 0x0000000082f00000, 0x0000000082f00000|100%|HS|  |TAMS 0x0000000082e00000, 0x0000000082e00000| Complete 
|   9|0x0000000082f00000, 0x0000000082fe0c00, 0x0000000083000000| 87%| O|  |TAMS 0x0000000082f00000, 0x0000000082f00000| Untracked 
|  10|0x0000000083000000, 0x0000000083000000, 0x0000000083100000|  0%| F|  |TAMS 0x0000000083000000, 0x0000000083000000| Untracked 
|  11|0x0000000083100000, 0x0000000083100000, 0x0000000083200000|  0%| F|  |TAMS 0x0000000083100000, 0x0000000083100000| Untracked 
|  12|0x0000000083200000, 0x0000000083200000, 0x0000000083300000|  0%| F|  |TAMS 0x0000000083200000, 0x0000000083200000| Untracked 
|  13|0x0000000083300000, 0x0000000083300000, 0x0000000083400000|  0%| F|  |TAMS 0x0000000083300000, 0x0000000083300000| Untracked 
|  14|0x0000000083400000, 0x0000000083400000, 0x0000000083500000|  0%| F|  |TAMS 0x0000000083400000, 0x0000000083400000| Untracked 
|  15|0x0000000083500000, 0x0000000083600000, 0x0000000083600000|100%| S|CS|TAMS 0x0000000083500000, 0x0000000083500000| Complete 
|  16|0x0000000083600000, 0x0000000083600000, 0x0000000083700000|  0%| F|  |TAMS 0x0000000083600000, 0x0000000083600000| Untracked 
|  17|0x0000000083700000, 0x0000000083700000, 0x0000000083800000|  0%| F|  |TAMS 0x0000000083700000, 0x0000000083700000| Untracked 
|  18|0x0000000083800000, 0x0000000083800000, 0x0000000083900000|  0%| F|  |TAMS 0x0000000083800000, 0x0000000083800000| Untracked 
|  19|0x0000000083900000, 0x0000000083900000, 0x0000000083a00000|  0%| F|  |TAMS 0x0000000083900000, 0x0000000083900000| Untracked 
|  20|0x0000000083a00000, 0x0000000083a00000, 0x0000000083b00000|  0%| F|  |TAMS 0x0000000083a00000, 0x0000000083a00000| Untracked 
|  21|0x0000000083b00000, 0x0000000083b66d48, 0x0000000083c00000| 40%| E|  |TAMS 0x0000000083b00000, 0x0000000083b00000| Complete 

Card table byte_map: [0x000001c0e2740000,0x000001c0e2b30000] _byte_map_base: 0x000001c0e232d000

Marking Bits (Prev, Next): (CMBitMap*) 0x000001c0c8981a08, (CMBitMap*) 0x000001c0c89819c8
 Prev Bits: [0x000001c0e4e90000, 0x000001c0e6df8000)
 Next Bits: [0x000001c0e2f20000, 0x000001c0e4e88000)

Polling page: 0x000001c0c8800000

Metaspace:

Usage:
  Non-class:     11.13 MB capacity,     9.04 MB ( 81%) used,     2.05 MB ( 18%) free+waste,    33.88 KB ( <1%) overhead. 
      Class:      1.52 MB capacity,     1.22 MB ( 80%) used,   294.93 KB ( 19%) free+waste,    16.75 KB (  1%) overhead. 
       Both:     12.65 MB capacity,    10.26 MB ( 81%) used,     2.34 MB ( 18%) free+waste,    50.63 KB ( <1%) overhead. 

Virtual space:
  Non-class space:       12.00 MB reserved,      11.25 MB ( 94%) committed 
      Class space:        1.00 GB reserved,       1.63 MB ( <1%) committed 
             Both:        1.01 GB reserved,      12.88 MB (  1%) committed 

Chunk freelists:
   Non-Class:  0 bytes
       Class:  10.00 KB
        Both:  10.00 KB

MaxMetaspaceSize: 17179869184.00 GB
CompressedClassSpaceSize: 1.00 GB

CodeHeap 'non-profiled nmethods': size=120000Kb used=550Kb max_used=550Kb free=119449Kb
 bounds [0x000001c0da3c0000, 0x000001c0da630000, 0x000001c0e18f0000]
CodeHeap 'profiled nmethods': size=120000Kb used=3356Kb max_used=3356Kb free=116643Kb
 bounds [0x000001c0d2e90000, 0x000001c0d31e0000, 0x000001c0da3c0000]
CodeHeap 'non-nmethods': size=5760Kb used=1173Kb max_used=1199Kb free=4586Kb
 bounds [0x000001c0d28f0000, 0x000001c0d2b60000, 0x000001c0d2e90000]
 total_blobs=2092 nmethods=1671 adapters=333
 compilation: enabled
              stopped_count=0, restarted_count=0
 full_count=0

Compilation events (20 events):
Event: 1.194 Thread 0x000001c0e9883000 nmethod 1600 0x000001c0da448390 code [0x000001c0da448520, 0x000001c0da4485f8]
Event: 1.195 Thread 0x000001c0e9883000 1619       3       com.sun.tools.javac.code.Attribute$Constant::accept (8 bytes)
Event: 1.195 Thread 0x000001c0e9883000 nmethod 1619 0x000001c0d31a4790 code [0x000001c0d31a4940, 0x000001c0d31a4b28]
Event: 1.195 Thread 0x000001c0e9883000 1620       3       com.sun.tools.javac.util.ListBuffer::next (56 bytes)
Event: 1.195 Thread 0x000001c0e9883000 nmethod 1620 0x000001c0d31a4c10 code [0x000001c0d31a4de0, 0x000001c0d31a51d8]
Event: 1.195 Thread 0x000001c0e9883000 1621       3       com.sun.tools.javac.code.Types$HasSameArgs::visitMethodType (10 bytes)
Event: 1.195 Thread 0x000001c0e9883000 nmethod 1621 0x000001c0d31a5310 code [0x000001c0d31a54c0, 0x000001c0d31a5728]
Event: 1.195 Thread 0x000001c0e9883000 1622       3       com.sun.tools.javac.code.Types$HasSameArgs::visitMethodType (37 bytes)
Event: 1.196 Thread 0x000001c0e9883000 nmethod 1622 0x000001c0d31a5810 code [0x000001c0d31a5a00, 0x000001c0d31a5fe8]
Event: 1.196 Thread 0x000001c0e9883000 1623       3       com.sun.tools.javac.code.Symbol$MethodSymbol$$Lambda$58/0x0000000800bd4c40::accepts (8 bytes)
Event: 1.196 Thread 0x000001c0e9883000 nmethod 1623 0x000001c0d31a6190 code [0x000001c0d31a6340, 0x000001c0d31a6748]
Event: 1.196 Thread 0x000001c0e9883000 1630       3       com.sun.tools.javac.code.Symbol$MethodSymbol::isInheritedIn (72 bytes)
Event: 1.196 Thread 0x000001c0e9883000 nmethod 1630 0x000001c0d31a6890 code [0x000001c0d31a6a60, 0x000001c0d31a6f98]
Event: 1.197 Thread 0x000001c0e9883000 1624       3       com.sun.tools.javac.code.Symbol$MethodSymbol::lambda$static$0 (29 bytes)
Event: 1.197 Thread 0x000001c0e9883000 nmethod 1624 0x000001c0d31a7110 code [0x000001c0d31a72c0, 0x000001c0d31a7528]
Event: 1.197 Thread 0x000001c0e9883000 1625       3       com.sun.tools.javac.code.Symbol$MethodSymbol::overrides (11 bytes)
Event: 1.197 Thread 0x000001c0e9883000 nmethod 1625 0x000001c0d31a7610 code [0x000001c0d31a77c0, 0x000001c0d31a79a8]
Event: 1.197 Thread 0x000001c0e9883000 1626       3       com.sun.tools.javac.code.Symbol$MethodSymbol::overrides (252 bytes)
Event: 1.200 Thread 0x000001c0e9883000 nmethod 1626 0x000001c0d31a7a90 code [0x000001c0d31a7f60, 0x000001c0d31ab318]
Event: 1.200 Thread 0x000001c0e9883000 1633       3       com.sun.tools.javac.code.Types$5::visitClassType (387 bytes)

GC Heap History (20 events):
Event: 0.760 GC heap before
{Heap before GC invocations=5 (full 0):
 garbage-first heap   total 10240K, used 3690K [0x0000000082600000, 0x0000000100000000)
  region size 1024K, 3 young (3072K), 1 survivors (1024K)
 Metaspace       used 8436K, capacity 11431K, committed 11648K, reserved 1058816K
  class space    used 1021K, capacity 1353K, committed 1408K, reserved 1048576K
}
Event: 0.764 GC heap after
{Heap after GC invocations=6 (full 0):
 garbage-first heap   total 10240K, used 3477K [0x0000000082600000, 0x0000000100000000)
  region size 1024K, 1 young (1024K), 1 survivors (1024K)
 Metaspace       used 8436K, capacity 11431K, committed 11648K, reserved 1058816K
  class space    used 1021K, capacity 1353K, committed 1408K, reserved 1048576K
}
Event: 0.830 GC heap before
{Heap before GC invocations=6 (full 0):
 garbage-first heap   total 10240K, used 5525K [0x0000000082600000, 0x0000000100000000)
  region size 1024K, 3 young (3072K), 1 survivors (1024K)
 Metaspace       used 8822K, capacity 11536K, committed 11648K, reserved 1058816K
  class space    used 1069K, capacity 1367K, committed 1408K, reserved 1048576K
}
Event: 0.835 GC heap after
{Heap after GC invocations=7 (full 0):
 garbage-first heap   total 10240K, used 4228K [0x0000000082600000, 0x0000000100000000)
  region size 1024K, 1 young (1024K), 1 survivors (1024K)
 Metaspace       used 8822K, capacity 11536K, committed 11648K, reserved 1058816K
  class space    used 1069K, capacity 1367K, committed 1408K, reserved 1048576K
}
Event: 0.843 GC heap before
{Heap before GC invocations=7 (full 0):
 garbage-first heap   total 10240K, used 5252K [0x0000000082600000, 0x0000000100000000)
  region size 1024K, 2 young (2048K), 1 survivors (1024K)
 Metaspace       used 8839K, capacity 11536K, committed 11648K, reserved 1058816K
  class space    used 1069K, capacity 1367K, committed 1408K, reserved 1048576K
}
Event: 0.846 GC heap after
{Heap after GC invocations=8 (full 0):
 garbage-first heap   total 10240K, used 4418K [0x0000000082600000, 0x0000000100000000)
  region size 1024K, 1 young (1024K), 1 survivors (1024K)
 Metaspace       used 8839K, capacity 11536K, committed 11648K, reserved 1058816K
  class space    used 1069K, capacity 1367K, committed 1408K, reserved 1048576K
}
Event: 0.856 GC heap before
{Heap before GC invocations=8 (full 0):
 garbage-first heap   total 10240K, used 5442K [0x0000000082600000, 0x0000000100000000)
  region size 1024K, 2 young (2048K), 1 survivors (1024K)
 Metaspace       used 8861K, capacity 11536K, committed 11648K, reserved 1058816K
  class space    used 1069K, capacity 1367K, committed 1408K, reserved 1048576K
}
Event: 0.858 GC heap after
{Heap after GC invocations=9 (full 0):
 garbage-first heap   total 14336K, used 4483K [0x0000000082600000, 0x0000000100000000)
  region size 1024K, 1 young (1024K), 1 survivors (1024K)
 Metaspace       used 8861K, capacity 11536K, committed 11648K, reserved 1058816K
  class space    used 1069K, capacity 1367K, committed 1408K, reserved 1048576K
}
Event: 0.895 GC heap before
{Heap before GC invocations=10 (full 0):
 garbage-first heap   total 14336K, used 7555K [0x0000000082600000, 0x0000000100000000)
  region size 1024K, 4 young (4096K), 1 survivors (1024K)
 Metaspace       used 8956K, capacity 11619K, committed 11904K, reserved 1060864K
  class space    used 1076K, capacity 1372K, committed 1408K, reserved 1048576K
}
Event: 0.897 GC heap after
{Heap after GC invocations=11 (full 0):
 garbage-first heap   total 14336K, used 4853K [0x0000000082600000, 0x0000000100000000)
  region size 1024K, 1 young (1024K), 1 survivors (1024K)
 Metaspace       used 8956K, capacity 11619K, committed 11904K, reserved 1060864K
  class space    used 1076K, capacity 1372K, committed 1408K, reserved 1048576K
}
Event: 0.914 GC heap before
{Heap before GC invocations=11 (full 0):
 garbage-first heap   total 14336K, used 7925K [0x0000000082600000, 0x0000000100000000)
  region size 1024K, 4 young (4096K), 1 survivors (1024K)
 Metaspace       used 8971K, capacity 11620K, committed 11904K, reserved 1060864K
  class space    used 1076K, capacity 1372K, committed 1408K, reserved 1048576K
}
Event: 0.918 GC heap after
{Heap after GC invocations=12 (full 0):
 garbage-first heap   total 14336K, used 5349K [0x0000000082600000, 0x0000000100000000)
  region size 1024K, 1 young (1024K), 1 survivors (1024K)
 Metaspace       used 8971K, capacity 11620K, committed 11904K, reserved 1060864K
  class space    used 1076K, capacity 1372K, committed 1408K, reserved 1048576K
}
Event: 0.937 GC heap before
{Heap before GC invocations=12 (full 0):
 garbage-first heap   total 14336K, used 8421K [0x0000000082600000, 0x0000000100000000)
  region size 1024K, 4 young (4096K), 1 survivors (1024K)
 Metaspace       used 9029K, capacity 11654K, committed 11904K, reserved 1060864K
  class space    used 1084K, capacity 1384K, committed 1408K, reserved 1048576K
}
Event: 0.941 GC heap after
{Heap after GC invocations=13 (full 0):
 garbage-first heap   total 14336K, used 5652K [0x0000000082600000, 0x0000000100000000)
  region size 1024K, 1 young (1024K), 1 survivors (1024K)
 Metaspace       used 9029K, capacity 11654K, committed 11904K, reserved 1060864K
  class space    used 1084K, capacity 1384K, committed 1408K, reserved 1048576K
}
Event: 0.985 GC heap before
{Heap before GC invocations=13 (full 0):
 garbage-first heap   total 14336K, used 8724K [0x0000000082600000, 0x0000000100000000)
  region size 1024K, 4 young (4096K), 1 survivors (1024K)
 Metaspace       used 9164K, capacity 11788K, committed 11904K, reserved 1060864K
  class space    used 1097K, capacity 1385K, committed 1408K, reserved 1048576K
}
Event: 0.988 GC heap after
{Heap after GC invocations=14 (full 0):
 garbage-first heap   total 22528K, used 6690K [0x0000000082600000, 0x0000000100000000)
  region size 1024K, 1 young (1024K), 1 survivors (1024K)
 Metaspace       used 9164K, capacity 11788K, committed 11904K, reserved 1060864K
  class space    used 1097K, capacity 1385K, committed 1408K, reserved 1048576K
}
Event: 1.024 GC heap before
{Heap before GC invocations=14 (full 0):
 garbage-first heap   total 22528K, used 13858K [0x0000000082600000, 0x0000000100000000)
  region size 1024K, 8 young (8192K), 1 survivors (1024K)
 Metaspace       used 9212K, capacity 11826K, committed 12032K, reserved 1060864K
  class space    used 1099K, capacity 1419K, committed 1536K, reserved 1048576K
}
Event: 1.029 GC heap after
{Heap after GC invocations=15 (full 0):
 garbage-first heap   total 22528K, used 8145K [0x0000000082600000, 0x0000000100000000)
  region size 1024K, 1 young (1024K), 1 survivors (1024K)
 Metaspace       used 9212K, capacity 11826K, committed 12032K, reserved 1060864K
  class space    used 1099K, capacity 1419K, committed 1536K, reserved 1048576K
}
Event: 1.092 GC heap before
{Heap before GC invocations=15 (full 0):
 garbage-first heap   total 22528K, used 13265K [0x0000000082600000, 0x0000000100000000)
  region size 1024K, 6 young (6144K), 1 survivors (1024K)
 Metaspace       used 9625K, capacity 12125K, committed 12288K, reserved 1060864K
  class space    used 1143K, capacity 1432K, committed 1536K, reserved 1048576K
}
Event: 1.097 GC heap after
{Heap after GC invocations=16 (full 0):
 garbage-first heap   total 22528K, used 9216K [0x0000000082600000, 0x0000000100000000)
  region size 1024K, 1 young (1024K), 1 survivors (1024K)
 Metaspace       used 9625K, capacity 12125K, committed 12288K, reserved 1060864K
  class space    used 1143K, capacity 1432K, committed 1536K, reserved 1048576K
}

Deoptimization events (20 events):
Event: 1.155 Thread 0x000001c0c8940000 Uncommon trap: trap_request=0xffffff45 fr.pc=0x000001c0da43008c relative=0x0000000000000b2c
Event: 1.155 Thread 0x000001c0c8940000 Uncommon trap: reason=unstable_if action=reinterpret pc=0x000001c0da43008c method=com.sun.tools.javac.util.ArrayUtils.ensureCapacity([BI)[B @ 3 c2
Event: 1.155 Thread 0x000001c0c8940000 DEOPT PACKING pc=0x000001c0da43008c sp=0x0000008e2d7fcaa0
Event: 1.155 Thread 0x000001c0c8940000 DEOPT UNPACKING pc=0x000001c0d293912f sp=0x0000008e2d7fc9c8 mode 2
Event: 1.158 Thread 0x000001c0c8940000 Uncommon trap: trap_request=0xffffffde fr.pc=0x000001c0da439de0 relative=0x0000000000000200
Event: 1.158 Thread 0x000001c0c8940000 Uncommon trap: reason=class_check action=maybe_recompile pc=0x000001c0da439de0 method=com.sun.tools.javac.file.BaseFileManager.getKind(Ljava/nio/file/Path;)Ljavax/tools/JavaFileObject$Kind; @ 1 c2
Event: 1.158 Thread 0x000001c0c8940000 DEOPT PACKING pc=0x000001c0da439de0 sp=0x0000008e2d7fcd40
Event: 1.158 Thread 0x000001c0c8940000 DEOPT UNPACKING pc=0x000001c0d293912f sp=0x0000008e2d7fcc90 mode 2
Event: 1.168 Thread 0x000001c0c8940000 Uncommon trap: trap_request=0xffffffde fr.pc=0x000001c0da439de0 relative=0x0000000000000200
Event: 1.168 Thread 0x000001c0c8940000 Uncommon trap: reason=class_check action=maybe_recompile pc=0x000001c0da439de0 method=com.sun.tools.javac.file.BaseFileManager.getKind(Ljava/nio/file/Path;)Ljavax/tools/JavaFileObject$Kind; @ 1 c2
Event: 1.168 Thread 0x000001c0c8940000 DEOPT PACKING pc=0x000001c0da439de0 sp=0x0000008e2d7fdb20
Event: 1.168 Thread 0x000001c0c8940000 DEOPT UNPACKING pc=0x000001c0d293912f sp=0x0000008e2d7fda70 mode 2
Event: 1.170 Thread 0x000001c0c8940000 Uncommon trap: trap_request=0xffffffde fr.pc=0x000001c0da439de0 relative=0x0000000000000200
Event: 1.170 Thread 0x000001c0c8940000 Uncommon trap: reason=class_check action=maybe_recompile pc=0x000001c0da439de0 method=com.sun.tools.javac.file.BaseFileManager.getKind(Ljava/nio/file/Path;)Ljavax/tools/JavaFileObject$Kind; @ 1 c2
Event: 1.170 Thread 0x000001c0c8940000 DEOPT PACKING pc=0x000001c0da439de0 sp=0x0000008e2d7fdb20
Event: 1.170 Thread 0x000001c0c8940000 DEOPT UNPACKING pc=0x000001c0d293912f sp=0x0000008e2d7fda70 mode 2
Event: 1.181 Thread 0x000001c0c8940000 Uncommon trap: trap_request=0xffffffc6 fr.pc=0x000001c0da40248c relative=0x0000000000000b6c
Event: 1.181 Thread 0x000001c0c8940000 Uncommon trap: reason=bimorphic_or_optimized_type_check action=maybe_recompile pc=0x000001c0da40248c method=java.util.HashMap.putVal(ILjava/lang/Object;Ljava/lang/Object;ZZ)Ljava/lang/Object; @ 253 c2
Event: 1.181 Thread 0x000001c0c8940000 DEOPT PACKING pc=0x000001c0da40248c sp=0x0000008e2d7ff240
Event: 1.181 Thread 0x000001c0c8940000 DEOPT UNPACKING pc=0x000001c0d293912f sp=0x0000008e2d7ff198 mode 2

Classes unloaded (0 events):
No events

Classes redefined (0 events):
No events

Internal exceptions (20 events):
Event: 0.672 Thread 0x000001c0c8940000 Exception <a 'sun/nio/fs/WindowsException'{0x0000000082d59590}> (0x0000000082d59590) 
thrown [./open/src/hotspot/share/prims/jni.cpp, line 599]
Event: 0.672 Thread 0x000001c0c8940000 Exception <a 'sun/nio/fs/WindowsException'{0x0000000082d5a310}> (0x0000000082d5a310) 
thrown [./open/src/hotspot/share/prims/jni.cpp, line 599]
Event: 0.672 Thread 0x000001c0c8940000 Exception <a 'sun/nio/fs/WindowsException'{0x0000000082d5a570}> (0x0000000082d5a570) 
thrown [./open/src/hotspot/share/prims/jni.cpp, line 599]
Event: 0.702 Thread 0x000001c0c8940000 Exception <a 'java/lang/NoSuchMethodError'{0x0000000082f31580}: 'int java.lang.invoke.DirectMethodHandle$Holder.invokeSpecial(java.lang.Object, java.lang.Object, java.lang.Object, java.lang.Object)'> (0x0000000082f31580) 
thrown [./open/src/hotspot/share/interpreter/linkResolver.cpp, line 766]
Event: 0.706 Thread 0x000001c0c8940000 Exception <a 'java/lang/NoSuchMethodError'{0x0000000082f42d80}: 'java.lang.Object java.lang.invoke.DirectMethodHandle$Holder.invokeVirtual(java.lang.Object, java.lang.Object, java.lang.Object, int, int)'> (0x0000000082f42d80) 
thrown [./open/src/hotspot/share/interpreter/linkResolver.cpp, line 766]
Event: 0.707 Thread 0x000001c0c8940000 Exception <a 'java/lang/NoSuchMethodError'{0x0000000082f49210}: 'java.lang.Object java.lang.invoke.DirectMethodHandle$Holder.invokeVirtual(java.lang.Object, java.lang.Object, int)'> (0x0000000082f49210) 
thrown [./open/src/hotspot/share/interpreter/linkResolver.cpp, line 766]
Event: 0.709 Thread 0x000001c0c8940000 Exception <a 'java/lang/NoSuchMethodError'{0x0000000082f52578}: 'java.lang.Object java.lang.invoke.DirectMethodHandle$Holder.invokeSpecial(java.lang.Object, java.lang.Object, java.lang.Object, int, int)'> (0x0000000082f52578) 
thrown [./open/src/hotspot/share/interpreter/linkResolver.cpp, line 766]
Event: 0.814 Thread 0x000001c0c8940000 Exception <a 'sun/nio/fs/WindowsException'{0x0000000082e18fb0}> (0x0000000082e18fb0) 
thrown [./open/src/hotspot/share/prims/jni.cpp, line 599]
Event: 0.820 Thread 0x000001c0c8940000 Exception <a 'sun/nio/fs/WindowsException'{0x0000000082e39bc8}> (0x0000000082e39bc8) 
thrown [./open/src/hotspot/share/prims/jni.cpp, line 599]
Event: 0.825 Thread 0x000001c0c8940000 Exception <a 'java/lang/NoSuchMethodError'{0x0000000082e514c8}: 'int java.lang.invoke.DirectMethodHandle$Holder.invokeSpecial(java.lang.Object, java.lang.Object, java.lang.Object, java.lang.Object, java.lang.Object)'> (0x0000000082e514c8) 
thrown [./open/src/hotspot/share/interpreter/linkResolver.cpp, line 766]
Event: 0.876 Thread 0x000001c0c8940000 Exception <a 'sun/nio/fs/WindowsException'{0x0000000083396160}> (0x0000000083396160) 
thrown [./open/src/hotspot/share/prims/jni.cpp, line 599]
Event: 0.876 Thread 0x000001c0c8940000 Exception <a 'sun/nio/fs/WindowsException'{0x0000000083396370}> (0x0000000083396370) 
thrown [./open/src/hotspot/share/prims/jni.cpp, line 599]
Event: 0.876 Thread 0x000001c0c8940000 Exception <a 'sun/nio/fs/WindowsException'{0x0000000083397500}> (0x0000000083397500) 
thrown [./open/src/hotspot/share/prims/jni.cpp, line 599]
Event: 0.876 Thread 0x000001c0c8940000 Exception <a 'sun/nio/fs/WindowsException'{0x0000000083397690}> (0x0000000083397690) 
thrown [./open/src/hotspot/share/prims/jni.cpp, line 599]
Event: 0.903 Thread 0x000001c0c8940000 Exception <a 'sun/nio/fs/WindowsException'{0x0000000083397f78}> (0x0000000083397f78) 
thrown [./open/src/hotspot/share/prims/jni.cpp, line 599]
Event: 0.903 Thread 0x000001c0c8940000 Exception <a 'sun/nio/fs/WindowsException'{0x0000000083398188}> (0x0000000083398188) 
thrown [./open/src/hotspot/share/prims/jni.cpp, line 599]
Event: 0.903 Thread 0x000001c0c8940000 Exception <a 'sun/nio/fs/WindowsException'{0x0000000083399088}> (0x0000000083399088) 
thrown [./open/src/hotspot/share/prims/jni.cpp, line 599]
Event: 0.903 Thread 0x000001c0c8940000 Exception <a 'sun/nio/fs/WindowsException'{0x0000000083399220}> (0x0000000083399220) 
thrown [./open/src/hotspot/share/prims/jni.cpp, line 599]
Event: 0.934 Thread 0x000001c0c8940000 Exception <a 'java/lang/NoSuchMethodError'{0x00000000831efab8}: 'java.lang.Object java.lang.invoke.DirectMethodHandle$Holder.invokeStatic(java.lang.Object, java.lang.Object, int, int)'> (0x00000000831efab8) 
thrown [./open/src/hotspot/share/interpreter/linkResolver.cpp, line 766]
Event: 1.165 Thread 0x000001c0c8940000 Exception <a 'java/lang/NoSuchMethodError'{0x00000000839fbd28}: 'void java.lang.invoke.DirectMethodHandle$Holder.invokeVirtual(java.lang.Object, java.lang.Object)'> (0x00000000839fbd28) 
thrown [./open/src/hotspot/share/interpreter/linkResolver.cpp, line 766]

Events (20 events):
Event: 1.072 loading class java/util/stream/Node$OfInt done
Event: 1.072 loading class java/util/stream/Nodes$EmptyNode$OfInt done
Event: 1.072 loading class java/util/stream/Nodes$EmptyNode$OfLong
Event: 1.073 loading class java/util/stream/Node$OfLong
Event: 1.073 loading class java/util/stream/Node$OfLong done
Event: 1.073 loading class java/util/stream/Nodes$EmptyNode$OfLong done
Event: 1.073 loading class java/util/stream/Nodes$EmptyNode$OfDouble
Event: 1.073 loading class java/util/stream/Node$OfDouble
Event: 1.073 loading class java/util/stream/Node$OfDouble done
Event: 1.073 loading class java/util/stream/Nodes$EmptyNode$OfDouble done
Event: 1.073 loading class java/util/stream/Nodes$FixedNodeBuilder
Event: 1.073 loading class java/util/stream/Node$Builder
Event: 1.073 loading class java/util/stream/Node$Builder done
Event: 1.073 loading class java/util/stream/Nodes$ArrayNode
Event: 1.073 loading class java/util/stream/Nodes$ArrayNode done
Event: 1.073 loading class java/util/stream/Nodes$FixedNodeBuilder done
Event: 1.092 Executing VM operation: G1CollectForAllocation
Event: 1.097 Executing VM operation: G1CollectForAllocation done
Event: 1.191 Executing VM operation: ICBufferFull
Event: 1.191 Executing VM operation: ICBufferFull done


Dynamic libraries:
0x00007ff635220000 - 0x00007ff635227000 	C:\Program Files\Java\jdk-14.0.2\bin\javac.exe
0x00007fface6d0000 - 0x00007fface8c6000 	C:\WINDOWS\SYSTEM32\ntdll.dll
0x00007ffacdbb0000 - 0x00007ffacdc6d000 	C:\WINDOWS\System32\KERNEL32.DLL
0x00007ffacc230000 - 0x00007ffacc4f8000 	C:\WINDOWS\System32\KERNELBASE.dll
0x00007ffac9490000 - 0x00007ffac9520000 	C:\WINDOWS\SYSTEM32\apphelp.dll
0x00007ffacc630000 - 0x00007ffacc730000 	C:\WINDOWS\System32\ucrtbase.dll
0x00007ffac6e80000 - 0x00007ffac6e98000 	C:\Program Files\Java\jdk-14.0.2\bin\jli.dll
0x00007ffab7b50000 - 0x00007ffab7b65000 	C:\Program Files\Java\jdk-14.0.2\bin\VCRUNTIME140.dll
0x00007ffacc7b0000 - 0x00007ffacc85c000 	C:\WINDOWS\System32\ADVAPI32.dll
0x00007fface000000 - 0x00007fface09e000 	C:\WINDOWS\System32\msvcrt.dll
0x00007ffacdc70000 - 0x00007ffacdd0b000 	C:\WINDOWS\System32\sechost.dll
0x00007ffacdea0000 - 0x00007ffacdfc4000 	C:\WINDOWS\System32\RPCRT4.dll
0x00007ffacd850000 - 0x00007ffacd9f0000 	C:\WINDOWS\System32\USER32.dll
0x00007ffacc600000 - 0x00007ffacc622000 	C:\WINDOWS\System32\win32u.dll
0x00007ffaa7b00000 - 0x00007ffaa7d9b000 	C:\WINDOWS\WinSxS\amd64_microsoft.windows.common-controls_6595b64144ccf1df_6.0.19041.488_none_ca04af081b815d21\COMCTL32.dll
0x00007fface660000 - 0x00007fface68a000 	C:\WINDOWS\System32\GDI32.dll
0x00007ffacbe10000 - 0x00007ffacbf19000 	C:\WINDOWS\System32\gdi32full.dll
0x00007ffacbf20000 - 0x00007ffacbfbd000 	C:\WINDOWS\System32\msvcp_win.dll
0x00007ffac97a0000 - 0x00007ffac97aa000 	C:\WINDOWS\SYSTEM32\VERSION.dll
0x00007ffacdfd0000 - 0x00007fface000000 	C:\WINDOWS\System32\IMM32.DLL
0x00007ffa9b7c0000 - 0x00007ffa9b85b000 	C:\Program Files\Java\jdk-14.0.2\bin\msvcp140.dll
0x00007ffa5d2e0000 - 0x00007ffa5ddfe000 	C:\Program Files\Java\jdk-14.0.2\bin\server\jvm.dll
0x00007ffacc860000 - 0x00007ffacc868000 	C:\WINDOWS\System32\PSAPI.DLL
0x00007ffac0b80000 - 0x00007ffac0ba7000 	C:\WINDOWS\SYSTEM32\WINMM.dll
0x00007ffabbe80000 - 0x00007ffabbe89000 	C:\WINDOWS\SYSTEM32\WSOCK32.dll
0x00007ffacda70000 - 0x00007ffacdadb000 	C:\WINDOWS\System32\WS2_32.dll
0x00007ffac9c80000 - 0x00007ffac9c92000 	C:\WINDOWS\SYSTEM32\kernel.appcore.dll
0x00007ffac9790000 - 0x00007ffac979a000 	C:\Program Files\Java\jdk-14.0.2\bin\jimage.dll
0x00007ffac3930000 - 0x00007ffac3b14000 	C:\WINDOWS\SYSTEM32\DBGHELP.DLL
0x00007ffac3620000 - 0x00007ffac364c000 	C:\WINDOWS\SYSTEM32\dbgcore.DLL
0x00007ffacc530000 - 0x00007ffacc5af000 	C:\WINDOWS\System32\bcryptPrimitives.dll
0x00007ffab78b0000 - 0x00007ffab78d5000 	C:\Program Files\Java\jdk-14.0.2\bin\java.dll
0x00007ffab74e0000 - 0x00007ffab74f6000 	C:\Program Files\Java\jdk-14.0.2\bin\zip.dll
0x00007ffaccfd0000 - 0x00007ffacd711000 	C:\WINDOWS\System32\SHELL32.dll
0x00007ffac9f60000 - 0x00007ffaca6f5000 	C:\WINDOWS\SYSTEM32\windows.storage.dll
0x00007fface250000 - 0x00007fface5a5000 	C:\WINDOWS\System32\combase.dll
0x00007ffacb880000 - 0x00007ffacb8ac000 	C:\WINDOWS\SYSTEM32\Wldp.dll
0x00007fface5b0000 - 0x00007fface65e000 	C:\WINDOWS\System32\SHCORE.dll
0x00007ffacdb50000 - 0x00007ffacdba5000 	C:\WINDOWS\System32\shlwapi.dll
0x00007ffacbd40000 - 0x00007ffacbd66000 	C:\WINDOWS\SYSTEM32\profapi.dll
0x00007ffab72c0000 - 0x00007ffab72d9000 	C:\Program Files\Java\jdk-14.0.2\bin\net.dll
0x00007ffac1890000 - 0x00007ffac1990000 	C:\WINDOWS\SYSTEM32\WINHTTP.dll
0x00007ffacb600000 - 0x00007ffacb66a000 	C:\WINDOWS\system32\mswsock.dll
0x00007ffab7280000 - 0x00007ffab7292000 	C:\Program Files\Java\jdk-14.0.2\bin\nio.dll

dbghelp: loaded successfully - version: 4.0.5 - missing functions: none
symbol engine: initialized successfully - sym options: 0x614 - pdb path: .;C:\Program Files\Java\jdk-14.0.2\bin;C:\WINDOWS\SYSTEM32;C:\WINDOWS\WinSxS\amd64_microsoft.windows.common-controls_6595b64144ccf1df_6.0.19041.488_none_ca04af081b815d21;C:\Program Files\Java\jdk-14.0.2\bin\server

VM Arguments:
jvm_args: -Dapplication.home=C:\Program Files\Java\jdk-14.0.2 --add-modules=ALL-DEFAULT -Xms8m -Djdk.module.main=jdk.compiler 
java_command: jdk.compiler/com.sun.tools.javac.Main -d E:\libraryProject\build\classes -classpath E:\libraryProject\build\classes;E:\libraryProject\src\libraryproject\Jar\mysql-connector-java-5.1.49.jar;E:\libraryProject\src\libraryproject\Jar\rs2xml.jar;E:\libraryProject\src\libraryproject\Jar\jcalendar-tz-1.3.3-4.jar -sourcepath E:\libraryProject\src -target 14 -encoding UTF-8 -g -processorpath E:\libraryProject\src\libraryproject\Jar\mysql-connector-java-5.1.49.jar;E:\libraryProject\src\libraryproject\Jar\rs2xml.jar;E:\libraryProject\src\libraryproject\Jar\jcalendar-tz-1.3.3-4.jar;E:\libraryProject\build\empty -s E:\libraryProject\build\generated-sources\ap-source-output -source 14 E:\libraryProject\src\libraryproject\Login_user.java
java_class_path (initial): <not set>
Launcher Type: SUN_STANDARD

[Global flags]
     intx CICompilerCount                          = 4                                         {product} {ergonomic}
     uint ConcGCThreads                            = 2                                         {product} {ergonomic}
     uint G1ConcRefinementThreads                  = 8                                         {product} {ergonomic}
   size_t G1HeapRegionSize                         = 1048576                                   {product} {ergonomic}
    uintx GCDrainStackTargetSize                   = 64                                        {product} {ergonomic}
   size_t InitialHeapSize                          = 8388608                                   {product} {command line}
   size_t MarkStackSize                            = 4194304                                   {product} {ergonomic}
   size_t MaxHeapSize                              = 2107637760                                {product} {ergonomic}
   size_t MaxNewSize                               = 1264582656                                {product} {ergonomic}
   size_t MinHeapDeltaBytes                        = 1048576                                   {product} {ergonomic}
   size_t MinHeapSize                              = 8388608                                   {product} {command line}
    uintx NonNMethodCodeHeapSize                   = 5839372                                {pd product} {ergonomic}
    uintx NonProfiledCodeHeapSize                  = 122909434                              {pd product} {ergonomic}
    uintx ProfiledCodeHeapSize                     = 122909434                              {pd product} {ergonomic}
    uintx ReservedCodeCacheSize                    = 251658240                              {pd product} {ergonomic}
     bool SegmentedCodeCache                       = true                                      {product} {ergonomic}
   size_t SoftMaxHeapSize                          = 2107637760                             {manageable} {ergonomic}
     bool UseCompressedClassPointers               = true                                 {lp64_product} {ergonomic}
     bool UseCompressedOops                        = true                                 {lp64_product} {ergonomic}
     bool UseG1GC                                  = true                                      {product} {ergonomic}
     bool UseLargePagesIndividualAllocation        = false                                  {pd product} {ergonomic}

Logging:
Log output configuration:
 #0: stdout all=warning uptime,level,tags
 #1: stderr all=off uptime,level,tags

Environment Variables:
PATH=D:\app\oracle\product\10.2.0\server\bin;C:\WINDOWS\system32;C:\WINDOWS;C:\WINDOWS\System32\Wbem;C:\WINDOWS\System32\WindowsPowerShell\v1.0\;C:\WINDOWS\System32\OpenSSH\;C:\Program Files (x86)\Intel\Intel(R) Management Engine Components\DAL;C:\Program Files\Intel\Intel(R) Management Engine Components\DAL;C:\Program Files\Intel\WiFi\bin\;C:\Program Files\Common Files\Intel\WirelessCommon\;C:\Program Files\NVIDIA Corporation\NVIDIA NvDLISR;C:\Program Files\Java\jdk-14.0.2\bin;D:\python;C:\Program Files (x86)\NVIDIA Corporation\PhysX\Common;C:\Program Files\Git\cmd;C:\Program Files\MySQL\MySQL Shell 8.0\bin\;C:\Users\khushwant singh\miniconda3;C:\Users\khushwant singh\miniconda3\Library\mingw-w64\bin;C:\Users\khushwant singh\miniconda3\Library\usr\bin;C:\Users\khushwant singh\miniconda3\Library\bin;C:\Users\khushwant singh\miniconda3\Scripts;C:\Users\khushwant singh\AppData\Local\Programs\Python\Python38-32\Scripts\;C:\Users\khushwant singh\AppData\Local\Programs\Python\Python38-32\;C:\Users\khushwant singh\AppData\Local\Microsoft\WindowsApps;C:\Program Files\Intel\WiFi\bin\;C:\Program Files\Common Files\Intel\WirelessCommon\;C:\Program Files\JetBrains\PyCharm Community Edition 2020.2.1\bin;C:\Program Files\JetBrains\IntelliJ IDEA Community Edition 2020.2.1\bin;C:\Users\khushwant singh\AppData\Local\Programs\Microsoft VS Code\bin;C:\Users\khushwant singh\AppData\Local\atom\bin
USERNAME=khushwant singh
OS=Windows_NT
PROCESSOR_IDENTIFIER=Intel64 Family 6 Model 158 Stepping 10, GenuineIntel



---------------  S Y S T E M  ---------------

OS: Windows 10 , 64 bit Build 19041 (10.0.19041.546)
OS uptime: 13 days 4:47 hours

CPU:total 8 (initial active 8) (4 cores per cpu, 2 threads per core) family 6 model 158 stepping 10, cmov, cx8, fxsr, mmx, sse, sse2, sse3, ssse3, sse4.1, sse4.2, popcnt, avx, avx2, aes, clmul, erms, 3dnowpref, lzcnt, ht, tsc, tscinvbit, bmi1, bmi2, adx, fma

Memory: 4k page, system-wide physical 8034M (416M free)
TotalPageFile size 23153M (AvailPageFile size 4M)
current process WorkingSet (physical memory assigned to process): 101M, peak: 101M
current process commit charge ("private bytes"): 137M, peak: 138M

vm_info: Java HotSpot(TM) 64-Bit Server VM (14.0.2+12-46) for windows-amd64 JRE (14.0.2+12-46), built on Jul  9 2020 00:35:52 by "mach5one" with MS VC++ 15.9 (VS2017)

END.
