#
# There is insufficient memory for the Java Runtime Environment to continue.
# Native memory allocation (malloc) failed to allocate 114816 bytes for Chunk::new
# Possible reasons:
#   The system is out of physical RAM or swap space
#   The process is running with CompressedOops enabled, and the Java Heap may be blocking the growth of the native heap
# Possible solutions:
#   Reduce memory load on the system
#   Increase physical memory or swap space
#   Check if swap backing store is full
#   Decrease Java heap size (-Xmx/-Xms)
#   Decrease number of Java threads
#   Decrease Java thread stack sizes (-Xss)
#   Set larger code cache with -XX:ReservedCodeCacheSize=
#   JVM is running with Unscaled Compressed Oops mode in which the Java heap is
#     placed in the first 4GB address space. The Java Heap base address is the
#     maximum limit for the native heap growth. Please use -XX:HeapBaseMinAddress
#     to set the Java Heap base and to place the Java Heap above 4GB virtual address.
# This output file may be truncated or incomplete.
#
#  Out of Memory Error (./open/src/hotspot/share/memory/arena.cpp:195), pid=16416, tid=7816
#
# JRE version: Java(TM) SE Runtime Environment (14.0.2+12) (build 14.0.2+12-46)
# Java VM: Java HotSpot(TM) 64-Bit Server VM (14.0.2+12-46, mixed mode, tiered, compressed oops, g1 gc, windows-amd64)
# No core dump will be written. Minidumps are not enabled by default on client versions of Windows
#

---------------  S U M M A R Y ------------

Command Line: -Dapplication.home=C:\Program Files\Java\jdk-14.0.2 --add-modules=ALL-DEFAULT -Xms8m -Djdk.module.main=jdk.compiler jdk.compiler/com.sun.tools.javac.Main -d E:\libraryProject\build\classes -classpath E:\libraryProject\build\classes;E:\libraryProject\src\libraryproject\Jar\mysql-connector-java-5.1.49.jar;E:\libraryProject\src\libraryproject\Jar\rs2xml.jar;E:\libraryProject\src\libraryproject\Jar\jcalendar-tz-1.3.3-4.jar -sourcepath E:\libraryProject\src -target 14 -encoding UTF-8 -g -processorpath E:\libraryProject\src\libraryproject\Jar\mysql-connector-java-5.1.49.jar;E:\libraryProject\src\libraryproject\Jar\rs2xml.jar;E:\libraryProject\src\libraryproject\Jar\jcalendar-tz-1.3.3-4.jar;E:\libraryProject\build\empty -s E:\libraryProject\build\generated-sources\ap-source-output -source 14 E:\libraryProject\src\libraryproject\aboutUs.java

Host: Intel(R) Core(TM) i5-8300H CPU @ 2.30GHz, 8 cores, 7G,  Windows 10 , 64 bit Build 19041 (10.0.19041.546)
Time: Mon Nov 30 15:24:09 2020 India Standard Time elapsed time: 0 seconds (0d 0h 0m 0s)

---------------  T H R E A D  ---------------

Current thread (0x0000024047d48800):  JavaThread "C2 CompilerThread0" daemon [_thread_in_native, id=7816, stack(0x0000006143600000,0x0000006143700000)]


Current CompileTask:
C2:    229  329       4       java.util.HashMap::putVal (300 bytes)

Stack: [0x0000006143600000,0x0000006143700000]
Native frames: (J=compiled Java code, j=interpreted, Vv=VM code, C=native code)
V  [jvm.dll+0x5f8a9a]
V  [jvm.dll+0x74247a]
V  [jvm.dll+0x743c2f]
V  [jvm.dll+0x744273]
V  [jvm.dll+0x20d288]
V  [jvm.dll+0xabb07]
V  [jvm.dll+0xac1fc]
V  [jvm.dll+0x276db4]
V  [jvm.dll+0x50cffa]
V  [jvm.dll+0x1ee036]
V  [jvm.dll+0x1e77c9]
V  [jvm.dll+0x1e4f98]
V  [jvm.dll+0x1779cc]
V  [jvm.dll+0x1f4105]
V  [jvm.dll+0x1f22eb]
V  [jvm.dll+0x7070cd]
V  [jvm.dll+0x6ffeda]
V  [jvm.dll+0x5f78f6]
C  [ucrtbase.dll+0x214c2]
C  [KERNEL32.DLL+0x17034]
C  [ntdll.dll+0x4cec1]


---------------  P R O C E S S  ---------------

Threads class SMR info:
_java_thread_list=0x00000240888e4380, length=12, elements={
0x0000024028d49000, 0x0000024047d2d000, 0x0000024047d2e800, 0x0000024047d41800,
0x0000024047d45800, 0x0000024047d47800, 0x0000024047d48800, 0x0000024047d61000,
0x0000024047d6a800, 0x0000024047cbd800, 0x00000240887ab000, 0x0000024088908800
}

Java Threads: ( => current thread )
  0x0000024028d49000 JavaThread "main" [_thread_blocked, id=20392, stack(0x0000006142a00000,0x0000006142b00000)]
  0x0000024047d2d000 JavaThread "Reference Handler" daemon [_thread_blocked, id=5768, stack(0x0000006143100000,0x0000006143200000)]
  0x0000024047d2e800 JavaThread "Finalizer" daemon [_thread_blocked, id=12752, stack(0x0000006143200000,0x0000006143300000)]
  0x0000024047d41800 JavaThread "Signal Dispatcher" daemon [_thread_blocked, id=9772, stack(0x0000006143300000,0x0000006143400000)]
  0x0000024047d45800 JavaThread "Attach Listener" daemon [_thread_blocked, id=3128, stack(0x0000006143400000,0x0000006143500000)]
  0x0000024047d47800 JavaThread "Service Thread" daemon [_thread_blocked, id=3172, stack(0x0000006143500000,0x0000006143600000)]
=>0x0000024047d48800 JavaThread "C2 CompilerThread0" daemon [_thread_in_native, id=7816, stack(0x0000006143600000,0x0000006143700000)]
  0x0000024047d61000 JavaThread "C1 CompilerThread0" daemon [_thread_in_native, id=4324, stack(0x0000006143700000,0x0000006143800000)]
  0x0000024047d6a800 JavaThread "Sweeper thread" daemon [_thread_blocked, id=17896, stack(0x0000006143800000,0x0000006143900000)]
  0x0000024047cbd800 JavaThread "Common-Cleaner" daemon [_thread_blocked, id=15540, stack(0x0000006143900000,0x0000006143a00000)]
  0x00000240887ab000 JavaThread "C2 CompilerThread1" daemon [_thread_blocked, id=8512, stack(0x0000006143a00000,0x0000006143b00000)]
  0x0000024088908800 JavaThread "Notification Thread" daemon [_thread_blocked, id=15180, stack(0x0000006143b00000,0x0000006143c00000)]

Other Threads:
  0x0000024047d09000 VMThread "VM Thread" [stack: 0x0000006143000000,0x0000006143100000] [id=19344]
  0x000002408895d000 WatcherThread [stack: 0x0000006143c00000,0x0000006143d00000] [id=19712]
  0x0000024028d8f800 GCTaskThread "GC Thread#0" [stack: 0x0000006142b00000,0x0000006142c00000] [id=13968]
  0x0000024088a2b000 GCTaskThread "GC Thread#1" [stack: 0x0000006143d00000,0x0000006143e00000] [id=1740]
  0x0000024028da2800 ConcurrentGCThread "G1 Main Marker" [stack: 0x0000006142c00000,0x0000006142d00000] [id=13552]
  0x0000024028da3800 ConcurrentGCThread "G1 Conc#0" [stack: 0x0000006142d00000,0x0000006142e00000] [id=4472]
  0x00000240889a5800 ConcurrentGCThread "G1 Conc#1" [stack: 0x0000006143e00000,0x0000006143f00000] [id=19096]
  0x0000024028dcd000 ConcurrentGCThread "G1 Refine#0" [stack: 0x0000006142e00000,0x0000006142f00000] [id=19060]
  0x0000024028dd0000 ConcurrentGCThread "G1 Young RemSet Sampling" [stack: 0x0000006142f00000,0x0000006143000000] [id=4544]

Threads with active compile tasks:
C2 CompilerThread0      253  329       4       java.util.HashMap::putVal (300 bytes)
C1 CompilerThread0      253  341       3       com.sun.tools.javac.main.Option::matches (204 bytes)

VM state:at safepoint (normal execution)

VM Mutex/Monitor currently owned by a thread:  ([mutex/lock_event])
[0x0000024028d372e0] Threads_lock - owner thread: 0x0000024047d09000
[0x0000024028d37520] Heap_lock - owner thread: 0x0000024028d49000

Heap address: 0x0000000082600000, size: 2010 MB, Compressed Oops mode: 32-bit
Narrow klass base: 0x0000000000000000, Narrow klass shift: 3
Compressed class space size: 1073741824 Address: 0x0000000100000000

Heap:
 garbage-first heap   total 8192K, used 1084K [0x0000000082600000, 0x0000000100000000)
  region size 1024K, 2 young (2048K), 1 survivors (1024K)
 Metaspace       used 7226K, capacity 7368K, committed 7424K, reserved 1079296K
  class space    used 684K, capacity 756K, committed 768K, reserved 1048576K
Heap Regions: E=young(eden), S=young(survivor), O=old, HS=humongous(starts), HC=humongous(continues), CS=collection set, F=free, OA=open archive, CA=closed archive, TAMS=top-at-mark-start (previous, next)
|   0|0x0000000082600000, 0x00000000826eed30, 0x0000000082700000| 93%| O|  |TAMS 0x0000000082600000, 0x0000000082600000| Untracked 
|   1|0x0000000082700000, 0x0000000082700000, 0x0000000082800000|  0%| F|  |TAMS 0x0000000082700000, 0x0000000082700000| Untracked 
|   2|0x0000000082800000, 0x0000000082800000, 0x0000000082900000|  0%| F|  |TAMS 0x0000000082800000, 0x0000000082800000| Untracked 
|   3|0x0000000082900000, 0x0000000082900000, 0x0000000082a00000|  0%| F|  |TAMS 0x0000000082900000, 0x0000000082900000| Untracked 
|   4|0x0000000082a00000, 0x0000000082aeeca0, 0x0000000082b00000| 93%| E|CS|TAMS 0x0000000082a00000, 0x0000000082aeeca0| Complete 
|   5|0x0000000082b00000, 0x0000000082b00000, 0x0000000082c00000|  0%| F|  |TAMS 0x0000000082b00000, 0x0000000082b00000| Untracked 
|   6|0x0000000082c00000, 0x0000000082c29c30, 0x0000000082d00000| 16%| S|  |TAMS 0x0000000082c00000, 0x0000000082c00000| Complete 
|   7|0x0000000082d00000, 0x0000000082d20608, 0x0000000082e00000| 12%| E|CS|TAMS 0x0000000082d00000, 0x0000000082d20608| Complete 

Card table byte_map: [0x0000024040c30000,0x0000024041020000] _byte_map_base: 0x000002404081d000

Marking Bits (Prev, Next): (CMBitMap*) 0x0000024028d90458, (CMBitMap*) 0x0000024028d90418
 Prev Bits: [0x0000024043380000, 0x00000240452e8000)
 Next Bits: [0x0000024041410000, 0x0000024043378000)

Polling page: 0x0000024026d20000

Metaspace:

Usage:
  Non-class:      6.46 MB capacity,     6.39 MB ( 99%) used,    64.43 KB ( <1%) free+waste,     6.00 KB ( <1%) overhead. 
      Class:    756.00 KB capacity,   684.87 KB ( 91%) used,    67.95 KB (  9%) free+waste,     3.19 KB ( <1%) overhead. 
       Both:      7.20 MB capacity,     7.06 MB ( 98%) used,   132.38 KB (  2%) free+waste,     9.19 KB ( <1%) overhead. 

Virtual space:
  Non-class space:       30.00 MB reserved,       6.50 MB ( 22%) committed 
      Class space:        1.00 GB reserved,     768.00 KB ( <1%) committed 
             Both:        1.03 GB reserved,       7.25 MB ( <1%) committed 

Chunk freelists:
   Non-Class:  44.00 KB
       Class:  12.00 KB
        Both:  56.00 KB

MaxMetaspaceSize: 17179869184.00 GB
CompressedClassSpaceSize: 1.00 GB

CodeHeap 'non-profiled nmethods': size=120000Kb used=96Kb max_used=96Kb free=119903Kb
 bounds [0x0000024038fd0000, 0x0000024039240000, 0x0000024040500000]
CodeHeap 'profiled nmethods': size=120000Kb used=420Kb max_used=420Kb free=119579Kb
 bounds [0x0000024031aa0000, 0x0000024031d10000, 0x0000024038fd0000]
CodeHeap 'non-nmethods': size=5760Kb used=1094Kb max_used=1108Kb free=4665Kb
 bounds [0x0000024031500000, 0x0000024031770000, 0x0000024031aa0000]
 total_blobs=667 nmethods=339 adapters=241
 compilation: enabled
              stopped_count=0, restarted_count=0
 full_count=0

Compilation events (20 events):
Event: 0.223 Thread 0x0000024047d61000 nmethod 323 0x0000024031aff890 code [0x0000024031affc40, 0x0000024031b01798]
Event: 0.223 Thread 0x0000024047d61000  324   !   3       java.lang.invoke.MemberName::getMethodType (203 bytes)
Event: 0.224 Thread 0x0000024047d61000 nmethod 324 0x0000024031b02310 code [0x0000024031b02600, 0x0000024031b03bb8]
Event: 0.224 Thread 0x0000024047d61000  326       3       jdk.internal.jimage.ImageStringsReader::hashCode (31 bytes)
Event: 0.224 Thread 0x0000024047d61000 nmethod 326 0x0000024031b04190 code [0x0000024031b04360, 0x0000024031b04518]
Event: 0.225 Thread 0x0000024047d61000  327       3       java.lang.invoke.MethodType$ConcurrentWeakInternSet::get (47 bytes)
Event: 0.225 Thread 0x0000024047d61000 nmethod 327 0x0000024031b04610 code [0x0000024031b04840, 0x0000024031b051d8]
Event: 0.225 Thread 0x0000024047d61000  328       1       java.lang.invoke.MethodHandles$Lookup::lookupClass (5 bytes)
Event: 0.225 Thread 0x0000024047d61000 nmethod 328 0x0000024038fe7a90 code [0x0000024038fe7c20, 0x0000024038fe7cd8]
Event: 0.226 Thread 0x0000024047d48800  329       4       java.util.HashMap::putVal (300 bytes)
Event: 0.228 Thread 0x0000024047d61000  330       3       java.lang.CharacterDataLatin1::getProperties (11 bytes)
Event: 0.228 Thread 0x0000024047d61000 nmethod 330 0x0000024031b05510 code [0x0000024031b056a0, 0x0000024031b057d8]
Event: 0.228 Thread 0x0000024047d61000  333       3       java.lang.Character::toUpperCase (6 bytes)
Event: 0.228 Thread 0x0000024047d61000 nmethod 333 0x0000024031b05890 code [0x0000024031b05a40, 0x0000024031b05c78]
Event: 0.228 Thread 0x0000024047d61000  334       3       java.lang.Character::toUpperCase (9 bytes)
Event: 0.228 Thread 0x0000024047d61000 nmethod 334 0x0000024031b05d90 code [0x0000024031b05f40, 0x0000024031b06118]
Event: 0.228 Thread 0x0000024047d61000  331       3       java.lang.CharacterData::of (120 bytes)
Event: 0.228 Thread 0x0000024047d61000 nmethod 331 0x0000024031b06210 code [0x0000024031b06400, 0x0000024031b06b98]
Event: 0.228 Thread 0x0000024047d61000  332       3       java.lang.CharacterDataLatin1::toUpperCase (53 bytes)
Event: 0.228 Thread 0x0000024047d61000 nmethod 332 0x0000024031b06d90 code [0x0000024031b06f40, 0x0000024031b071d8]

GC Heap History (2 events):
Event: 0.221 GC heap before
{Heap before GC invocations=0 (full 0):
 garbage-first heap   total 8192K, used 2048K [0x0000000082600000, 0x0000000100000000)
  region size 1024K, 3 young (3072K), 0 survivors (0K)
 Metaspace       used 6934K, capacity 7106K, committed 7168K, reserved 1073152K
  class space    used 653K, capacity 754K, committed 768K, reserved 1048576K
}
Event: 0.223 GC heap after
{Heap after GC invocations=1 (full 0):
 garbage-first heap   total 8192K, used 955K [0x0000000082600000, 0x0000000100000000)
  region size 1024K, 1 young (1024K), 1 survivors (1024K)
 Metaspace       used 6934K, capacity 7106K, committed 7168K, reserved 1073152K
  class space    used 653K, capacity 754K, committed 768K, reserved 1048576K
}

Deoptimization events (16 events):
Event: 0.190 Thread 0x0000024028d49000 Uncommon trap: trap_request=0xffffffde fr.pc=0x0000024038fdde20 relative=0x0000000000000840
Event: 0.190 Thread 0x0000024028d49000 Uncommon trap: reason=class_check action=maybe_recompile pc=0x0000024038fdde20 method=java.util.HashMap.putVal(ILjava/lang/Object;Ljava/lang/Object;ZZ)Ljava/lang/Object; @ 152 c2
Event: 0.190 Thread 0x0000024028d49000 DEOPT PACKING pc=0x0000024038fdde20 sp=0x0000006142afd610
Event: 0.190 Thread 0x0000024028d49000 DEOPT UNPACKING pc=0x000002403154912f sp=0x0000006142afd590 mode 2
Event: 0.191 Thread 0x0000024028d49000 Uncommon trap: trap_request=0xffffffde fr.pc=0x0000024038fdde20 relative=0x0000000000000840
Event: 0.191 Thread 0x0000024028d49000 Uncommon trap: reason=class_check action=maybe_recompile pc=0x0000024038fdde20 method=java.util.HashMap.putVal(ILjava/lang/Object;Ljava/lang/Object;ZZ)Ljava/lang/Object; @ 152 c2
Event: 0.191 Thread 0x0000024028d49000 DEOPT PACKING pc=0x0000024038fdde20 sp=0x0000006142afd720
Event: 0.191 Thread 0x0000024028d49000 DEOPT UNPACKING pc=0x000002403154912f sp=0x0000006142afd6a0 mode 2
Event: 0.191 Thread 0x0000024028d49000 Uncommon trap: trap_request=0xffffffde fr.pc=0x0000024038fdde20 relative=0x0000000000000840
Event: 0.191 Thread 0x0000024028d49000 Uncommon trap: reason=class_check action=maybe_recompile pc=0x0000024038fdde20 method=java.util.HashMap.putVal(ILjava/lang/Object;Ljava/lang/Object;ZZ)Ljava/lang/Object; @ 152 c2
Event: 0.191 Thread 0x0000024028d49000 DEOPT PACKING pc=0x0000024038fdde20 sp=0x0000006142afd720
Event: 0.191 Thread 0x0000024028d49000 DEOPT UNPACKING pc=0x000002403154912f sp=0x0000006142afd6a0 mode 2
Event: 0.191 Thread 0x0000024028d49000 Uncommon trap: trap_request=0xffffffde fr.pc=0x0000024038fdde20 relative=0x0000000000000840
Event: 0.191 Thread 0x0000024028d49000 Uncommon trap: reason=class_check action=maybe_recompile pc=0x0000024038fdde20 method=java.util.HashMap.putVal(ILjava/lang/Object;Ljava/lang/Object;ZZ)Ljava/lang/Object; @ 152 c2
Event: 0.191 Thread 0x0000024028d49000 DEOPT PACKING pc=0x0000024038fdde20 sp=0x0000006142afd720
Event: 0.191 Thread 0x0000024028d49000 DEOPT UNPACKING pc=0x000002403154912f sp=0x0000006142afd6a0 mode 2

Classes unloaded (0 events):
No events

Classes redefined (0 events):
No events

Internal exceptions (0 events):
No events

Events (20 events):
Event: 0.225 Executing VM operation: HandshakeAllThreads
Event: 0.226 Executing VM operation: HandshakeAllThreads done
Event: 0.226 loading class java/lang/ProcessEnvironment$NameComparator
Event: 0.226 loading class java/lang/ProcessEnvironment$NameComparator done
Event: 0.226 loading class java/lang/ProcessEnvironment$EntryComparator
Event: 0.226 loading class java/lang/ProcessEnvironment$EntryComparator done
Event: 0.226 loading class java/util/TreeMap
Event: 0.226 loading class java/util/NavigableMap
Event: 0.226 loading class java/util/SortedMap
Event: 0.226 loading class java/util/SortedMap done
Event: 0.226 loading class java/util/NavigableMap done
Event: 0.227 loading class java/util/TreeMap done
Event: 0.227 loading class java/lang/ProcessEnvironment$CheckedEntrySet
Event: 0.227 loading class java/lang/ProcessEnvironment$CheckedEntrySet done
Event: 0.227 loading class java/lang/ProcessEnvironment$CheckedEntrySet$1
Event: 0.227 loading class java/lang/ProcessEnvironment$CheckedEntrySet$1 done
Event: 0.227 loading class java/lang/ProcessEnvironment$CheckedEntry
Event: 0.227 loading class java/lang/ProcessEnvironment$CheckedEntry done
Event: 0.227 loading class java/util/TreeMap$Entry
Event: 0.228 loading class java/util/TreeMap$Entry done


Dynamic libraries:
0x00007ff744de0000 - 0x00007ff744de7000 	C:\Program Files\Java\jdk-14.0.2\bin\javac.exe
0x00007fface6d0000 - 0x00007fface8c6000 	C:\WINDOWS\SYSTEM32\ntdll.dll
0x00007ffacdbb0000 - 0x00007ffacdc6d000 	C:\WINDOWS\System32\KERNEL32.DLL
0x00007ffacc230000 - 0x00007ffacc4f8000 	C:\WINDOWS\System32\KERNELBASE.dll
0x00007ffacc630000 - 0x00007ffacc730000 	C:\WINDOWS\System32\ucrtbase.dll
0x00007ffac6e80000 - 0x00007ffac6e98000 	C:\Program Files\Java\jdk-14.0.2\bin\jli.dll
0x00007ffab7b50000 - 0x00007ffab7b65000 	C:\Program Files\Java\jdk-14.0.2\bin\VCRUNTIME140.dll
0x00007ffacc7b0000 - 0x00007ffacc85c000 	C:\WINDOWS\System32\ADVAPI32.dll
0x00007fface000000 - 0x00007fface09e000 	C:\WINDOWS\System32\msvcrt.dll
0x00007ffacdc70000 - 0x00007ffacdd0b000 	C:\WINDOWS\System32\sechost.dll
0x00007ffacdea0000 - 0x00007ffacdfc4000 	C:\WINDOWS\System32\RPCRT4.dll
0x00007ffacd850000 - 0x00007ffacd9f0000 	C:\WINDOWS\System32\USER32.dll
0x00007ffacc600000 - 0x00007ffacc622000 	C:\WINDOWS\System32\win32u.dll
0x00007ffaa7b00000 - 0x00007ffaa7d9b000 	C:\WINDOWS\WinSxS\amd64_microsoft.windows.common-controls_6595b64144ccf1df_6.0.19041.488_none_ca04af081b815d21\COMCTL32.dll
0x00007fface660000 - 0x00007fface68a000 	C:\WINDOWS\System32\GDI32.dll
0x00007ffacbe10000 - 0x00007ffacbf19000 	C:\WINDOWS\System32\gdi32full.dll
0x00007ffacbf20000 - 0x00007ffacbfbd000 	C:\WINDOWS\System32\msvcp_win.dll
0x00007ffac97a0000 - 0x00007ffac97aa000 	C:\WINDOWS\SYSTEM32\VERSION.dll
0x00007ffacdfd0000 - 0x00007fface000000 	C:\WINDOWS\System32\IMM32.DLL
0x00007ffa9b7c0000 - 0x00007ffa9b85b000 	C:\Program Files\Java\jdk-14.0.2\bin\msvcp140.dll
0x00007ffa5d2e0000 - 0x00007ffa5ddfe000 	C:\Program Files\Java\jdk-14.0.2\bin\server\jvm.dll
0x00007ffacc860000 - 0x00007ffacc868000 	C:\WINDOWS\System32\PSAPI.DLL
0x00007ffabbe80000 - 0x00007ffabbe89000 	C:\WINDOWS\SYSTEM32\WSOCK32.dll
0x00007ffac0b80000 - 0x00007ffac0ba7000 	C:\WINDOWS\SYSTEM32\WINMM.dll
0x00007ffacda70000 - 0x00007ffacdadb000 	C:\WINDOWS\System32\WS2_32.dll
0x00007ffac9c80000 - 0x00007ffac9c92000 	C:\WINDOWS\SYSTEM32\kernel.appcore.dll
0x00007ffac9790000 - 0x00007ffac979a000 	C:\Program Files\Java\jdk-14.0.2\bin\jimage.dll
0x00007ffac3930000 - 0x00007ffac3b14000 	C:\WINDOWS\SYSTEM32\DBGHELP.DLL
0x00007ffac3620000 - 0x00007ffac364c000 	C:\WINDOWS\SYSTEM32\dbgcore.DLL
0x00007ffacc530000 - 0x00007ffacc5af000 	C:\WINDOWS\System32\bcryptPrimitives.dll
0x00007ffab78b0000 - 0x00007ffab78d5000 	C:\Program Files\Java\jdk-14.0.2\bin\java.dll
0x00007ffab74e0000 - 0x00007ffab74f6000 	C:\Program Files\Java\jdk-14.0.2\bin\zip.dll
0x00007ffaccfd0000 - 0x00007ffacd711000 	C:\WINDOWS\System32\SHELL32.dll
0x00007ffac9f60000 - 0x00007ffaca6f5000 	C:\WINDOWS\SYSTEM32\windows.storage.dll
0x00007fface250000 - 0x00007fface5a5000 	C:\WINDOWS\System32\combase.dll
0x00007ffacb880000 - 0x00007ffacb8ac000 	C:\WINDOWS\SYSTEM32\Wldp.dll
0x00007fface5b0000 - 0x00007fface65e000 	C:\WINDOWS\System32\SHCORE.dll
0x00007ffacdb50000 - 0x00007ffacdba5000 	C:\WINDOWS\System32\shlwapi.dll
0x00007ffacbd40000 - 0x00007ffacbd66000 	C:\WINDOWS\SYSTEM32\profapi.dll

dbghelp: loaded successfully - version: 4.0.5 - missing functions: none
symbol engine: initialized successfully - sym options: 0x614 - pdb path: .;C:\Program Files\Java\jdk-14.0.2\bin;C:\WINDOWS\SYSTEM32;C:\WINDOWS\WinSxS\amd64_microsoft.windows.common-controls_6595b64144ccf1df_6.0.19041.488_none_ca04af081b815d21;C:\Program Files\Java\jdk-14.0.2\bin\server

VM Arguments:
jvm_args: -Dapplication.home=C:\Program Files\Java\jdk-14.0.2 --add-modules=ALL-DEFAULT -Xms8m -Djdk.module.main=jdk.compiler 
java_command: jdk.compiler/com.sun.tools.javac.Main -d E:\libraryProject\build\classes -classpath E:\libraryProject\build\classes;E:\libraryProject\src\libraryproject\Jar\mysql-connector-java-5.1.49.jar;E:\libraryProject\src\libraryproject\Jar\rs2xml.jar;E:\libraryProject\src\libraryproject\Jar\jcalendar-tz-1.3.3-4.jar -sourcepath E:\libraryProject\src -target 14 -encoding UTF-8 -g -processorpath E:\libraryProject\src\libraryproject\Jar\mysql-connector-java-5.1.49.jar;E:\libraryProject\src\libraryproject\Jar\rs2xml.jar;E:\libraryProject\src\libraryproject\Jar\jcalendar-tz-1.3.3-4.jar;E:\libraryProject\build\empty -s E:\libraryProject\build\generated-sources\ap-source-output -source 14 E:\libraryProject\src\libraryproject\aboutUs.java
java_class_path (initial): <not set>
Launcher Type: SUN_STANDARD

[Global flags]
     intx CICompilerCount                          = 4                                         {product} {ergonomic}
     uint ConcGCThreads                            = 2                                         {product} {ergonomic}
     uint G1ConcRefinementThreads                  = 8                                         {product} {ergonomic}
   size_t G1HeapRegionSize                         = 1048576                                   {product} {ergonomic}
    uintx GCDrainStackTargetSize                   = 64                                        {product} {ergonomic}
   size_t InitialHeapSize                          = 8388608                                   {product} {command line}
   size_t MarkStackSize                            = 4194304                                   {product} {ergonomic}
   size_t MaxHeapSize                              = 2107637760                                {product} {ergonomic}
   size_t MaxNewSize                               = 1264582656                                {product} {ergonomic}
   size_t MinHeapDeltaBytes                        = 1048576                                   {product} {ergonomic}
   size_t MinHeapSize                              = 8388608                                   {product} {command line}
    uintx NonNMethodCodeHeapSize                   = 5839372                                {pd product} {ergonomic}
    uintx NonProfiledCodeHeapSize                  = 122909434                              {pd product} {ergonomic}
    uintx ProfiledCodeHeapSize                     = 122909434                              {pd product} {ergonomic}
    uintx ReservedCodeCacheSize                    = 251658240                              {pd product} {ergonomic}
     bool SegmentedCodeCache                       = true                                      {product} {ergonomic}
   size_t SoftMaxHeapSize                          = 2107637760                             {manageable} {ergonomic}
     bool UseCompressedClassPointers               = true                                 {lp64_product} {ergonomic}
     bool UseCompressedOops                        = true                                 {lp64_product} {ergonomic}
     bool UseG1GC                                  = true                                      {product} {ergonomic}
     bool UseLargePagesIndividualAllocation        = false                                  {pd product} {ergonomic}

Logging:
Log output configuration:
 #0: stdout all=warning uptime,level,tags
 #1: stderr all=off uptime,level,tags

Environment Variables:
PATH=D:\app\oracle\product\10.2.0\server\bin;C:\WINDOWS\system32;C:\WINDOWS;C:\WINDOWS\System32\Wbem;C:\WINDOWS\System32\WindowsPowerShell\v1.0\;C:\WINDOWS\System32\OpenSSH\;C:\Program Files (x86)\Intel\Intel(R) Management Engine Components\DAL;C:\Program Files\Intel\Intel(R) Management Engine Components\DAL;C:\Program Files\Intel\WiFi\bin\;C:\Program Files\Common Files\Intel\WirelessCommon\;C:\Program Files\NVIDIA Corporation\NVIDIA NvDLISR;C:\Program Files\Java\jdk-14.0.2\bin;D:\python;C:\Program Files (x86)\NVIDIA Corporation\PhysX\Common;C:\Program Files\Git\cmd;C:\Program Files\MySQL\MySQL Shell 8.0\bin\;C:\Users\khushwant singh\miniconda3;C:\Users\khushwant singh\miniconda3\Library\mingw-w64\bin;C:\Users\khushwant singh\miniconda3\Library\usr\bin;C:\Users\khushwant singh\miniconda3\Library\bin;C:\Users\khushwant singh\miniconda3\Scripts;C:\Users\khushwant singh\AppData\Local\Programs\Python\Python38-32\Scripts\;C:\Users\khushwant singh\AppData\Local\Programs\Python\Python38-32\;C:\Users\khushwant singh\AppData\Local\Microsoft\WindowsApps;C:\Program Files\Intel\WiFi\bin\;C:\Program Files\Common Files\Intel\WirelessCommon\;C:\Program Files\JetBrains\PyCharm Community Edition 2020.2.1\bin;C:\Program Files\JetBrains\IntelliJ IDEA Community Edition 2020.2.1\bin;C:\Users\khushwant singh\AppData\Local\Programs\Microsoft VS Code\bin;C:\Users\khushwant singh\AppData\Local\atom\bin
USERNAME=khushwant singh
OS=Windows_NT
PROCESSOR_IDENTIFIER=Intel64 Family 6 Model 158 Stepping 10, GenuineIntel



---------------  S Y S T E M  ---------------

OS: Windows 10 , 64 bit Build 19041 (10.0.19041.546)
OS uptime: 13 days 5:38 hours

CPU:total 8 (initial active 8) (4 cores per cpu, 2 threads per core) family 6 model 158 stepping 10, cmov, cx8, fxsr, mmx, sse, sse2, sse3, ssse3, sse4.1, sse4.2, popcnt, avx, avx2, aes, clmul, erms, 3dnowpref, lzcnt, ht, tsc, tscinvbit, bmi1, bmi2, adx, fma

Memory: 4k page, system-wide physical 8034M (502M free)
TotalPageFile size 23153M (AvailPageFile size 0M)
current process WorkingSet (physical memory assigned to process): 36M, peak: 36M
current process commit charge ("private bytes"): 83M, peak: 83M

vm_info: Java HotSpot(TM) 64-Bit Server VM (14.0.2+12-46) for windows-amd64 JRE (14.0.2+12-46), built on Jul  9 2020 00:35:52 by "mach5one" with MS VC++ 15.9 (VS2017)

END.
