#
# There is insufficient memory for the Java Runtime Environment to continue.
# Native memory allocation (malloc) failed to allocate 1048576 bytes for AllocateHeap
# Possible reasons:
#   The system is out of physical RAM or swap space
#   The process is running with CompressedOops enabled, and the Java Heap may be blocking the growth of the native heap
# Possible solutions:
#   Reduce memory load on the system
#   Increase physical memory or swap space
#   Check if swap backing store is full
#   Decrease Java heap size (-Xmx/-Xms)
#   Decrease number of Java threads
#   Decrease Java thread stack sizes (-Xss)
#   Set larger code cache with -XX:ReservedCodeCacheSize=
#   JVM is running with Unscaled Compressed Oops mode in which the Java heap is
#     placed in the first 4GB address space. The Java Heap base address is the
#     maximum limit for the native heap growth. Please use -XX:HeapBaseMinAddress
#     to set the Java Heap base and to place the Java Heap above 4GB virtual address.
# This output file may be truncated or incomplete.
#
#  Out of Memory Error (./open/src/hotspot/share/memory/allocation.cpp:44), pid=19532, tid=2288
#
# JRE version: Java(TM) SE Runtime Environment (14.0.2+12) (build 14.0.2+12-46)
# Java VM: Java HotSpot(TM) 64-Bit Server VM (14.0.2+12-46, mixed mode, tiered, compressed oops, g1 gc, windows-amd64)
# No core dump will be written. Minidumps are not enabled by default on client versions of Windows
#

---------------  S U M M A R Y ------------

Command Line: -Dfile.encoding=UTF-8 libraryproject.IssueBook

Host: Intel(R) Core(TM) i5-8300H CPU @ 2.30GHz, 8 cores, 7G,  Windows 10 , 64 bit Build 19041 (10.0.19041.546)
Time: Mon Nov 30 15:06:53 2020 India Standard Time elapsed time: 0 seconds (0d 0h 0m 0s)

---------------  T H R E A D  ---------------

Current thread (0x0000027ecc7a0800):  VMThread "VM Thread" [stack: 0x000000c19e300000,0x000000c19e400000] [id=2288]

Stack: [0x000000c19e300000,0x000000c19e400000]
[error occurred during error reporting (printing stack bounds), id 0xc0000005, EXCEPTION_ACCESS_VIOLATION (0xc0000005) at pc=0x0000027eb5f510ad]

Native frames: (J=compiled Java code, j=interpreted, Vv=VM code, C=native code)
V  [jvm.dll+0x5f8a9a]
V  [jvm.dll+0x74247a]
V  [jvm.dll+0x743c2f]
V  [jvm.dll+0x7441d5]
V  [jvm.dll+0x74418b]
V  [jvm.dll+0x5f7f6f]
V  [jvm.dll+0x5f8738]
C  [ntdll.dll+0xa10ff]
C  [ntdll.dll+0x4b474]
C  [ntdll.dll+0x9fc2e]
C  0x0000027eb5f510ad

VM_Operation (0x000000c19ddfbbd0): CollectForMetadataAllocation, mode: safepoint, requested by thread 0x0000027ead7ad800


---------------  P R O C E S S  ---------------

Threads class SMR info:
_java_thread_list=0x0000027f0d4996e0, length=11, elements={
0x0000027ead7ad800, 0x0000027f0d2fd800, 0x0000027f0d2fe800, 0x0000027f0d325800,
0x0000027f0d328800, 0x0000027f0d32a800, 0x0000027f0d32c000, 0x0000027f0d32e800,
0x0000027f0d332800, 0x0000027f0d4a9000, 0x0000027f0d4aa800
}

Java Threads: ( => current thread )
  0x0000027ead7ad800 JavaThread "main" [_thread_blocked, id=5344, stack(0x000000c19dd00000,0x000000c19de00000)]
  0x0000027f0d2fd800 JavaThread "Reference Handler" daemon [_thread_blocked, id=2920, stack(0x000000c19e400000,0x000000c19e500000)]
  0x0000027f0d2fe800 JavaThread "Finalizer" daemon [_thread_blocked, id=13456, stack(0x000000c19e500000,0x000000c19e600000)]
  0x0000027f0d325800 JavaThread "Signal Dispatcher" daemon [_thread_blocked, id=9392, stack(0x000000c19e600000,0x000000c19e700000)]
  0x0000027f0d328800 JavaThread "Attach Listener" daemon [_thread_blocked, id=10440, stack(0x000000c19e700000,0x000000c19e800000)]
  0x0000027f0d32a800 JavaThread "Service Thread" daemon [_thread_blocked, id=8064, stack(0x000000c19e800000,0x000000c19e900000)]
  0x0000027f0d32c000 JavaThread "C2 CompilerThread0" daemon [_thread_blocked, id=18880, stack(0x000000c19e900000,0x000000c19ea00000)]
  0x0000027f0d32e800 JavaThread "C1 CompilerThread0" daemon [_thread_blocked, id=8620, stack(0x000000c19ea00000,0x000000c19eb00000)]
  0x0000027f0d332800 JavaThread "Sweeper thread" daemon [_thread_blocked, id=18088, stack(0x000000c19eb00000,0x000000c19ec00000)]
  0x0000027f0d4a9000 JavaThread "Notification Thread" daemon [_thread_blocked, id=13040, stack(0x000000c19ec00000,0x000000c19ed00000)]
  0x0000027f0d4aa800 JavaThread "Common-Cleaner" daemon [_thread_blocked, id=11216, stack(0x000000c19ee00000,0x000000c19ef00000)]

Other Threads:
=>0x0000027ecc7a0800 VMThread "VM Thread" [stack: 0x000000c19e300000,0x000000c19e400000] [id=2288]
  0x0000027f0d4b7800 WatcherThread [stack: 0x000000c19ed00000,0x000000c19ee00000] [id=12736]
  0x0000027ead7ee000 GCTaskThread "GC Thread#0" [stack: 0x000000c19de00000,0x000000c19df00000] [id=6588]
  0x0000027f0d55c800 GCTaskThread "GC Thread#1" [stack: 0x000000c19ef00000,0x000000c19f000000] [id=8308]
  0x0000027f0d55d000 GCTaskThread "GC Thread#2" [stack: 0x000000c19f000000,0x000000c19f100000] [id=15616]
  0x0000027ead7ff000 ConcurrentGCThread "G1 Main Marker" [stack: 0x000000c19df00000,0x000000c19e000000] [id=17620]
  0x0000027ead801000 ConcurrentGCThread "G1 Conc#0" [stack: 0x000000c19e000000,0x000000c19e100000] [id=19528]
  0x0000027f0d533800 ConcurrentGCThread "G1 Conc#1" [stack: 0x000000c19f100000,0x000000c19f200000] [id=5304]
  0x0000027ead87e000 ConcurrentGCThread "G1 Refine#0" [stack: 0x000000c19e100000,0x000000c19e200000] [id=2656]
  0x0000027ecc5d1800 ConcurrentGCThread "G1 Young RemSet Sampling" [stack: 0x000000c19e200000,0x000000c19e300000] [id=20152]

Threads with active compile tasks:

VM state:at safepoint (normal execution)

VM Mutex/Monitor currently owned by a thread:  ([mutex/lock_event])
[0x0000027ead7a8ce0] Threads_lock - owner thread: 0x0000027ecc7a0800
[0x0000027ead7a8350] Heap_lock - owner thread: 0x0000027ead7ad800

Heap address: 0x0000000082600000, size: 2010 MB, Compressed Oops mode: 32-bit
Narrow klass base: 0x0000000000000000, Narrow klass shift: 3
Compressed class space size: 1073741824 Address: 0x0000000100000000

Heap:
 garbage-first heap   total 129024K, used 698K [0x0000000082600000, 0x0000000100000000)
  region size 1024K, 1 young (1024K), 1 survivors (1024K)
 Metaspace       used 5551K, capacity 5642K, committed 5760K, reserved 1073152K
  class space    used 518K, capacity 554K, committed 640K, reserved 1048576K
Heap Regions: E=young(eden), S=young(survivor), O=old, HS=humongous(starts), HC=humongous(continues), CS=collection set, F=free, OA=open archive, CA=closed archive, TAMS=top-at-mark-start (previous, next)
|   0|0x0000000082600000, 0x0000000082600000, 0x0000000082700000|  0%| F|  |TAMS 0x0000000082600000, 0x0000000082600000| Untracked 
|   1|0x0000000082700000, 0x0000000082700000, 0x0000000082800000|  0%| F|  |TAMS 0x0000000082700000, 0x0000000082700000| Untracked 
|   2|0x0000000082800000, 0x0000000082800000, 0x0000000082900000|  0%| F|  |TAMS 0x0000000082800000, 0x0000000082800000| Untracked 
|   3|0x0000000082900000, 0x0000000082900000, 0x0000000082a00000|  0%| F|  |TAMS 0x0000000082900000, 0x0000000082900000| Untracked 
|   4|0x0000000082a00000, 0x0000000082a00000, 0x0000000082b00000|  0%| F|  |TAMS 0x0000000082a00000, 0x0000000082a00000| Untracked 
|   5|0x0000000082b00000, 0x0000000082b00000, 0x0000000082c00000|  0%| F|  |TAMS 0x0000000082b00000, 0x0000000082b00000| Untracked 
|   6|0x0000000082c00000, 0x0000000082c00000, 0x0000000082d00000|  0%| F|  |TAMS 0x0000000082c00000, 0x0000000082c00000| Untracked 
|   7|0x0000000082d00000, 0x0000000082d00000, 0x0000000082e00000|  0%| F|  |TAMS 0x0000000082d00000, 0x0000000082d00000| Untracked 
|   8|0x0000000082e00000, 0x0000000082e00000, 0x0000000082f00000|  0%| F|  |TAMS 0x0000000082e00000, 0x0000000082e00000| Untracked 
|   9|0x0000000082f00000, 0x0000000082f00000, 0x0000000083000000|  0%| F|  |TAMS 0x0000000082f00000, 0x0000000082f00000| Untracked 
|  10|0x0000000083000000, 0x0000000083000000, 0x0000000083100000|  0%| F|  |TAMS 0x0000000083000000, 0x0000000083000000| Untracked 
|  11|0x0000000083100000, 0x0000000083100000, 0x0000000083200000|  0%| F|  |TAMS 0x0000000083100000, 0x0000000083100000| Untracked 
|  12|0x0000000083200000, 0x0000000083200000, 0x0000000083300000|  0%| F|  |TAMS 0x0000000083200000, 0x0000000083200000| Untracked 
|  13|0x0000000083300000, 0x0000000083300000, 0x0000000083400000|  0%| F|  |TAMS 0x0000000083300000, 0x0000000083300000| Untracked 
|  14|0x0000000083400000, 0x0000000083400000, 0x0000000083500000|  0%| F|  |TAMS 0x0000000083400000, 0x0000000083400000| Untracked 
|  15|0x0000000083500000, 0x0000000083500000, 0x0000000083600000|  0%| F|  |TAMS 0x0000000083500000, 0x0000000083500000| Untracked 
|  16|0x0000000083600000, 0x0000000083600000, 0x0000000083700000|  0%| F|  |TAMS 0x0000000083600000, 0x0000000083600000| Untracked 
|  17|0x0000000083700000, 0x0000000083700000, 0x0000000083800000|  0%| F|  |TAMS 0x0000000083700000, 0x0000000083700000| Untracked 
|  18|0x0000000083800000, 0x0000000083800000, 0x0000000083900000|  0%| F|  |TAMS 0x0000000083800000, 0x0000000083800000| Untracked 
|  19|0x0000000083900000, 0x0000000083900000, 0x0000000083a00000|  0%| F|  |TAMS 0x0000000083900000, 0x0000000083900000| Untracked 
|  20|0x0000000083a00000, 0x0000000083a00000, 0x0000000083b00000|  0%| F|  |TAMS 0x0000000083a00000, 0x0000000083a00000| Untracked 
|  21|0x0000000083b00000, 0x0000000083b00000, 0x0000000083c00000|  0%| F|  |TAMS 0x0000000083b00000, 0x0000000083b00000| Untracked 
|  22|0x0000000083c00000, 0x0000000083c00000, 0x0000000083d00000|  0%| F|  |TAMS 0x0000000083c00000, 0x0000000083c00000| Untracked 
|  23|0x0000000083d00000, 0x0000000083d00000, 0x0000000083e00000|  0%| F|  |TAMS 0x0000000083d00000, 0x0000000083d00000| Untracked 
|  24|0x0000000083e00000, 0x0000000083e00000, 0x0000000083f00000|  0%| F|  |TAMS 0x0000000083e00000, 0x0000000083e00000| Untracked 
|  25|0x0000000083f00000, 0x0000000083f00000, 0x0000000084000000|  0%| F|  |TAMS 0x0000000083f00000, 0x0000000083f00000| Untracked 
|  26|0x0000000084000000, 0x0000000084000000, 0x0000000084100000|  0%| F|  |TAMS 0x0000000084000000, 0x0000000084000000| Untracked 
|  27|0x0000000084100000, 0x0000000084100000, 0x0000000084200000|  0%| F|  |TAMS 0x0000000084100000, 0x0000000084100000| Untracked 
|  28|0x0000000084200000, 0x0000000084200000, 0x0000000084300000|  0%| F|  |TAMS 0x0000000084200000, 0x0000000084200000| Untracked 
|  29|0x0000000084300000, 0x0000000084300000, 0x0000000084400000|  0%| F|  |TAMS 0x0000000084300000, 0x0000000084300000| Untracked 
|  30|0x0000000084400000, 0x0000000084400000, 0x0000000084500000|  0%| F|  |TAMS 0x0000000084400000, 0x0000000084400000| Untracked 
|  31|0x0000000084500000, 0x0000000084500000, 0x0000000084600000|  0%| F|  |TAMS 0x0000000084500000, 0x0000000084500000| Untracked 
|  32|0x0000000084600000, 0x0000000084600000, 0x0000000084700000|  0%| F|  |TAMS 0x0000000084600000, 0x0000000084600000| Untracked 
|  33|0x0000000084700000, 0x0000000084700000, 0x0000000084800000|  0%| F|  |TAMS 0x0000000084700000, 0x0000000084700000| Untracked 
|  34|0x0000000084800000, 0x0000000084800000, 0x0000000084900000|  0%| F|  |TAMS 0x0000000084800000, 0x0000000084800000| Untracked 
|  35|0x0000000084900000, 0x0000000084900000, 0x0000000084a00000|  0%| F|  |TAMS 0x0000000084900000, 0x0000000084900000| Untracked 
|  36|0x0000000084a00000, 0x0000000084a00000, 0x0000000084b00000|  0%| F|  |TAMS 0x0000000084a00000, 0x0000000084a00000| Untracked 
|  37|0x0000000084b00000, 0x0000000084b00000, 0x0000000084c00000|  0%| F|  |TAMS 0x0000000084b00000, 0x0000000084b00000| Untracked 
|  38|0x0000000084c00000, 0x0000000084c00000, 0x0000000084d00000|  0%| F|  |TAMS 0x0000000084c00000, 0x0000000084c00000| Untracked 
|  39|0x0000000084d00000, 0x0000000084d00000, 0x0000000084e00000|  0%| F|  |TAMS 0x0000000084d00000, 0x0000000084d00000| Untracked 
|  40|0x0000000084e00000, 0x0000000084e00000, 0x0000000084f00000|  0%| F|  |TAMS 0x0000000084e00000, 0x0000000084e00000| Untracked 
|  41|0x0000000084f00000, 0x0000000084f00000, 0x0000000085000000|  0%| F|  |TAMS 0x0000000084f00000, 0x0000000084f00000| Untracked 
|  42|0x0000000085000000, 0x0000000085000000, 0x0000000085100000|  0%| F|  |TAMS 0x0000000085000000, 0x0000000085000000| Untracked 
|  43|0x0000000085100000, 0x0000000085100000, 0x0000000085200000|  0%| F|  |TAMS 0x0000000085100000, 0x0000000085100000| Untracked 
|  44|0x0000000085200000, 0x0000000085200000, 0x0000000085300000|  0%| F|  |TAMS 0x0000000085200000, 0x0000000085200000| Untracked 
|  45|0x0000000085300000, 0x0000000085300000, 0x0000000085400000|  0%| F|  |TAMS 0x0000000085300000, 0x0000000085300000| Untracked 
|  46|0x0000000085400000, 0x0000000085400000, 0x0000000085500000|  0%| F|  |TAMS 0x0000000085400000, 0x0000000085400000| Untracked 
|  47|0x0000000085500000, 0x0000000085500000, 0x0000000085600000|  0%| F|  |TAMS 0x0000000085500000, 0x0000000085500000| Untracked 
|  48|0x0000000085600000, 0x0000000085600000, 0x0000000085700000|  0%| F|  |TAMS 0x0000000085600000, 0x0000000085600000| Untracked 
|  49|0x0000000085700000, 0x0000000085700000, 0x0000000085800000|  0%| F|  |TAMS 0x0000000085700000, 0x0000000085700000| Untracked 
|  50|0x0000000085800000, 0x0000000085800000, 0x0000000085900000|  0%| F|  |TAMS 0x0000000085800000, 0x0000000085800000| Untracked 
|  51|0x0000000085900000, 0x0000000085900000, 0x0000000085a00000|  0%| F|  |TAMS 0x0000000085900000, 0x0000000085900000| Untracked 
|  52|0x0000000085a00000, 0x0000000085a00000, 0x0000000085b00000|  0%| F|  |TAMS 0x0000000085a00000, 0x0000000085a00000| Untracked 
|  53|0x0000000085b00000, 0x0000000085b00000, 0x0000000085c00000|  0%| F|  |TAMS 0x0000000085b00000, 0x0000000085b00000| Untracked 
|  54|0x0000000085c00000, 0x0000000085c00000, 0x0000000085d00000|  0%| F|  |TAMS 0x0000000085c00000, 0x0000000085c00000| Untracked 
|  55|0x0000000085d00000, 0x0000000085d00000, 0x0000000085e00000|  0%| F|  |TAMS 0x0000000085d00000, 0x0000000085d00000| Untracked 
|  56|0x0000000085e00000, 0x0000000085e00000, 0x0000000085f00000|  0%| F|  |TAMS 0x0000000085e00000, 0x0000000085e00000| Untracked 
|  57|0x0000000085f00000, 0x0000000085f00000, 0x0000000086000000|  0%| F|  |TAMS 0x0000000085f00000, 0x0000000085f00000| Untracked 
|  58|0x0000000086000000, 0x0000000086000000, 0x0000000086100000|  0%| F|  |TAMS 0x0000000086000000, 0x0000000086000000| Untracked 
|  59|0x0000000086100000, 0x0000000086100000, 0x0000000086200000|  0%| F|  |TAMS 0x0000000086100000, 0x0000000086100000| Untracked 
|  60|0x0000000086200000, 0x0000000086200000, 0x0000000086300000|  0%| F|  |TAMS 0x0000000086200000, 0x0000000086200000| Untracked 
|  61|0x0000000086300000, 0x0000000086300000, 0x0000000086400000|  0%| F|  |TAMS 0x0000000086300000, 0x0000000086300000| Untracked 
|  62|0x0000000086400000, 0x0000000086400000, 0x0000000086500000|  0%| F|  |TAMS 0x0000000086400000, 0x0000000086400000| Untracked 
|  63|0x0000000086500000, 0x0000000086500000, 0x0000000086600000|  0%| F|  |TAMS 0x0000000086500000, 0x0000000086500000| Untracked 
|  64|0x0000000086600000, 0x0000000086600000, 0x0000000086700000|  0%| F|  |TAMS 0x0000000086600000, 0x0000000086600000| Untracked 
|  65|0x0000000086700000, 0x0000000086700000, 0x0000000086800000|  0%| F|  |TAMS 0x0000000086700000, 0x0000000086700000| Untracked 
|  66|0x0000000086800000, 0x0000000086800000, 0x0000000086900000|  0%| F|  |TAMS 0x0000000086800000, 0x0000000086800000| Untracked 
|  67|0x0000000086900000, 0x0000000086900000, 0x0000000086a00000|  0%| F|  |TAMS 0x0000000086900000, 0x0000000086900000| Untracked 
|  68|0x0000000086a00000, 0x0000000086a00000, 0x0000000086b00000|  0%| F|  |TAMS 0x0000000086a00000, 0x0000000086a00000| Untracked 
|  69|0x0000000086b00000, 0x0000000086b00000, 0x0000000086c00000|  0%| F|  |TAMS 0x0000000086b00000, 0x0000000086b00000| Untracked 
|  70|0x0000000086c00000, 0x0000000086c00000, 0x0000000086d00000|  0%| F|  |TAMS 0x0000000086c00000, 0x0000000086c00000| Untracked 
|  71|0x0000000086d00000, 0x0000000086d00000, 0x0000000086e00000|  0%| F|  |TAMS 0x0000000086d00000, 0x0000000086d00000| Untracked 
|  72|0x0000000086e00000, 0x0000000086e00000, 0x0000000086f00000|  0%| F|  |TAMS 0x0000000086e00000, 0x0000000086e00000| Untracked 
|  73|0x0000000086f00000, 0x0000000086f00000, 0x0000000087000000|  0%| F|  |TAMS 0x0000000086f00000, 0x0000000086f00000| Untracked 
|  74|0x0000000087000000, 0x0000000087000000, 0x0000000087100000|  0%| F|  |TAMS 0x0000000087000000, 0x0000000087000000| Untracked 
|  75|0x0000000087100000, 0x0000000087100000, 0x0000000087200000|  0%| F|  |TAMS 0x0000000087100000, 0x0000000087100000| Untracked 
|  76|0x0000000087200000, 0x0000000087200000, 0x0000000087300000|  0%| F|  |TAMS 0x0000000087200000, 0x0000000087200000| Untracked 
|  77|0x0000000087300000, 0x0000000087300000, 0x0000000087400000|  0%| F|  |TAMS 0x0000000087300000, 0x0000000087300000| Untracked 
|  78|0x0000000087400000, 0x0000000087400000, 0x0000000087500000|  0%| F|  |TAMS 0x0000000087400000, 0x0000000087400000| Untracked 
|  79|0x0000000087500000, 0x0000000087500000, 0x0000000087600000|  0%| F|  |TAMS 0x0000000087500000, 0x0000000087500000| Untracked 
|  80|0x0000000087600000, 0x0000000087600000, 0x0000000087700000|  0%| F|  |TAMS 0x0000000087600000, 0x0000000087600000| Untracked 
|  81|0x0000000087700000, 0x0000000087700000, 0x0000000087800000|  0%| F|  |TAMS 0x0000000087700000, 0x0000000087700000| Untracked 
|  82|0x0000000087800000, 0x0000000087800000, 0x0000000087900000|  0%| F|  |TAMS 0x0000000087800000, 0x0000000087800000| Untracked 
|  83|0x0000000087900000, 0x0000000087900000, 0x0000000087a00000|  0%| F|  |TAMS 0x0000000087900000, 0x0000000087900000| Untracked 
|  84|0x0000000087a00000, 0x0000000087a00000, 0x0000000087b00000|  0%| F|  |TAMS 0x0000000087a00000, 0x0000000087a00000| Untracked 
|  85|0x0000000087b00000, 0x0000000087b00000, 0x0000000087c00000|  0%| F|  |TAMS 0x0000000087b00000, 0x0000000087b00000| Untracked 
|  86|0x0000000087c00000, 0x0000000087c00000, 0x0000000087d00000|  0%| F|  |TAMS 0x0000000087c00000, 0x0000000087c00000| Untracked 
|  87|0x0000000087d00000, 0x0000000087d00000, 0x0000000087e00000|  0%| F|  |TAMS 0x0000000087d00000, 0x0000000087d00000| Untracked 
|  88|0x0000000087e00000, 0x0000000087e00000, 0x0000000087f00000|  0%| F|  |TAMS 0x0000000087e00000, 0x0000000087e00000| Untracked 
|  89|0x0000000087f00000, 0x0000000087f00000, 0x0000000088000000|  0%| F|  |TAMS 0x0000000087f00000, 0x0000000087f00000| Untracked 
|  90|0x0000000088000000, 0x0000000088000000, 0x0000000088100000|  0%| F|  |TAMS 0x0000000088000000, 0x0000000088000000| Untracked 
|  91|0x0000000088100000, 0x0000000088100000, 0x0000000088200000|  0%| F|  |TAMS 0x0000000088100000, 0x0000000088100000| Untracked 
|  92|0x0000000088200000, 0x0000000088200000, 0x0000000088300000|  0%| F|  |TAMS 0x0000000088200000, 0x0000000088200000| Untracked 
|  93|0x0000000088300000, 0x0000000088300000, 0x0000000088400000|  0%| F|  |TAMS 0x0000000088300000, 0x0000000088300000| Untracked 
|  94|0x0000000088400000, 0x0000000088400000, 0x0000000088500000|  0%| F|  |TAMS 0x0000000088400000, 0x0000000088400000| Untracked 
|  95|0x0000000088500000, 0x0000000088500000, 0x0000000088600000|  0%| F|  |TAMS 0x0000000088500000, 0x0000000088500000| Untracked 
|  96|0x0000000088600000, 0x0000000088600000, 0x0000000088700000|  0%| F|  |TAMS 0x0000000088600000, 0x0000000088600000| Untracked 
|  97|0x0000000088700000, 0x0000000088700000, 0x0000000088800000|  0%| F|  |TAMS 0x0000000088700000, 0x0000000088700000| Untracked 
|  98|0x0000000088800000, 0x0000000088800000, 0x0000000088900000|  0%| F|  |TAMS 0x0000000088800000, 0x0000000088800000| Untracked 
|  99|0x0000000088900000, 0x0000000088900000, 0x0000000088a00000|  0%| F|  |TAMS 0x0000000088900000, 0x0000000088900000| Untracked 
| 100|0x0000000088a00000, 0x0000000088a00000, 0x0000000088b00000|  0%| F|  |TAMS 0x0000000088a00000, 0x0000000088a00000| Untracked 
| 101|0x0000000088b00000, 0x0000000088b00000, 0x0000000088c00000|  0%| F|  |TAMS 0x0000000088b00000, 0x0000000088b00000| Untracked 
| 102|0x0000000088c00000, 0x0000000088c00000, 0x0000000088d00000|  0%| F|  |TAMS 0x0000000088c00000, 0x0000000088c00000| Untracked 
| 103|0x0000000088d00000, 0x0000000088d00000, 0x0000000088e00000|  0%| F|  |TAMS 0x0000000088d00000, 0x0000000088d00000| Untracked 
| 104|0x0000000088e00000, 0x0000000088e00000, 0x0000000088f00000|  0%| F|  |TAMS 0x0000000088e00000, 0x0000000088e00000| Untracked 
| 105|0x0000000088f00000, 0x0000000088f00000, 0x0000000089000000|  0%| F|  |TAMS 0x0000000088f00000, 0x0000000088f00000| Untracked 
| 106|0x0000000089000000, 0x0000000089000000, 0x0000000089100000|  0%| F|  |TAMS 0x0000000089000000, 0x0000000089000000| Untracked 
| 107|0x0000000089100000, 0x0000000089100000, 0x0000000089200000|  0%| F|  |TAMS 0x0000000089100000, 0x0000000089100000| Untracked 
| 108|0x0000000089200000, 0x0000000089200000, 0x0000000089300000|  0%| F|  |TAMS 0x0000000089200000, 0x0000000089200000| Untracked 
| 109|0x0000000089300000, 0x0000000089300000, 0x0000000089400000|  0%| F|  |TAMS 0x0000000089300000, 0x0000000089300000| Untracked 
| 110|0x0000000089400000, 0x0000000089400000, 0x0000000089500000|  0%| F|  |TAMS 0x0000000089400000, 0x0000000089400000| Untracked 
| 111|0x0000000089500000, 0x0000000089500000, 0x0000000089600000|  0%| F|  |TAMS 0x0000000089500000, 0x0000000089500000| Untracked 
| 112|0x0000000089600000, 0x0000000089600000, 0x0000000089700000|  0%| F|  |TAMS 0x0000000089600000, 0x0000000089600000| Untracked 
| 113|0x0000000089700000, 0x0000000089700000, 0x0000000089800000|  0%| F|  |TAMS 0x0000000089700000, 0x0000000089700000| Untracked 
| 114|0x0000000089800000, 0x0000000089800000, 0x0000000089900000|  0%| F|  |TAMS 0x0000000089800000, 0x0000000089800000| Untracked 
| 115|0x0000000089900000, 0x0000000089900000, 0x0000000089a00000|  0%| F|  |TAMS 0x0000000089900000, 0x0000000089900000| Untracked 
| 116|0x0000000089a00000, 0x0000000089a00000, 0x0000000089b00000|  0%| F|  |TAMS 0x0000000089a00000, 0x0000000089a00000| Untracked 
| 117|0x0000000089b00000, 0x0000000089b00000, 0x0000000089c00000|  0%| F|  |TAMS 0x0000000089b00000, 0x0000000089b00000| Untracked 
| 118|0x0000000089c00000, 0x0000000089c00000, 0x0000000089d00000|  0%| F|  |TAMS 0x0000000089c00000, 0x0000000089c00000| Untracked 
| 119|0x0000000089d00000, 0x0000000089d00000, 0x0000000089e00000|  0%| F|  |TAMS 0x0000000089d00000, 0x0000000089d00000| Untracked 
| 120|0x0000000089e00000, 0x0000000089e00000, 0x0000000089f00000|  0%| F|  |TAMS 0x0000000089e00000, 0x0000000089e00000| Untracked 
| 121|0x0000000089f00000, 0x0000000089f00000, 0x000000008a000000|  0%| F|  |TAMS 0x0000000089f00000, 0x0000000089f00000| Untracked 
| 122|0x000000008a000000, 0x000000008a000000, 0x000000008a100000|  0%| F|  |TAMS 0x000000008a000000, 0x000000008a000000| Untracked 
| 123|0x000000008a100000, 0x000000008a1ae840, 0x000000008a200000| 68%| S|CS|TAMS 0x000000008a100000, 0x000000008a100000| Complete 
| 124|0x000000008a200000, 0x000000008a200000, 0x000000008a300000|  0%| F|  |TAMS 0x000000008a200000, 0x000000008a200000| Untracked 
| 125|0x000000008a300000, 0x000000008a300000, 0x000000008a400000|  0%| F|  |TAMS 0x000000008a300000, 0x000000008a300000| Untracked 

Card table byte_map: [0x0000027ec5670000,0x0000027ec5a60000] _byte_map_base: 0x0000027ec525d000

Marking Bits (Prev, Next): (CMBitMap*) 0x0000027ead7eeb68, (CMBitMap*) 0x0000027ead7eeba8
 Prev Bits: [0x0000027ec5e50000, 0x0000027ec7db8000)
 Next Bits: [0x0000027ec7dc0000, 0x0000027ec9d28000)

Polling page: 0x0000027eab6f0000

Metaspace:

Usage:
  Non-class:      4.97 MB capacity,     4.91 MB ( 99%) used,    54.07 KB (  1%) free+waste,     1.50 KB ( <1%) overhead. 
      Class:    554.00 KB capacity,   518.69 KB ( 94%) used,    34.63 KB (  6%) free+waste,   704 bytes ( <1%) overhead. 
       Both:      5.51 MB capacity,     5.42 MB ( 98%) used,    88.70 KB (  2%) free+waste,     2.19 KB ( <1%) overhead. 

Virtual space:
  Non-class space:       24.00 MB reserved,       5.00 MB ( 21%) committed 
      Class space:        1.00 GB reserved,     640.00 KB ( <1%) committed 
             Both:        1.02 GB reserved,       5.63 MB ( <1%) committed 

Chunk freelists:
   Non-Class:  32.00 KB
       Class:  22.00 KB
        Both:  54.00 KB

MaxMetaspaceSize: 17179869184.00 GB
CompressedClassSpaceSize: 1.00 GB

CodeHeap 'non-profiled nmethods': size=120000Kb used=20Kb max_used=20Kb free=119979Kb
 bounds [0x0000027ebda20000, 0x0000027ebdc90000, 0x0000027ec4f50000]
CodeHeap 'profiled nmethods': size=120000Kb used=147Kb max_used=147Kb free=119853Kb
 bounds [0x0000027eb64f0000, 0x0000027eb6760000, 0x0000027ebda20000]
CodeHeap 'non-nmethods': size=5760Kb used=1068Kb max_used=1068Kb free=4691Kb
 bounds [0x0000027eb5f50000, 0x0000027eb61c0000, 0x0000027eb64f0000]
 total_blobs=408 nmethods=115 adapters=206
 compilation: enabled
              stopped_count=0, restarted_count=0
 full_count=0

Compilation events (20 events):
Event: 0.143 Thread 0x0000027f0d32e800  106       3       java.lang.AbstractStringBuilder::append (77 bytes)
Event: 0.143 Thread 0x0000027f0d32e800 nmethod 106 0x0000027eb6511510 code [0x0000027eb6511720, 0x0000027eb6511da8]
Event: 0.143 Thread 0x0000027f0d32e800  108       3       java.lang.CharacterDataLatin1::toLowerCase (39 bytes)
Event: 0.143 Thread 0x0000027f0d32e800 nmethod 108 0x0000027eb6512010 code [0x0000027eb65121c0, 0x0000027eb65123f8]
Event: 0.143 Thread 0x0000027f0d32e800  107       3       java.io.WinNTFileSystem::isSlash (18 bytes)
Event: 0.143 Thread 0x0000027f0d32e800 nmethod 107 0x0000027eb6512510 code [0x0000027eb65126a0, 0x0000027eb6512838]
Event: 0.143 Thread 0x0000027f0d32e800  109       3       java.lang.String::indexOf (7 bytes)
Event: 0.144 Thread 0x0000027f0d32e800 nmethod 109 0x0000027eb6512910 code [0x0000027eb6512ae0, 0x0000027eb6512dd8]
Event: 0.144 Thread 0x0000027f0d32e800  110       3       java.util.zip.ZipUtils::CENCOM (9 bytes)
Event: 0.144 Thread 0x0000027f0d32e800 nmethod 110 0x0000027eb6512f10 code [0x0000027eb65130c0, 0x0000027eb6513258]
Event: 0.144 Thread 0x0000027f0d32e800  111       3       java.util.zip.ZipUtils::CENFLG (9 bytes)
Event: 0.144 Thread 0x0000027f0d32e800 nmethod 111 0x0000027eb6513390 code [0x0000027eb6513540, 0x0000027eb65136d8]
Event: 0.144 Thread 0x0000027f0d32e800  112       3       java.util.zip.ZipFile$Source::addEntry (33 bytes)
Event: 0.144 Thread 0x0000027f0d32e800 nmethod 112 0x0000027eb6513810 code [0x0000027eb65139a0, 0x0000027eb6513b18]
Event: 0.144 Thread 0x0000027f0d32e800  113       3       java.util.zip.ZipFile$Source::isMetaName (141 bytes)
Event: 0.145 Thread 0x0000027f0d32e800 nmethod 113 0x0000027eb6513c10 code [0x0000027eb6513de0, 0x0000027eb65142d8]
Event: 0.152 Thread 0x0000027f0d32e800  114       3       java.lang.String::<init> (15 bytes)
Event: 0.153 Thread 0x0000027f0d32e800 nmethod 114 0x0000027eb6514490 code [0x0000027eb6514620, 0x0000027eb65147d8]
Event: 0.153 Thread 0x0000027f0d32e800  115       3       java.lang.Math::min (11 bytes)
Event: 0.153 Thread 0x0000027f0d32e800 nmethod 115 0x0000027eb6514890 code [0x0000027eb6514a20, 0x0000027eb6514b58]

GC Heap History (2 events):
Event: 0.174 GC heap before
{Heap before GC invocations=0 (full 0):
 garbage-first heap   total 129024K, used 1024K [0x0000000082600000, 0x0000000100000000)
  region size 1024K, 2 young (2048K), 0 survivors (0K)
 Metaspace       used 5551K, capacity 5642K, committed 5760K, reserved 1071104K
  class space    used 518K, capacity 554K, committed 640K, reserved 1048576K
}
Event: 0.176 GC heap after
{Heap after GC invocations=1 (full 0):
 garbage-first heap   total 129024K, used 698K [0x0000000082600000, 0x0000000100000000)
  region size 1024K, 1 young (1024K), 1 survivors (1024K)
 Metaspace       used 5551K, capacity 5642K, committed 5760K, reserved 1071104K
  class space    used 518K, capacity 554K, committed 640K, reserved 1048576K
}

Deoptimization events (4 events):
Event: 0.113 Thread 0x0000027ead7ad800 Uncommon trap: trap_request=0xffffff45 fr.pc=0x0000027ebda24270 relative=0x0000000000000210
Event: 0.113 Thread 0x0000027ead7ad800 Uncommon trap: reason=unstable_if action=reinterpret pc=0x0000027ebda24270 method=java.lang.String.hashCode()I @ 42 c2
Event: 0.113 Thread 0x0000027ead7ad800 DEOPT PACKING pc=0x0000027ebda24270 sp=0x000000c19ddfdd80
Event: 0.113 Thread 0x0000027ead7ad800 DEOPT UNPACKING pc=0x0000027eb5f9912f sp=0x000000c19ddfdd18 mode 2

Classes unloaded (0 events):
No events

Classes redefined (0 events):
No events

Internal exceptions (0 events):
No events

Events (20 events):
Event: 0.168 loading class java/util/function/Consumer
Event: 0.168 loading class java/util/function/Consumer done
Event: 0.168 loading class java/util/Spliterators$1Adapter done
Event: 0.168 loading class java/lang/invoke/LambdaMetafactory
Event: 0.168 loading class java/lang/invoke/LambdaMetafactory done
Event: 0.168 loading class java/lang/invoke/MethodHandles$Lookup
Event: 0.169 loading class java/lang/invoke/MethodHandles$Lookup done
Event: 0.169 loading class java/lang/invoke/MethodType$ConcurrentWeakInternSet
Event: 0.169 loading class java/lang/invoke/MethodType$ConcurrentWeakInternSet done
Event: 0.170 loading class java/lang/invoke/MethodTypeForm
Event: 0.170 loading class java/lang/invoke/MethodTypeForm done
Event: 0.170 loading class java/lang/invoke/MethodType$ConcurrentWeakInternSet$WeakEntry
Event: 0.170 loading class java/lang/invoke/MethodType$ConcurrentWeakInternSet$WeakEntry done
Event: 0.171 loading class java/lang/invoke/MethodHandles
Event: 0.172 loading class java/lang/invoke/MethodHandles done
Event: 0.172 loading class java/lang/invoke/MemberName$Factory
Event: 0.172 loading class java/lang/invoke/MemberName$Factory done
Event: 0.172 loading class java/lang/reflect/ReflectPermission
Event: 0.173 loading class java/lang/reflect/ReflectPermission done
Event: 0.173 Executing VM operation: CollectForMetadataAllocation


Dynamic libraries:
0x00007ff6c92e0000 - 0x00007ff6c92ef000 	C:\Program Files\Java\jdk-14.0.2\bin\java.exe
0x00007fface6d0000 - 0x00007fface8c6000 	C:\WINDOWS\SYSTEM32\ntdll.dll
0x00007ffacdbb0000 - 0x00007ffacdc6d000 	C:\WINDOWS\System32\KERNEL32.DLL
0x00007ffacc230000 - 0x00007ffacc4f8000 	C:\WINDOWS\System32\KERNELBASE.dll
0x00007ffac9490000 - 0x00007ffac9520000 	C:\WINDOWS\SYSTEM32\apphelp.dll
0x00007ffacc630000 - 0x00007ffacc730000 	C:\WINDOWS\System32\ucrtbase.dll
0x00007ffab7b50000 - 0x00007ffab7b65000 	C:\Program Files\Java\jdk-14.0.2\bin\VCRUNTIME140.dll
0x00007ffac6e80000 - 0x00007ffac6e98000 	C:\Program Files\Java\jdk-14.0.2\bin\jli.dll
0x00007ffacc7b0000 - 0x00007ffacc85c000 	C:\WINDOWS\System32\ADVAPI32.dll
0x00007fface000000 - 0x00007fface09e000 	C:\WINDOWS\System32\msvcrt.dll
0x00007ffacdc70000 - 0x00007ffacdd0b000 	C:\WINDOWS\System32\sechost.dll
0x00007ffacdea0000 - 0x00007ffacdfc4000 	C:\WINDOWS\System32\RPCRT4.dll
0x00007ffacd850000 - 0x00007ffacd9f0000 	C:\WINDOWS\System32\USER32.dll
0x00007ffacc600000 - 0x00007ffacc622000 	C:\WINDOWS\System32\win32u.dll
0x00007ffaa7b00000 - 0x00007ffaa7d9b000 	C:\WINDOWS\WinSxS\amd64_microsoft.windows.common-controls_6595b64144ccf1df_6.0.19041.488_none_ca04af081b815d21\COMCTL32.dll
0x00007fface660000 - 0x00007fface68a000 	C:\WINDOWS\System32\GDI32.dll
0x00007ffacbe10000 - 0x00007ffacbf19000 	C:\WINDOWS\System32\gdi32full.dll
0x00007ffacbf20000 - 0x00007ffacbfbd000 	C:\WINDOWS\System32\msvcp_win.dll
0x00007ffac97a0000 - 0x00007ffac97aa000 	C:\WINDOWS\SYSTEM32\VERSION.dll
0x00007ffacdfd0000 - 0x00007fface000000 	C:\WINDOWS\System32\IMM32.DLL
0x00007ffa9b7c0000 - 0x00007ffa9b85b000 	C:\Program Files\Java\jdk-14.0.2\bin\msvcp140.dll
0x00007ffa5d2e0000 - 0x00007ffa5ddfe000 	C:\Program Files\Java\jdk-14.0.2\bin\server\jvm.dll
0x00007ffacc860000 - 0x00007ffacc868000 	C:\WINDOWS\System32\PSAPI.DLL
0x00007ffac0b80000 - 0x00007ffac0ba7000 	C:\WINDOWS\SYSTEM32\WINMM.dll
0x00007ffabbe80000 - 0x00007ffabbe89000 	C:\WINDOWS\SYSTEM32\WSOCK32.dll
0x00007ffacda70000 - 0x00007ffacdadb000 	C:\WINDOWS\System32\WS2_32.dll
0x00007ffac9c80000 - 0x00007ffac9c92000 	C:\WINDOWS\SYSTEM32\kernel.appcore.dll
0x00007ffac9790000 - 0x00007ffac979a000 	C:\Program Files\Java\jdk-14.0.2\bin\jimage.dll
0x00007ffac3930000 - 0x00007ffac3b14000 	C:\WINDOWS\SYSTEM32\DBGHELP.DLL
0x00007ffac3620000 - 0x00007ffac364c000 	C:\WINDOWS\SYSTEM32\dbgcore.DLL
0x00007ffacc530000 - 0x00007ffacc5af000 	C:\WINDOWS\System32\bcryptPrimitives.dll
0x00007ffab78b0000 - 0x00007ffab78d5000 	C:\Program Files\Java\jdk-14.0.2\bin\java.dll
0x00007ffab74e0000 - 0x00007ffab74f6000 	C:\Program Files\Java\jdk-14.0.2\bin\zip.dll
0x00007ffaccfd0000 - 0x00007ffacd711000 	C:\WINDOWS\System32\SHELL32.dll
0x00007ffac9f60000 - 0x00007ffaca6f5000 	C:\WINDOWS\SYSTEM32\windows.storage.dll
0x00007fface250000 - 0x00007fface5a5000 	C:\WINDOWS\System32\combase.dll
0x00007ffacb880000 - 0x00007ffacb8ac000 	C:\WINDOWS\SYSTEM32\Wldp.dll
0x00007fface5b0000 - 0x00007fface65e000 	C:\WINDOWS\System32\SHCORE.dll
0x00007ffacdb50000 - 0x00007ffacdba5000 	C:\WINDOWS\System32\shlwapi.dll
0x00007ffacbd40000 - 0x00007ffacbd66000 	C:\WINDOWS\SYSTEM32\profapi.dll
0x00007ffab72c0000 - 0x00007ffab72d9000 	C:\Program Files\Java\jdk-14.0.2\bin\net.dll
0x00007ffac1890000 - 0x00007ffac1990000 	C:\WINDOWS\SYSTEM32\WINHTTP.dll
0x00007ffacb600000 - 0x00007ffacb66a000 	C:\WINDOWS\system32\mswsock.dll
0x00007ffab7280000 - 0x00007ffab7292000 	C:\Program Files\Java\jdk-14.0.2\bin\nio.dll

dbghelp: loaded successfully - version: 4.0.5 - missing functions: none
symbol engine: initialized successfully - sym options: 0x614 - pdb path: .;C:\Program Files\Java\jdk-14.0.2\bin;C:\WINDOWS\SYSTEM32;C:\WINDOWS\WinSxS\amd64_microsoft.windows.common-controls_6595b64144ccf1df_6.0.19041.488_none_ca04af081b815d21;C:\Program Files\Java\jdk-14.0.2\bin\server

VM Arguments:
jvm_args: -Dfile.encoding=UTF-8 
java_command: libraryproject.IssueBook
java_class_path (initial): E:\libraryProject\src\libraryproject\Jar\mysql-connector-java-5.1.49.jar;E:\libraryProject\src\libraryproject\Jar\rs2xml.jar;E:\libraryProject\src\libraryproject\Jar\jcalendar-tz-1.3.3-4.jar;E:\libraryProject\build\classes
Launcher Type: SUN_STANDARD

[Global flags]
     intx CICompilerCount                          = 4                                         {product} {ergonomic}
     uint ConcGCThreads                            = 2                                         {product} {ergonomic}
     uint G1ConcRefinementThreads                  = 8                                         {product} {ergonomic}
   size_t G1HeapRegionSize                         = 1048576                                   {product} {ergonomic}
    uintx GCDrainStackTargetSize                   = 64                                        {product} {ergonomic}
   size_t InitialHeapSize                          = 132120576                                 {product} {ergonomic}
   size_t MarkStackSize                            = 4194304                                   {product} {ergonomic}
   size_t MaxHeapSize                              = 2107637760                                {product} {ergonomic}
   size_t MaxNewSize                               = 1264582656                                {product} {ergonomic}
   size_t MinHeapDeltaBytes                        = 1048576                                   {product} {ergonomic}
   size_t MinHeapSize                              = 8388608                                   {product} {ergonomic}
    uintx NonNMethodCodeHeapSize                   = 5839372                                {pd product} {ergonomic}
    uintx NonProfiledCodeHeapSize                  = 122909434                              {pd product} {ergonomic}
    uintx ProfiledCodeHeapSize                     = 122909434                              {pd product} {ergonomic}
    uintx ReservedCodeCacheSize                    = 251658240                              {pd product} {ergonomic}
     bool SegmentedCodeCache                       = true                                      {product} {ergonomic}
   size_t SoftMaxHeapSize                          = 2107637760                             {manageable} {ergonomic}
     bool UseCompressedClassPointers               = true                                 {lp64_product} {ergonomic}
     bool UseCompressedOops                        = true                                 {lp64_product} {ergonomic}
     bool UseG1GC                                  = true                                      {product} {ergonomic}
     bool UseLargePagesIndividualAllocation        = false                                  {pd product} {ergonomic}

Logging:
Log output configuration:
 #0: stdout all=warning uptime,level,tags
 #1: stderr all=off uptime,level,tags

Environment Variables:
PATH=D:\app\oracle\product\10.2.0\server\bin;C:\WINDOWS\system32;C:\WINDOWS;C:\WINDOWS\System32\Wbem;C:\WINDOWS\System32\WindowsPowerShell\v1.0\;C:\WINDOWS\System32\OpenSSH\;C:\Program Files (x86)\Intel\Intel(R) Management Engine Components\DAL;C:\Program Files\Intel\Intel(R) Management Engine Components\DAL;C:\Program Files\Intel\WiFi\bin\;C:\Program Files\Common Files\Intel\WirelessCommon\;C:\Program Files\NVIDIA Corporation\NVIDIA NvDLISR;C:\Program Files\Java\jdk-14.0.2\bin;D:\python;C:\Program Files (x86)\NVIDIA Corporation\PhysX\Common;C:\Program Files\Git\cmd;C:\Program Files\MySQL\MySQL Shell 8.0\bin\;C:\Users\khushwant singh\miniconda3;C:\Users\khushwant singh\miniconda3\Library\mingw-w64\bin;C:\Users\khushwant singh\miniconda3\Library\usr\bin;C:\Users\khushwant singh\miniconda3\Library\bin;C:\Users\khushwant singh\miniconda3\Scripts;C:\Users\khushwant singh\AppData\Local\Programs\Python\Python38-32\Scripts\;C:\Users\khushwant singh\AppData\Local\Programs\Python\Python38-32\;C:\Users\khushwant singh\AppData\Local\Microsoft\WindowsApps;C:\Program Files\Intel\WiFi\bin\;C:\Program Files\Common Files\Intel\WirelessCommon\;C:\Program Files\JetBrains\PyCharm Community Edition 2020.2.1\bin;C:\Program Files\JetBrains\IntelliJ IDEA Community Edition 2020.2.1\bin;C:\Users\khushwant singh\AppData\Local\Programs\Microsoft VS Code\bin;C:\Users\khushwant singh\AppData\Local\atom\bin
USERNAME=khushwant singh
OS=Windows_NT
PROCESSOR_IDENTIFIER=Intel64 Family 6 Model 158 Stepping 10, GenuineIntel



---------------  S Y S T E M  ---------------

OS: Windows 10 , 64 bit Build 19041 (10.0.19041.546)
OS uptime: 13 days 5:21 hours

CPU:total 8 (initial active 8) (4 cores per cpu, 2 threads per core) family 6 model 158 stepping 10, cmov, cx8, fxsr, mmx, sse, sse2, sse3, ssse3, sse4.1, sse4.2, popcnt, avx, avx2, aes, clmul, erms, 3dnowpref, lzcnt, ht, tsc, tscinvbit, bmi1, bmi2, adx, fma

Memory: 4k page, system-wide physical 8034M (658M free)
TotalPageFile size 23153M (AvailPageFile size 3M)
current process WorkingSet (physical memory assigned to process): 31M, peak: 31M
current process commit charge ("private bytes"): 202M, peak: 203M

vm_info: Java HotSpot(TM) 64-Bit Server VM (14.0.2+12-46) for windows-amd64 JRE (14.0.2+12-46), built on Jul  9 2020 00:35:52 by "mach5one" with MS VC++ 15.9 (VS2017)

END.
