#
# There is insufficient memory for the Java Runtime Environment to continue.
# Native memory allocation (malloc) failed to allocate 36416 bytes for Chunk::new
# Possible reasons:
#   The system is out of physical RAM or swap space
#   The process is running with CompressedOops enabled, and the Java Heap may be blocking the growth of the native heap
# Possible solutions:
#   Reduce memory load on the system
#   Increase physical memory or swap space
#   Check if swap backing store is full
#   Decrease Java heap size (-Xmx/-Xms)
#   Decrease number of Java threads
#   Decrease Java thread stack sizes (-Xss)
#   Set larger code cache with -XX:ReservedCodeCacheSize=
#   JVM is running with Unscaled Compressed Oops mode in which the Java heap is
#     placed in the first 4GB address space. The Java Heap base address is the
#     maximum limit for the native heap growth. Please use -XX:HeapBaseMinAddress
#     to set the Java Heap base and to place the Java Heap above 4GB virtual address.
# This output file may be truncated or incomplete.
#
#  Out of Memory Error (./open/src/hotspot/share/memory/arena.cpp:195), pid=10384, tid=11176
#
# JRE version: Java(TM) SE Runtime Environment (14.0.2+12) (build 14.0.2+12-46)
# Java VM: Java HotSpot(TM) 64-Bit Server VM (14.0.2+12-46, mixed mode, tiered, compressed oops, g1 gc, windows-amd64)
# No core dump will be written. Minidumps are not enabled by default on client versions of Windows
#

---------------  S U M M A R Y ------------

Command Line: -Dfile.encoding=UTF-8 libraryproject.AddStudent

Host: Intel(R) Core(TM) i5-8300H CPU @ 2.30GHz, 8 cores, 7G,  Windows 10 , 64 bit Build 19041 (10.0.19041.546)
Time: Mon Nov 30 15:06:14 2020 India Standard Time elapsed time: 0 seconds (0d 0h 0m 0s)

---------------  T H R E A D  ---------------

Current thread (0x000001cf21b6c800):  JavaThread "C2 CompilerThread0" daemon [_thread_in_native, id=11176, stack(0x000000438f100000,0x000000438f200000)]


Current CompileTask:
C2:     97   62       4       java.lang.String::hashCode (60 bytes)

Stack: [0x000000438f100000,0x000000438f200000]
Native frames: (J=compiled Java code, j=interpreted, Vv=VM code, C=native code)
V  [jvm.dll+0x5f8a9a]
V  [jvm.dll+0x74247a]
V  [jvm.dll+0x743c2f]
V  [jvm.dll+0x744273]
V  [jvm.dll+0x20d288]
V  [jvm.dll+0xabb07]
V  [jvm.dll+0xac1fc]
V  [jvm.dll+0x276db4]
V  [jvm.dll+0x50cffa]
V  [jvm.dll+0x1ee1da]
V  [jvm.dll+0x1e7cfb]
V  [jvm.dll+0x1e4f98]
V  [jvm.dll+0x1779cc]
V  [jvm.dll+0x1f4105]
V  [jvm.dll+0x1f22eb]
V  [jvm.dll+0x7070cd]
V  [jvm.dll+0x6ffeda]
V  [jvm.dll+0x5f78f6]
C  [ucrtbase.dll+0x214c2]
C  [KERNEL32.DLL+0x17034]
C  [ntdll.dll+0x4cec1]


---------------  P R O C E S S  ---------------

Threads class SMR info:
_java_thread_list=0x000001cf21d1d450, length=11, elements={
0x000001cec1fac800, 0x000001cf21b3d800, 0x000001cf21b3e800, 0x000001cf21b66800,
0x000001cf21b68800, 0x000001cf21b6a800, 0x000001cf21b6c800, 0x000001cf21b73800,
0x000001cf21b7c000, 0x000001cf21d09800, 0x000001cf21d20000
}

Java Threads: ( => current thread )
  0x000001cec1fac800 JavaThread "main" [_thread_in_vm, id=20400, stack(0x000000438e500000,0x000000438e600000)]
  0x000001cf21b3d800 JavaThread "Reference Handler" daemon [_thread_blocked, id=1452, stack(0x000000438ec00000,0x000000438ed00000)]
  0x000001cf21b3e800 JavaThread "Finalizer" daemon [_thread_blocked, id=18308, stack(0x000000438ed00000,0x000000438ee00000)]
  0x000001cf21b66800 JavaThread "Signal Dispatcher" daemon [_thread_blocked, id=13176, stack(0x000000438ee00000,0x000000438ef00000)]
  0x000001cf21b68800 JavaThread "Attach Listener" daemon [_thread_blocked, id=8948, stack(0x000000438ef00000,0x000000438f000000)]
  0x000001cf21b6a800 JavaThread "Service Thread" daemon [_thread_blocked, id=8556, stack(0x000000438f000000,0x000000438f100000)]
=>0x000001cf21b6c800 JavaThread "C2 CompilerThread0" daemon [_thread_in_native, id=11176, stack(0x000000438f100000,0x000000438f200000)]
  0x000001cf21b73800 JavaThread "C1 CompilerThread0" daemon [_thread_blocked, id=6300, stack(0x000000438f200000,0x000000438f300000)]
  0x000001cf21b7c000 JavaThread "Sweeper thread" daemon [_thread_blocked, id=17352, stack(0x000000438f300000,0x000000438f400000)]
  0x000001cf21d09800 JavaThread "Notification Thread" daemon [_thread_blocked, id=13320, stack(0x000000438f400000,0x000000438f500000)]
  0x000001cf21d20000 JavaThread "Common-Cleaner" daemon [_thread_blocked, id=16648, stack(0x000000438f600000,0x000000438f700000)]

Other Threads:
  0x000001cf21b29800 VMThread "VM Thread" [stack: 0x000000438eb00000,0x000000438ec00000] [id=8344]
  0x000001cf21cfe000 WatcherThread [stack: 0x000000438f500000,0x000000438f600000] [id=16976]
  0x000001cec1fed000 GCTaskThread "GC Thread#0" [stack: 0x000000438e600000,0x000000438e700000] [id=12396]
  0x000001cec1ffe000 ConcurrentGCThread "G1 Main Marker" [stack: 0x000000438e700000,0x000000438e800000] [id=11712]
  0x000001cec2000000 ConcurrentGCThread "G1 Conc#0" [stack: 0x000000438e800000,0x000000438e900000] [id=20248]
  0x000001cee0e12800 ConcurrentGCThread "G1 Refine#0" [stack: 0x000000438e900000,0x000000438ea00000] [id=1880]
  0x000001cee0e13800 ConcurrentGCThread "G1 Young RemSet Sampling" [stack: 0x000000438ea00000,0x000000438eb00000] [id=18792]

Threads with active compile tasks:
C2 CompilerThread0      130   62       4       java.lang.String::hashCode (60 bytes)

VM state:not at safepoint (normal execution)

VM Mutex/Monitor currently owned by a thread: None

Heap address: 0x0000000082600000, size: 2010 MB, Compressed Oops mode: 32-bit
Narrow klass base: 0x0000000000000000, Narrow klass shift: 3
Compressed class space size: 1073741824 Address: 0x0000000100000000

Heap:
 garbage-first heap   total 129024K, used 1024K [0x0000000082600000, 0x0000000100000000)
  region size 1024K, 2 young (2048K), 0 survivors (0K)
 Metaspace       used 4493K, capacity 4544K, committed 4736K, reserved 1056768K
  class space    used 374K, capacity 384K, committed 384K, reserved 1048576K
Heap Regions: E=young(eden), S=young(survivor), O=old, HS=humongous(starts), HC=humongous(continues), CS=collection set, F=free, OA=open archive, CA=closed archive, TAMS=top-at-mark-start (previous, next)
|   0|0x0000000082600000, 0x0000000082600000, 0x0000000082700000|  0%| F|  |TAMS 0x0000000082600000, 0x0000000082600000| Untracked 
|   1|0x0000000082700000, 0x0000000082700000, 0x0000000082800000|  0%| F|  |TAMS 0x0000000082700000, 0x0000000082700000| Untracked 
|   2|0x0000000082800000, 0x0000000082800000, 0x0000000082900000|  0%| F|  |TAMS 0x0000000082800000, 0x0000000082800000| Untracked 
|   3|0x0000000082900000, 0x0000000082900000, 0x0000000082a00000|  0%| F|  |TAMS 0x0000000082900000, 0x0000000082900000| Untracked 
|   4|0x0000000082a00000, 0x0000000082a00000, 0x0000000082b00000|  0%| F|  |TAMS 0x0000000082a00000, 0x0000000082a00000| Untracked 
|   5|0x0000000082b00000, 0x0000000082b00000, 0x0000000082c00000|  0%| F|  |TAMS 0x0000000082b00000, 0x0000000082b00000| Untracked 
|   6|0x0000000082c00000, 0x0000000082c00000, 0x0000000082d00000|  0%| F|  |TAMS 0x0000000082c00000, 0x0000000082c00000| Untracked 
|   7|0x0000000082d00000, 0x0000000082d00000, 0x0000000082e00000|  0%| F|  |TAMS 0x0000000082d00000, 0x0000000082d00000| Untracked 
|   8|0x0000000082e00000, 0x0000000082e00000, 0x0000000082f00000|  0%| F|  |TAMS 0x0000000082e00000, 0x0000000082e00000| Untracked 
|   9|0x0000000082f00000, 0x0000000082f00000, 0x0000000083000000|  0%| F|  |TAMS 0x0000000082f00000, 0x0000000082f00000| Untracked 
|  10|0x0000000083000000, 0x0000000083000000, 0x0000000083100000|  0%| F|  |TAMS 0x0000000083000000, 0x0000000083000000| Untracked 
|  11|0x0000000083100000, 0x0000000083100000, 0x0000000083200000|  0%| F|  |TAMS 0x0000000083100000, 0x0000000083100000| Untracked 
|  12|0x0000000083200000, 0x0000000083200000, 0x0000000083300000|  0%| F|  |TAMS 0x0000000083200000, 0x0000000083200000| Untracked 
|  13|0x0000000083300000, 0x0000000083300000, 0x0000000083400000|  0%| F|  |TAMS 0x0000000083300000, 0x0000000083300000| Untracked 
|  14|0x0000000083400000, 0x0000000083400000, 0x0000000083500000|  0%| F|  |TAMS 0x0000000083400000, 0x0000000083400000| Untracked 
|  15|0x0000000083500000, 0x0000000083500000, 0x0000000083600000|  0%| F|  |TAMS 0x0000000083500000, 0x0000000083500000| Untracked 
|  16|0x0000000083600000, 0x0000000083600000, 0x0000000083700000|  0%| F|  |TAMS 0x0000000083600000, 0x0000000083600000| Untracked 
|  17|0x0000000083700000, 0x0000000083700000, 0x0000000083800000|  0%| F|  |TAMS 0x0000000083700000, 0x0000000083700000| Untracked 
|  18|0x0000000083800000, 0x0000000083800000, 0x0000000083900000|  0%| F|  |TAMS 0x0000000083800000, 0x0000000083800000| Untracked 
|  19|0x0000000083900000, 0x0000000083900000, 0x0000000083a00000|  0%| F|  |TAMS 0x0000000083900000, 0x0000000083900000| Untracked 
|  20|0x0000000083a00000, 0x0000000083a00000, 0x0000000083b00000|  0%| F|  |TAMS 0x0000000083a00000, 0x0000000083a00000| Untracked 
|  21|0x0000000083b00000, 0x0000000083b00000, 0x0000000083c00000|  0%| F|  |TAMS 0x0000000083b00000, 0x0000000083b00000| Untracked 
|  22|0x0000000083c00000, 0x0000000083c00000, 0x0000000083d00000|  0%| F|  |TAMS 0x0000000083c00000, 0x0000000083c00000| Untracked 
|  23|0x0000000083d00000, 0x0000000083d00000, 0x0000000083e00000|  0%| F|  |TAMS 0x0000000083d00000, 0x0000000083d00000| Untracked 
|  24|0x0000000083e00000, 0x0000000083e00000, 0x0000000083f00000|  0%| F|  |TAMS 0x0000000083e00000, 0x0000000083e00000| Untracked 
|  25|0x0000000083f00000, 0x0000000083f00000, 0x0000000084000000|  0%| F|  |TAMS 0x0000000083f00000, 0x0000000083f00000| Untracked 
|  26|0x0000000084000000, 0x0000000084000000, 0x0000000084100000|  0%| F|  |TAMS 0x0000000084000000, 0x0000000084000000| Untracked 
|  27|0x0000000084100000, 0x0000000084100000, 0x0000000084200000|  0%| F|  |TAMS 0x0000000084100000, 0x0000000084100000| Untracked 
|  28|0x0000000084200000, 0x0000000084200000, 0x0000000084300000|  0%| F|  |TAMS 0x0000000084200000, 0x0000000084200000| Untracked 
|  29|0x0000000084300000, 0x0000000084300000, 0x0000000084400000|  0%| F|  |TAMS 0x0000000084300000, 0x0000000084300000| Untracked 
|  30|0x0000000084400000, 0x0000000084400000, 0x0000000084500000|  0%| F|  |TAMS 0x0000000084400000, 0x0000000084400000| Untracked 
|  31|0x0000000084500000, 0x0000000084500000, 0x0000000084600000|  0%| F|  |TAMS 0x0000000084500000, 0x0000000084500000| Untracked 
|  32|0x0000000084600000, 0x0000000084600000, 0x0000000084700000|  0%| F|  |TAMS 0x0000000084600000, 0x0000000084600000| Untracked 
|  33|0x0000000084700000, 0x0000000084700000, 0x0000000084800000|  0%| F|  |TAMS 0x0000000084700000, 0x0000000084700000| Untracked 
|  34|0x0000000084800000, 0x0000000084800000, 0x0000000084900000|  0%| F|  |TAMS 0x0000000084800000, 0x0000000084800000| Untracked 
|  35|0x0000000084900000, 0x0000000084900000, 0x0000000084a00000|  0%| F|  |TAMS 0x0000000084900000, 0x0000000084900000| Untracked 
|  36|0x0000000084a00000, 0x0000000084a00000, 0x0000000084b00000|  0%| F|  |TAMS 0x0000000084a00000, 0x0000000084a00000| Untracked 
|  37|0x0000000084b00000, 0x0000000084b00000, 0x0000000084c00000|  0%| F|  |TAMS 0x0000000084b00000, 0x0000000084b00000| Untracked 
|  38|0x0000000084c00000, 0x0000000084c00000, 0x0000000084d00000|  0%| F|  |TAMS 0x0000000084c00000, 0x0000000084c00000| Untracked 
|  39|0x0000000084d00000, 0x0000000084d00000, 0x0000000084e00000|  0%| F|  |TAMS 0x0000000084d00000, 0x0000000084d00000| Untracked 
|  40|0x0000000084e00000, 0x0000000084e00000, 0x0000000084f00000|  0%| F|  |TAMS 0x0000000084e00000, 0x0000000084e00000| Untracked 
|  41|0x0000000084f00000, 0x0000000084f00000, 0x0000000085000000|  0%| F|  |TAMS 0x0000000084f00000, 0x0000000084f00000| Untracked 
|  42|0x0000000085000000, 0x0000000085000000, 0x0000000085100000|  0%| F|  |TAMS 0x0000000085000000, 0x0000000085000000| Untracked 
|  43|0x0000000085100000, 0x0000000085100000, 0x0000000085200000|  0%| F|  |TAMS 0x0000000085100000, 0x0000000085100000| Untracked 
|  44|0x0000000085200000, 0x0000000085200000, 0x0000000085300000|  0%| F|  |TAMS 0x0000000085200000, 0x0000000085200000| Untracked 
|  45|0x0000000085300000, 0x0000000085300000, 0x0000000085400000|  0%| F|  |TAMS 0x0000000085300000, 0x0000000085300000| Untracked 
|  46|0x0000000085400000, 0x0000000085400000, 0x0000000085500000|  0%| F|  |TAMS 0x0000000085400000, 0x0000000085400000| Untracked 
|  47|0x0000000085500000, 0x0000000085500000, 0x0000000085600000|  0%| F|  |TAMS 0x0000000085500000, 0x0000000085500000| Untracked 
|  48|0x0000000085600000, 0x0000000085600000, 0x0000000085700000|  0%| F|  |TAMS 0x0000000085600000, 0x0000000085600000| Untracked 
|  49|0x0000000085700000, 0x0000000085700000, 0x0000000085800000|  0%| F|  |TAMS 0x0000000085700000, 0x0000000085700000| Untracked 
|  50|0x0000000085800000, 0x0000000085800000, 0x0000000085900000|  0%| F|  |TAMS 0x0000000085800000, 0x0000000085800000| Untracked 
|  51|0x0000000085900000, 0x0000000085900000, 0x0000000085a00000|  0%| F|  |TAMS 0x0000000085900000, 0x0000000085900000| Untracked 
|  52|0x0000000085a00000, 0x0000000085a00000, 0x0000000085b00000|  0%| F|  |TAMS 0x0000000085a00000, 0x0000000085a00000| Untracked 
|  53|0x0000000085b00000, 0x0000000085b00000, 0x0000000085c00000|  0%| F|  |TAMS 0x0000000085b00000, 0x0000000085b00000| Untracked 
|  54|0x0000000085c00000, 0x0000000085c00000, 0x0000000085d00000|  0%| F|  |TAMS 0x0000000085c00000, 0x0000000085c00000| Untracked 
|  55|0x0000000085d00000, 0x0000000085d00000, 0x0000000085e00000|  0%| F|  |TAMS 0x0000000085d00000, 0x0000000085d00000| Untracked 
|  56|0x0000000085e00000, 0x0000000085e00000, 0x0000000085f00000|  0%| F|  |TAMS 0x0000000085e00000, 0x0000000085e00000| Untracked 
|  57|0x0000000085f00000, 0x0000000085f00000, 0x0000000086000000|  0%| F|  |TAMS 0x0000000085f00000, 0x0000000085f00000| Untracked 
|  58|0x0000000086000000, 0x0000000086000000, 0x0000000086100000|  0%| F|  |TAMS 0x0000000086000000, 0x0000000086000000| Untracked 
|  59|0x0000000086100000, 0x0000000086100000, 0x0000000086200000|  0%| F|  |TAMS 0x0000000086100000, 0x0000000086100000| Untracked 
|  60|0x0000000086200000, 0x0000000086200000, 0x0000000086300000|  0%| F|  |TAMS 0x0000000086200000, 0x0000000086200000| Untracked 
|  61|0x0000000086300000, 0x0000000086300000, 0x0000000086400000|  0%| F|  |TAMS 0x0000000086300000, 0x0000000086300000| Untracked 
|  62|0x0000000086400000, 0x0000000086400000, 0x0000000086500000|  0%| F|  |TAMS 0x0000000086400000, 0x0000000086400000| Untracked 
|  63|0x0000000086500000, 0x0000000086500000, 0x0000000086600000|  0%| F|  |TAMS 0x0000000086500000, 0x0000000086500000| Untracked 
|  64|0x0000000086600000, 0x0000000086600000, 0x0000000086700000|  0%| F|  |TAMS 0x0000000086600000, 0x0000000086600000| Untracked 
|  65|0x0000000086700000, 0x0000000086700000, 0x0000000086800000|  0%| F|  |TAMS 0x0000000086700000, 0x0000000086700000| Untracked 
|  66|0x0000000086800000, 0x0000000086800000, 0x0000000086900000|  0%| F|  |TAMS 0x0000000086800000, 0x0000000086800000| Untracked 
|  67|0x0000000086900000, 0x0000000086900000, 0x0000000086a00000|  0%| F|  |TAMS 0x0000000086900000, 0x0000000086900000| Untracked 
|  68|0x0000000086a00000, 0x0000000086a00000, 0x0000000086b00000|  0%| F|  |TAMS 0x0000000086a00000, 0x0000000086a00000| Untracked 
|  69|0x0000000086b00000, 0x0000000086b00000, 0x0000000086c00000|  0%| F|  |TAMS 0x0000000086b00000, 0x0000000086b00000| Untracked 
|  70|0x0000000086c00000, 0x0000000086c00000, 0x0000000086d00000|  0%| F|  |TAMS 0x0000000086c00000, 0x0000000086c00000| Untracked 
|  71|0x0000000086d00000, 0x0000000086d00000, 0x0000000086e00000|  0%| F|  |TAMS 0x0000000086d00000, 0x0000000086d00000| Untracked 
|  72|0x0000000086e00000, 0x0000000086e00000, 0x0000000086f00000|  0%| F|  |TAMS 0x0000000086e00000, 0x0000000086e00000| Untracked 
|  73|0x0000000086f00000, 0x0000000086f00000, 0x0000000087000000|  0%| F|  |TAMS 0x0000000086f00000, 0x0000000086f00000| Untracked 
|  74|0x0000000087000000, 0x0000000087000000, 0x0000000087100000|  0%| F|  |TAMS 0x0000000087000000, 0x0000000087000000| Untracked 
|  75|0x0000000087100000, 0x0000000087100000, 0x0000000087200000|  0%| F|  |TAMS 0x0000000087100000, 0x0000000087100000| Untracked 
|  76|0x0000000087200000, 0x0000000087200000, 0x0000000087300000|  0%| F|  |TAMS 0x0000000087200000, 0x0000000087200000| Untracked 
|  77|0x0000000087300000, 0x0000000087300000, 0x0000000087400000|  0%| F|  |TAMS 0x0000000087300000, 0x0000000087300000| Untracked 
|  78|0x0000000087400000, 0x0000000087400000, 0x0000000087500000|  0%| F|  |TAMS 0x0000000087400000, 0x0000000087400000| Untracked 
|  79|0x0000000087500000, 0x0000000087500000, 0x0000000087600000|  0%| F|  |TAMS 0x0000000087500000, 0x0000000087500000| Untracked 
|  80|0x0000000087600000, 0x0000000087600000, 0x0000000087700000|  0%| F|  |TAMS 0x0000000087600000, 0x0000000087600000| Untracked 
|  81|0x0000000087700000, 0x0000000087700000, 0x0000000087800000|  0%| F|  |TAMS 0x0000000087700000, 0x0000000087700000| Untracked 
|  82|0x0000000087800000, 0x0000000087800000, 0x0000000087900000|  0%| F|  |TAMS 0x0000000087800000, 0x0000000087800000| Untracked 
|  83|0x0000000087900000, 0x0000000087900000, 0x0000000087a00000|  0%| F|  |TAMS 0x0000000087900000, 0x0000000087900000| Untracked 
|  84|0x0000000087a00000, 0x0000000087a00000, 0x0000000087b00000|  0%| F|  |TAMS 0x0000000087a00000, 0x0000000087a00000| Untracked 
|  85|0x0000000087b00000, 0x0000000087b00000, 0x0000000087c00000|  0%| F|  |TAMS 0x0000000087b00000, 0x0000000087b00000| Untracked 
|  86|0x0000000087c00000, 0x0000000087c00000, 0x0000000087d00000|  0%| F|  |TAMS 0x0000000087c00000, 0x0000000087c00000| Untracked 
|  87|0x0000000087d00000, 0x0000000087d00000, 0x0000000087e00000|  0%| F|  |TAMS 0x0000000087d00000, 0x0000000087d00000| Untracked 
|  88|0x0000000087e00000, 0x0000000087e00000, 0x0000000087f00000|  0%| F|  |TAMS 0x0000000087e00000, 0x0000000087e00000| Untracked 
|  89|0x0000000087f00000, 0x0000000087f00000, 0x0000000088000000|  0%| F|  |TAMS 0x0000000087f00000, 0x0000000087f00000| Untracked 
|  90|0x0000000088000000, 0x0000000088000000, 0x0000000088100000|  0%| F|  |TAMS 0x0000000088000000, 0x0000000088000000| Untracked 
|  91|0x0000000088100000, 0x0000000088100000, 0x0000000088200000|  0%| F|  |TAMS 0x0000000088100000, 0x0000000088100000| Untracked 
|  92|0x0000000088200000, 0x0000000088200000, 0x0000000088300000|  0%| F|  |TAMS 0x0000000088200000, 0x0000000088200000| Untracked 
|  93|0x0000000088300000, 0x0000000088300000, 0x0000000088400000|  0%| F|  |TAMS 0x0000000088300000, 0x0000000088300000| Untracked 
|  94|0x0000000088400000, 0x0000000088400000, 0x0000000088500000|  0%| F|  |TAMS 0x0000000088400000, 0x0000000088400000| Untracked 
|  95|0x0000000088500000, 0x0000000088500000, 0x0000000088600000|  0%| F|  |TAMS 0x0000000088500000, 0x0000000088500000| Untracked 
|  96|0x0000000088600000, 0x0000000088600000, 0x0000000088700000|  0%| F|  |TAMS 0x0000000088600000, 0x0000000088600000| Untracked 
|  97|0x0000000088700000, 0x0000000088700000, 0x0000000088800000|  0%| F|  |TAMS 0x0000000088700000, 0x0000000088700000| Untracked 
|  98|0x0000000088800000, 0x0000000088800000, 0x0000000088900000|  0%| F|  |TAMS 0x0000000088800000, 0x0000000088800000| Untracked 
|  99|0x0000000088900000, 0x0000000088900000, 0x0000000088a00000|  0%| F|  |TAMS 0x0000000088900000, 0x0000000088900000| Untracked 
| 100|0x0000000088a00000, 0x0000000088a00000, 0x0000000088b00000|  0%| F|  |TAMS 0x0000000088a00000, 0x0000000088a00000| Untracked 
| 101|0x0000000088b00000, 0x0000000088b00000, 0x0000000088c00000|  0%| F|  |TAMS 0x0000000088b00000, 0x0000000088b00000| Untracked 
| 102|0x0000000088c00000, 0x0000000088c00000, 0x0000000088d00000|  0%| F|  |TAMS 0x0000000088c00000, 0x0000000088c00000| Untracked 
| 103|0x0000000088d00000, 0x0000000088d00000, 0x0000000088e00000|  0%| F|  |TAMS 0x0000000088d00000, 0x0000000088d00000| Untracked 
| 104|0x0000000088e00000, 0x0000000088e00000, 0x0000000088f00000|  0%| F|  |TAMS 0x0000000088e00000, 0x0000000088e00000| Untracked 
| 105|0x0000000088f00000, 0x0000000088f00000, 0x0000000089000000|  0%| F|  |TAMS 0x0000000088f00000, 0x0000000088f00000| Untracked 
| 106|0x0000000089000000, 0x0000000089000000, 0x0000000089100000|  0%| F|  |TAMS 0x0000000089000000, 0x0000000089000000| Untracked 
| 107|0x0000000089100000, 0x0000000089100000, 0x0000000089200000|  0%| F|  |TAMS 0x0000000089100000, 0x0000000089100000| Untracked 
| 108|0x0000000089200000, 0x0000000089200000, 0x0000000089300000|  0%| F|  |TAMS 0x0000000089200000, 0x0000000089200000| Untracked 
| 109|0x0000000089300000, 0x0000000089300000, 0x0000000089400000|  0%| F|  |TAMS 0x0000000089300000, 0x0000000089300000| Untracked 
| 110|0x0000000089400000, 0x0000000089400000, 0x0000000089500000|  0%| F|  |TAMS 0x0000000089400000, 0x0000000089400000| Untracked 
| 111|0x0000000089500000, 0x0000000089500000, 0x0000000089600000|  0%| F|  |TAMS 0x0000000089500000, 0x0000000089500000| Untracked 
| 112|0x0000000089600000, 0x0000000089600000, 0x0000000089700000|  0%| F|  |TAMS 0x0000000089600000, 0x0000000089600000| Untracked 
| 113|0x0000000089700000, 0x0000000089700000, 0x0000000089800000|  0%| F|  |TAMS 0x0000000089700000, 0x0000000089700000| Untracked 
| 114|0x0000000089800000, 0x0000000089800000, 0x0000000089900000|  0%| F|  |TAMS 0x0000000089800000, 0x0000000089800000| Untracked 
| 115|0x0000000089900000, 0x0000000089900000, 0x0000000089a00000|  0%| F|  |TAMS 0x0000000089900000, 0x0000000089900000| Untracked 
| 116|0x0000000089a00000, 0x0000000089a00000, 0x0000000089b00000|  0%| F|  |TAMS 0x0000000089a00000, 0x0000000089a00000| Untracked 
| 117|0x0000000089b00000, 0x0000000089b00000, 0x0000000089c00000|  0%| F|  |TAMS 0x0000000089b00000, 0x0000000089b00000| Untracked 
| 118|0x0000000089c00000, 0x0000000089c00000, 0x0000000089d00000|  0%| F|  |TAMS 0x0000000089c00000, 0x0000000089c00000| Untracked 
| 119|0x0000000089d00000, 0x0000000089d00000, 0x0000000089e00000|  0%| F|  |TAMS 0x0000000089d00000, 0x0000000089d00000| Untracked 
| 120|0x0000000089e00000, 0x0000000089e00000, 0x0000000089f00000|  0%| F|  |TAMS 0x0000000089e00000, 0x0000000089e00000| Untracked 
| 121|0x0000000089f00000, 0x0000000089f00000, 0x000000008a000000|  0%| F|  |TAMS 0x0000000089f00000, 0x0000000089f00000| Untracked 
| 122|0x000000008a000000, 0x000000008a000000, 0x000000008a100000|  0%| F|  |TAMS 0x000000008a000000, 0x000000008a000000| Untracked 
| 123|0x000000008a100000, 0x000000008a100000, 0x000000008a200000|  0%| F|  |TAMS 0x000000008a100000, 0x000000008a100000| Untracked 
| 124|0x000000008a200000, 0x000000008a276448, 0x000000008a300000| 46%| E|  |TAMS 0x000000008a200000, 0x000000008a200000| Complete 
| 125|0x000000008a300000, 0x000000008a400000, 0x000000008a400000|100%| E|CS|TAMS 0x000000008a300000, 0x000000008a300000| Complete 

Card table byte_map: [0x000001ced9e70000,0x000001ceda260000] _byte_map_base: 0x000001ced9a5d000

Marking Bits (Prev, Next): (CMBitMap*) 0x000001cec1fedb28, (CMBitMap*) 0x000001cec1fedb68
 Prev Bits: [0x000001ceda650000, 0x000001cedc5b8000)
 Next Bits: [0x000001cedc5c0000, 0x000001cede528000)

Polling page: 0x000001cebff30000

Metaspace:

Usage:
  Non-class:      4.19 MB capacity,     4.15 MB (>99%) used,    37.05 KB ( <1%) free+waste,   256 bytes ( <1%) overhead. 
      Class:    386.00 KB capacity,   385.07 KB (>99%) used,   824 bytes ( <1%) free+waste,   128 bytes ( <1%) overhead. 
       Both:      4.56 MB capacity,     4.53 MB (>99%) used,    37.86 KB ( <1%) free+waste,   384 bytes ( <1%) overhead. 

Virtual space:
  Non-class space:        8.00 MB reserved,       4.25 MB ( 53%) committed 
      Class space:        1.00 GB reserved,     512.00 KB ( <1%) committed 
             Both:        1.01 GB reserved,       4.75 MB ( <1%) committed 

Chunk freelists:
   Non-Class:  0 bytes
       Class:  0 bytes
        Both:  0 bytes

MaxMetaspaceSize: 17179869184.00 GB
CompressedClassSpaceSize: 1.00 GB

CodeHeap 'non-profiled nmethods': size=120000Kb used=18Kb max_used=18Kb free=119981Kb
 bounds [0x000001ced2220000, 0x000001ced2490000, 0x000001ced9750000]
CodeHeap 'profiled nmethods': size=120000Kb used=100Kb max_used=100Kb free=119899Kb
 bounds [0x000001cecacf0000, 0x000001cecaf60000, 0x000001ced2220000]
CodeHeap 'non-nmethods': size=5760Kb used=1092Kb max_used=1092Kb free=4667Kb
 bounds [0x000001ceca750000, 0x000001ceca9c0000, 0x000001cecacf0000]
 total_blobs=404 nmethods=79 adapters=238
 compilation: enabled
              stopped_count=0, restarted_count=0
 full_count=0

Compilation events (20 events):
Event: 0.093 Thread 0x000001cf21b73800   55       1       java.lang.module.ResolvedModule::configuration (5 bytes)
Event: 0.093 Thread 0x000001cf21b73800 nmethod 55 0x000001ced2222090 code [0x000001ced2222220, 0x000001ced22222d8]
Event: 0.093 Thread 0x000001cf21b73800   45       1       java.util.ImmutableCollections$SetN::size (5 bytes)
Event: 0.093 Thread 0x000001cf21b73800 nmethod 45 0x000001ced2222790 code [0x000001ced2222920, 0x000001ced22229d8]
Event: 0.094 Thread 0x000001cf21b73800   59       3       java.util.HashSet::add (20 bytes)
Event: 0.094 Thread 0x000001cf21b73800 nmethod 59 0x000001cecad03590 code [0x000001cecad03760, 0x000001cecad03b18]
Event: 0.094 Thread 0x000001cf21b73800   57       1       java.util.ImmutableCollections$Set12::isEmpty (2 bytes)
Event: 0.094 Thread 0x000001cf21b73800 nmethod 57 0x000001ced2222a90 code [0x000001ced2222c20, 0x000001ced2222cd8]
Event: 0.094 Thread 0x000001cf21b73800   56       1       java.lang.module.ModuleDescriptor$Exports::targets (5 bytes)
Event: 0.094 Thread 0x000001cf21b73800 nmethod 56 0x000001ced2222d90 code [0x000001ced2222f20, 0x000001ced2222fd8]
Event: 0.094 Thread 0x000001cf21b73800   61       3       java.util.ImmutableCollections$Set12$1::hasNext (13 bytes)
Event: 0.094 Thread 0x000001cf21b73800 nmethod 61 0x000001cecad03c90 code [0x000001cecad03e20, 0x000001cecad03f78]
Event: 0.094 Thread 0x000001cf21b73800   60       1       java.lang.module.ModuleDescriptor::isOpen (5 bytes)
Event: 0.094 Thread 0x000001cf21b6c800   62       4       java.lang.String::hashCode (60 bytes)
Event: 0.094 Thread 0x000001cf21b73800 nmethod 60 0x000001ced2223090 code [0x000001ced2223220, 0x000001ced22232d8]
Event: 0.094 Thread 0x000001cf21b73800   63       3       jdk.internal.module.ModuleBootstrap$2::hasNext (30 bytes)
Event: 0.095 Thread 0x000001cf21b73800 nmethod 63 0x000001cecad04010 code [0x000001cecad041c0, 0x000001cecad044d8]
Event: 0.095 Thread 0x000001cf21b73800   66       3       java.util.HashMap::resize (356 bytes)
Event: 0.096 Thread 0x000001cf21b73800 nmethod 66 0x000001cecad04610 code [0x000001cecad048c0, 0x000001cecad05ce8]
Event: 0.096 Thread 0x000001cf21b73800   64       3       java.util.HashMap::putIfAbsent (13 bytes)

GC Heap History (0 events):
No events

Deoptimization events (0 events):
No events

Classes unloaded (0 events):
No events

Classes redefined (0 events):
No events

Internal exceptions (0 events):
No events

Events (20 events):
Event: 0.093 loading class java/util/HashMap$KeyIterator
Event: 0.093 loading class java/util/HashMap$KeyIterator done
Event: 0.093 loading class java/lang/ModuleLayer$Controller
Event: 0.093 loading class java/lang/ModuleLayer$Controller done
Event: 0.093 loading class jdk/internal/module/IllegalAccessLogger$Mode
Event: 0.093 loading class jdk/internal/module/IllegalAccessLogger$Mode done
Event: 0.093 loading class jdk/internal/module/IllegalAccessLogger$Builder
Event: 0.093 loading class jdk/internal/module/IllegalAccessLogger$Builder done
Event: 0.093 loading class java/util/HashMap$Values
Event: 0.093 loading class java/util/HashMap$Values done
Event: 0.093 loading class java/util/HashMap$ValueIterator
Event: 0.093 loading class java/util/HashMap$ValueIterator done
Event: 0.094 loading class java/util/Collections$UnmodifiableSet
Event: 0.094 loading class java/util/Collections$UnmodifiableCollection
Event: 0.094 loading class java/util/Collections$UnmodifiableCollection done
Event: 0.094 loading class java/util/Collections$UnmodifiableSet done
Event: 0.094 loading class jdk/internal/module/ModuleBootstrap$2
Event: 0.094 loading class jdk/internal/module/ModuleBootstrap$2 done
Event: 0.095 loading class jdk/internal/module/IllegalAccessLogger
Event: 0.095 loading class jdk/internal/module/IllegalAccessLogger done


Dynamic libraries:
0x00007ff6c92e0000 - 0x00007ff6c92ef000 	C:\Program Files\Java\jdk-14.0.2\bin\java.exe
0x00007fface6d0000 - 0x00007fface8c6000 	C:\WINDOWS\SYSTEM32\ntdll.dll
0x00007ffacdbb0000 - 0x00007ffacdc6d000 	C:\WINDOWS\System32\KERNEL32.DLL
0x00007ffacc230000 - 0x00007ffacc4f8000 	C:\WINDOWS\System32\KERNELBASE.dll
0x00007ffac9490000 - 0x00007ffac9520000 	C:\WINDOWS\SYSTEM32\apphelp.dll
0x00007ffacc630000 - 0x00007ffacc730000 	C:\WINDOWS\System32\ucrtbase.dll
0x00007ffac6e80000 - 0x00007ffac6e98000 	C:\Program Files\Java\jdk-14.0.2\bin\jli.dll
0x00007ffab7b50000 - 0x00007ffab7b65000 	C:\Program Files\Java\jdk-14.0.2\bin\VCRUNTIME140.dll
0x00007ffacc7b0000 - 0x00007ffacc85c000 	C:\WINDOWS\System32\ADVAPI32.dll
0x00007fface000000 - 0x00007fface09e000 	C:\WINDOWS\System32\msvcrt.dll
0x00007ffacdc70000 - 0x00007ffacdd0b000 	C:\WINDOWS\System32\sechost.dll
0x00007ffacdea0000 - 0x00007ffacdfc4000 	C:\WINDOWS\System32\RPCRT4.dll
0x00007ffacd850000 - 0x00007ffacd9f0000 	C:\WINDOWS\System32\USER32.dll
0x00007ffacc600000 - 0x00007ffacc622000 	C:\WINDOWS\System32\win32u.dll
0x00007ffaa7b00000 - 0x00007ffaa7d9b000 	C:\WINDOWS\WinSxS\amd64_microsoft.windows.common-controls_6595b64144ccf1df_6.0.19041.488_none_ca04af081b815d21\COMCTL32.dll
0x00007fface660000 - 0x00007fface68a000 	C:\WINDOWS\System32\GDI32.dll
0x00007ffacbe10000 - 0x00007ffacbf19000 	C:\WINDOWS\System32\gdi32full.dll
0x00007ffacbf20000 - 0x00007ffacbfbd000 	C:\WINDOWS\System32\msvcp_win.dll
0x00007ffac97a0000 - 0x00007ffac97aa000 	C:\WINDOWS\SYSTEM32\VERSION.dll
0x00007ffacdfd0000 - 0x00007fface000000 	C:\WINDOWS\System32\IMM32.DLL
0x00007ffa9b7c0000 - 0x00007ffa9b85b000 	C:\Program Files\Java\jdk-14.0.2\bin\msvcp140.dll
0x00007ffa5d2e0000 - 0x00007ffa5ddfe000 	C:\Program Files\Java\jdk-14.0.2\bin\server\jvm.dll
0x00007ffacc860000 - 0x00007ffacc868000 	C:\WINDOWS\System32\PSAPI.DLL
0x00007ffabbe80000 - 0x00007ffabbe89000 	C:\WINDOWS\SYSTEM32\WSOCK32.dll
0x00007ffac0b80000 - 0x00007ffac0ba7000 	C:\WINDOWS\SYSTEM32\WINMM.dll
0x00007ffacda70000 - 0x00007ffacdadb000 	C:\WINDOWS\System32\WS2_32.dll
0x00007ffac9c80000 - 0x00007ffac9c92000 	C:\WINDOWS\SYSTEM32\kernel.appcore.dll
0x00007ffac9790000 - 0x00007ffac979a000 	C:\Program Files\Java\jdk-14.0.2\bin\jimage.dll
0x00007ffac3930000 - 0x00007ffac3b14000 	C:\WINDOWS\SYSTEM32\DBGHELP.DLL
0x00007ffac3620000 - 0x00007ffac364c000 	C:\WINDOWS\SYSTEM32\dbgcore.DLL
0x00007ffacc530000 - 0x00007ffacc5af000 	C:\WINDOWS\System32\bcryptPrimitives.dll
0x00007ffab78b0000 - 0x00007ffab78d5000 	C:\Program Files\Java\jdk-14.0.2\bin\java.dll
0x00007ffab74e0000 - 0x00007ffab74f6000 	C:\Program Files\Java\jdk-14.0.2\bin\zip.dll
0x00007ffaccfd0000 - 0x00007ffacd711000 	C:\WINDOWS\System32\SHELL32.dll
0x00007ffac9f60000 - 0x00007ffaca6f5000 	C:\WINDOWS\SYSTEM32\windows.storage.dll
0x00007fface250000 - 0x00007fface5a5000 	C:\WINDOWS\System32\combase.dll
0x00007ffacb880000 - 0x00007ffacb8ac000 	C:\WINDOWS\SYSTEM32\Wldp.dll
0x00007fface5b0000 - 0x00007fface65e000 	C:\WINDOWS\System32\SHCORE.dll
0x00007ffacdb50000 - 0x00007ffacdba5000 	C:\WINDOWS\System32\shlwapi.dll
0x00007ffacbd40000 - 0x00007ffacbd66000 	C:\WINDOWS\SYSTEM32\profapi.dll
0x00007ffab72c0000 - 0x00007ffab72d9000 	C:\Program Files\Java\jdk-14.0.2\bin\net.dll
0x00007ffac1890000 - 0x00007ffac1990000 	C:\WINDOWS\SYSTEM32\WINHTTP.dll

dbghelp: loaded successfully - version: 4.0.5 - missing functions: none
symbol engine: initialized successfully - sym options: 0x614 - pdb path: .;C:\Program Files\Java\jdk-14.0.2\bin;C:\WINDOWS\SYSTEM32;C:\WINDOWS\WinSxS\amd64_microsoft.windows.common-controls_6595b64144ccf1df_6.0.19041.488_none_ca04af081b815d21;C:\Program Files\Java\jdk-14.0.2\bin\server

VM Arguments:
jvm_args: -Dfile.encoding=UTF-8 
java_command: libraryproject.AddStudent
java_class_path (initial): E:\libraryProject\src\libraryproject\Jar\mysql-connector-java-5.1.49.jar;E:\libraryProject\src\libraryproject\Jar\rs2xml.jar;E:\libraryProject\src\libraryproject\Jar\jcalendar-tz-1.3.3-4.jar;E:\libraryProject\build\classes
Launcher Type: SUN_STANDARD

[Global flags]
     intx CICompilerCount                          = 4                                         {product} {ergonomic}
     uint ConcGCThreads                            = 2                                         {product} {ergonomic}
     uint G1ConcRefinementThreads                  = 8                                         {product} {ergonomic}
   size_t G1HeapRegionSize                         = 1048576                                   {product} {ergonomic}
    uintx GCDrainStackTargetSize                   = 64                                        {product} {ergonomic}
   size_t InitialHeapSize                          = 132120576                                 {product} {ergonomic}
   size_t MarkStackSize                            = 4194304                                   {product} {ergonomic}
   size_t MaxHeapSize                              = 2107637760                                {product} {ergonomic}
   size_t MaxNewSize                               = 1264582656                                {product} {ergonomic}
   size_t MinHeapDeltaBytes                        = 1048576                                   {product} {ergonomic}
   size_t MinHeapSize                              = 8388608                                   {product} {ergonomic}
    uintx NonNMethodCodeHeapSize                   = 5839372                                {pd product} {ergonomic}
    uintx NonProfiledCodeHeapSize                  = 122909434                              {pd product} {ergonomic}
    uintx ProfiledCodeHeapSize                     = 122909434                              {pd product} {ergonomic}
    uintx ReservedCodeCacheSize                    = 251658240                              {pd product} {ergonomic}
     bool SegmentedCodeCache                       = true                                      {product} {ergonomic}
   size_t SoftMaxHeapSize                          = 2107637760                             {manageable} {ergonomic}
     bool UseCompressedClassPointers               = true                                 {lp64_product} {ergonomic}
     bool UseCompressedOops                        = true                                 {lp64_product} {ergonomic}
     bool UseG1GC                                  = true                                      {product} {ergonomic}
     bool UseLargePagesIndividualAllocation        = false                                  {pd product} {ergonomic}

Logging:
Log output configuration:
 #0: stdout all=warning uptime,level,tags
 #1: stderr all=off uptime,level,tags

Environment Variables:
PATH=D:\app\oracle\product\10.2.0\server\bin;C:\WINDOWS\system32;C:\WINDOWS;C:\WINDOWS\System32\Wbem;C:\WINDOWS\System32\WindowsPowerShell\v1.0\;C:\WINDOWS\System32\OpenSSH\;C:\Program Files (x86)\Intel\Intel(R) Management Engine Components\DAL;C:\Program Files\Intel\Intel(R) Management Engine Components\DAL;C:\Program Files\Intel\WiFi\bin\;C:\Program Files\Common Files\Intel\WirelessCommon\;C:\Program Files\NVIDIA Corporation\NVIDIA NvDLISR;C:\Program Files\Java\jdk-14.0.2\bin;D:\python;C:\Program Files (x86)\NVIDIA Corporation\PhysX\Common;C:\Program Files\Git\cmd;C:\Program Files\MySQL\MySQL Shell 8.0\bin\;C:\Users\khushwant singh\miniconda3;C:\Users\khushwant singh\miniconda3\Library\mingw-w64\bin;C:\Users\khushwant singh\miniconda3\Library\usr\bin;C:\Users\khushwant singh\miniconda3\Library\bin;C:\Users\khushwant singh\miniconda3\Scripts;C:\Users\khushwant singh\AppData\Local\Programs\Python\Python38-32\Scripts\;C:\Users\khushwant singh\AppData\Local\Programs\Python\Python38-32\;C:\Users\khushwant singh\AppData\Local\Microsoft\WindowsApps;C:\Program Files\Intel\WiFi\bin\;C:\Program Files\Common Files\Intel\WirelessCommon\;C:\Program Files\JetBrains\PyCharm Community Edition 2020.2.1\bin;C:\Program Files\JetBrains\IntelliJ IDEA Community Edition 2020.2.1\bin;C:\Users\khushwant singh\AppData\Local\Programs\Microsoft VS Code\bin;C:\Users\khushwant singh\AppData\Local\atom\bin
USERNAME=khushwant singh
OS=Windows_NT
PROCESSOR_IDENTIFIER=Intel64 Family 6 Model 158 Stepping 10, GenuineIntel



---------------  S Y S T E M  ---------------

OS: Windows 10 , 64 bit Build 19041 (10.0.19041.546)
OS uptime: 13 days 5:20 hours

CPU:total 8 (initial active 8) (4 cores per cpu, 2 threads per core) family 6 model 158 stepping 10, cmov, cx8, fxsr, mmx, sse, sse2, sse3, ssse3, sse4.1, sse4.2, popcnt, avx, avx2, aes, clmul, erms, 3dnowpref, lzcnt, ht, tsc, tscinvbit, bmi1, bmi2, adx, fma

Memory: 4k page, system-wide physical 8034M (682M free)
TotalPageFile size 23153M (AvailPageFile size 3M)
current process WorkingSet (physical memory assigned to process): 29M, peak: 29M
current process commit charge ("private bytes"): 202M, peak: 203M

vm_info: Java HotSpot(TM) 64-Bit Server VM (14.0.2+12-46) for windows-amd64 JRE (14.0.2+12-46), built on Jul  9 2020 00:35:52 by "mach5one" with MS VC++ 15.9 (VS2017)

END.
