#
# There is insufficient memory for the Java Runtime Environment to continue.
# Native memory allocation (malloc) failed to allocate 1325616 bytes for Chunk::new
# Possible reasons:
#   The system is out of physical RAM or swap space
#   The process is running with CompressedOops enabled, and the Java Heap may be blocking the growth of the native heap
# Possible solutions:
#   Reduce memory load on the system
#   Increase physical memory or swap space
#   Check if swap backing store is full
#   Decrease Java heap size (-Xmx/-Xms)
#   Decrease number of Java threads
#   Decrease Java thread stack sizes (-Xss)
#   Set larger code cache with -XX:ReservedCodeCacheSize=
#   JVM is running with Unscaled Compressed Oops mode in which the Java heap is
#     placed in the first 4GB address space. The Java Heap base address is the
#     maximum limit for the native heap growth. Please use -XX:HeapBaseMinAddress
#     to set the Java Heap base and to place the Java Heap above 4GB virtual address.
# This output file may be truncated or incomplete.
#
#  Out of Memory Error (./open/src/hotspot/share/memory/arena.cpp:195), pid=10764, tid=16296
#
# JRE version: Java(TM) SE Runtime Environment (14.0.2+12) (build 14.0.2+12-46)
# Java VM: Java HotSpot(TM) 64-Bit Server VM (14.0.2+12-46, mixed mode, sharing, tiered, compressed oops, g1 gc, windows-amd64)
# No core dump will be written. Minidumps are not enabled by default on client versions of Windows
#

---------------  S U M M A R Y ------------

Command Line: -Dapplication.home=C:\Program Files\Java\jdk-14.0.2 --add-modules=ALL-DEFAULT -Xms8m -Djdk.module.main=jdk.compiler jdk.compiler/com.sun.tools.javac.Main -d E:\libraryProject\build\classes -classpath E:\libraryProject\build\classes;E:\libraryProject\src\libraryproject\Jar\mysql-connector-java-5.1.49.jar;E:\libraryProject\src\libraryproject\Jar\rs2xml.jar;E:\libraryProject\src\libraryproject\Jar\jcalendar-tz-1.3.3-4.jar -sourcepath E:\libraryProject\build\empty -target 14 -encoding UTF-8 -g -processorpath E:\libraryProject\src\libraryproject\Jar\mysql-connector-java-5.1.49.jar;E:\libraryProject\src\libraryproject\Jar\rs2xml.jar;E:\libraryProject\src\libraryproject\Jar\jcalendar-tz-1.3.3-4.jar;E:\libraryProject\build\empty -s E:\libraryProject\build\generated-sources\ap-source-output -source 14 E:\libraryProject\src\libraryproject\BookDetails.java E:\libraryProject\src\libraryproject\Home.java E:\libraryProject\src\libraryproject\Statistics.java E:\libraryProject\src\libraryproject\StudentDetails.java E:\libraryProject\src\libraryproject\aboutUs.java

Host: Intel(R) Core(TM) i5-8300H CPU @ 2.30GHz, 8 cores, 7G,  Windows 10 , 64 bit Build 19041 (10.0.19041.546)
Time: Mon Nov 30 15:22:50 2020 India Standard Time elapsed time: 0 seconds (0d 0h 0m 0s)

---------------  T H R E A D  ---------------

Current thread (0x0000027d66d15000):  JavaThread "C2 CompilerThread2" daemon [_thread_in_native, id=16296, stack(0x000000c69e600000,0x000000c69e700000)]


Current CompileTask:
C2:    666 1395   !   4       com.sun.tools.javac.jvm.ClassReader::classSigToType (497 bytes)

Stack: [0x000000c69e600000,0x000000c69e700000]
Native frames: (J=compiled Java code, j=interpreted, Vv=VM code, C=native code)
V  [jvm.dll+0x5f8a9a]
V  [jvm.dll+0x74247a]
V  [jvm.dll+0x743c2f]
V  [jvm.dll+0x744273]
V  [jvm.dll+0x20d288]
V  [jvm.dll+0xabb07]
V  [jvm.dll+0xac1fc]
V  [jvm.dll+0x276db4]
V  [jvm.dll+0x50cffa]
V  [jvm.dll+0x1ee1da]
V  [jvm.dll+0x1e7cfb]
V  [jvm.dll+0x1e4f98]
V  [jvm.dll+0x1779cc]
V  [jvm.dll+0x1f4105]
V  [jvm.dll+0x1f22eb]
V  [jvm.dll+0x7070cd]
V  [jvm.dll+0x6ffeda]
V  [jvm.dll+0x5f78f6]
C  [ucrtbase.dll+0x214c2]
C  [KERNEL32.DLL+0x17034]
C  [ntdll.dll+0x4cec1]


---------------  P R O C E S S  ---------------

Threads class SMR info:
_java_thread_list=0x0000027d66e31340, length=13, elements={
0x0000027d46d5d800, 0x0000027d664b9800, 0x0000027d664bb000, 0x0000027d664d3000,
0x0000027d664d5000, 0x0000027d664d5800, 0x0000027d664dc800, 0x0000027d664e7800,
0x0000027d6650d000, 0x0000027d6671b000, 0x0000027d66733800, 0x0000027d6679d000,
0x0000027d66d15000
}

Java Threads: ( => current thread )
  0x0000027d46d5d800 JavaThread "main" [_thread_in_vm, id=10148, stack(0x000000c69d200000,0x000000c69d300000)]
  0x0000027d664b9800 JavaThread "Reference Handler" daemon [_thread_blocked, id=4076, stack(0x000000c69d900000,0x000000c69da00000)]
  0x0000027d664bb000 JavaThread "Finalizer" daemon [_thread_blocked, id=15068, stack(0x000000c69da00000,0x000000c69db00000)]
  0x0000027d664d3000 JavaThread "Signal Dispatcher" daemon [_thread_blocked, id=15512, stack(0x000000c69db00000,0x000000c69dc00000)]
  0x0000027d664d5000 JavaThread "Attach Listener" daemon [_thread_blocked, id=12936, stack(0x000000c69dc00000,0x000000c69dd00000)]
  0x0000027d664d5800 JavaThread "Service Thread" daemon [_thread_blocked, id=18924, stack(0x000000c69dd00000,0x000000c69de00000)]
  0x0000027d664dc800 JavaThread "C2 CompilerThread0" daemon [_thread_in_native, id=7368, stack(0x000000c69de00000,0x000000c69df00000)]
  0x0000027d664e7800 JavaThread "C1 CompilerThread0" daemon [_thread_in_native, id=6580, stack(0x000000c69df00000,0x000000c69e000000)]
  0x0000027d6650d000 JavaThread "Sweeper thread" daemon [_thread_blocked, id=1540, stack(0x000000c69e000000,0x000000c69e100000)]
  0x0000027d6671b000 JavaThread "Common-Cleaner" daemon [_thread_blocked, id=16300, stack(0x000000c69e100000,0x000000c69e200000)]
  0x0000027d66733800 JavaThread "C2 CompilerThread1" daemon [_thread_in_native, id=18300, stack(0x000000c69e200000,0x000000c69e300000)]
  0x0000027d6679d000 JavaThread "Notification Thread" daemon [_thread_blocked, id=11216, stack(0x000000c69e300000,0x000000c69e400000)]
=>0x0000027d66d15000 JavaThread "C2 CompilerThread2" daemon [_thread_in_native, id=16296, stack(0x000000c69e600000,0x000000c69e700000)]

Other Threads:
  0x0000027d664b6800 VMThread "VM Thread" [stack: 0x000000c69d800000,0x000000c69d900000] [id=15872]
  0x0000027d667e1000 WatcherThread [stack: 0x000000c69e400000,0x000000c69e500000] [id=12944]
  0x0000027d46da2800 GCTaskThread "GC Thread#0" [stack: 0x000000c69d300000,0x000000c69d400000] [id=17916]
  0x0000027d66965800 GCTaskThread "GC Thread#1" [stack: 0x000000c69e500000,0x000000c69e600000] [id=2544]
  0x0000027d46db3800 ConcurrentGCThread "G1 Main Marker" [stack: 0x000000c69d400000,0x000000c69d500000] [id=9524]
  0x0000027d46db4800 ConcurrentGCThread "G1 Conc#0" [stack: 0x000000c69d500000,0x000000c69d600000] [id=17696]
  0x0000027d66bee000 ConcurrentGCThread "G1 Conc#1" [stack: 0x000000c69e700000,0x000000c69e800000] [id=19328]
  0x0000027d46de6800 ConcurrentGCThread "G1 Refine#0" [stack: 0x000000c69d600000,0x000000c69d700000] [id=14376]
  0x0000027d46dea800 ConcurrentGCThread "G1 Young RemSet Sampling" [stack: 0x000000c69d700000,0x000000c69d800000] [id=17360]

Threads with active compile tasks:
C2 CompilerThread0      685 1644       4       com.sun.tools.javac.jvm.ClassReader::sigToType (893 bytes)
C1 CompilerThread0      685 1694       3       java.lang.invoke.MemberName::checkForTypeAlias (172 bytes)
C2 CompilerThread1      685 1618       4       com.sun.tools.javac.jvm.PoolReader::resolve (341 bytes)
C2 CompilerThread2      685 1395   !   4       com.sun.tools.javac.jvm.ClassReader::classSigToType (497 bytes)

VM state:not at safepoint (normal execution)

VM Mutex/Monitor currently owned by a thread: None

Heap address: 0x0000000082600000, size: 2010 MB, Compressed Oops mode: 32-bit
Narrow klass base: 0x0000000800000000, Narrow klass shift: 3
Compressed class space size: 1073741824 Address: 0x0000000800b30000

Heap:
 garbage-first heap   total 22528K, used 11709K [0x0000000082600000, 0x0000000100000000)
  region size 1024K, 2 young (2048K), 1 survivors (1024K)
 Metaspace       used 10135K, capacity 12567K, committed 12800K, reserved 1060864K
  class space    used 1192K, capacity 1493K, committed 1536K, reserved 1048576K
Heap Regions: E=young(eden), S=young(survivor), O=old, HS=humongous(starts), HC=humongous(continues), CS=collection set, F=free, OA=open archive, CA=closed archive, TAMS=top-at-mark-start (previous, next)
|   0|0x0000000082600000, 0x0000000082700000, 0x0000000082700000|100%| O|  |TAMS 0x0000000082700000, 0x0000000082600000| Untracked 
|   1|0x0000000082700000, 0x0000000082800000, 0x0000000082800000|100%| O|  |TAMS 0x0000000082800000, 0x0000000082700000| Untracked 
|   2|0x0000000082800000, 0x0000000082900000, 0x0000000082900000|100%| O|  |TAMS 0x0000000082900000, 0x0000000082800000| Untracked 
|   3|0x0000000082900000, 0x0000000082a00000, 0x0000000082a00000|100%| O|  |TAMS 0x0000000082a00000, 0x0000000082900000| Untracked 
|   4|0x0000000082a00000, 0x0000000082b00000, 0x0000000082b00000|100%| O|  |TAMS 0x0000000082a4bc00, 0x0000000082a00000| Untracked 
|   5|0x0000000082b00000, 0x0000000082c00000, 0x0000000082c00000|100%| O|  |TAMS 0x0000000082b00000, 0x0000000082b00000| Untracked 
|   6|0x0000000082c00000, 0x0000000082d00000, 0x0000000082d00000|100%| O|  |TAMS 0x0000000082c00000, 0x0000000082c00000| Untracked 
|   7|0x0000000082d00000, 0x0000000082e00000, 0x0000000082e00000|100%| O|  |TAMS 0x0000000082d00000, 0x0000000082d00000| Untracked 
|   8|0x0000000082e00000, 0x0000000082f00000, 0x0000000082f00000|100%| O|  |TAMS 0x0000000082e00000, 0x0000000082e00000| Untracked 
|   9|0x0000000082f00000, 0x0000000083000000, 0x0000000083000000|100%|HS|  |TAMS 0x0000000082f00000, 0x0000000082f00000| Complete 
|  10|0x0000000083000000, 0x000000008306f600, 0x0000000083100000| 43%| O|  |TAMS 0x0000000083000000, 0x0000000083000000| Untracked 
|  11|0x0000000083100000, 0x0000000083100000, 0x0000000083200000|  0%| F|  |TAMS 0x0000000083100000, 0x0000000083100000| Untracked 
|  12|0x0000000083200000, 0x0000000083200000, 0x0000000083300000|  0%| F|  |TAMS 0x0000000083200000, 0x0000000083200000| Untracked 
|  13|0x0000000083300000, 0x0000000083300000, 0x0000000083400000|  0%| F|  |TAMS 0x0000000083300000, 0x0000000083300000| Untracked 
|  14|0x0000000083400000, 0x0000000083400000, 0x0000000083500000|  0%| F|  |TAMS 0x0000000083400000, 0x0000000083400000| Untracked 
|  15|0x0000000083500000, 0x0000000083600000, 0x0000000083600000|100%| S|CS|TAMS 0x0000000083500000, 0x0000000083500000| Complete 
|  16|0x0000000083600000, 0x0000000083600000, 0x0000000083700000|  0%| F|  |TAMS 0x0000000083600000, 0x0000000083600000| Untracked 
|  17|0x0000000083700000, 0x0000000083700000, 0x0000000083800000|  0%| F|  |TAMS 0x0000000083700000, 0x0000000083700000| Untracked 
|  18|0x0000000083800000, 0x0000000083800000, 0x0000000083900000|  0%| F|  |TAMS 0x0000000083800000, 0x0000000083800000| Untracked 
|  19|0x0000000083900000, 0x0000000083900000, 0x0000000083a00000|  0%| F|  |TAMS 0x0000000083900000, 0x0000000083900000| Untracked 
|  20|0x0000000083a00000, 0x0000000083a00000, 0x0000000083b00000|  0%| F|  |TAMS 0x0000000083a00000, 0x0000000083a00000| Untracked 
|  21|0x0000000083b00000, 0x0000000083be1358, 0x0000000083c00000| 87%| E|  |TAMS 0x0000000083b00000, 0x0000000083b00000| Complete 

Card table byte_map: [0x0000027d5ec30000,0x0000027d5f020000] _byte_map_base: 0x0000027d5e81d000

Marking Bits (Prev, Next): (CMBitMap*) 0x0000027d46da2da8, (CMBitMap*) 0x0000027d46da2d68
 Prev Bits: [0x0000027d61380000, 0x0000027d632e8000)
 Next Bits: [0x0000027d5f410000, 0x0000027d61378000)

Polling page: 0x0000027d44c80000

Metaspace:

Usage:
  Non-class:     10.81 MB capacity,     8.73 MB ( 81%) used,     2.05 MB ( 19%) free+waste,    33.63 KB ( <1%) overhead. 
      Class:      1.46 MB capacity,     1.16 MB ( 80%) used,   283.99 KB ( 19%) free+waste,    16.56 KB (  1%) overhead. 
       Both:     12.27 MB capacity,     9.90 MB ( 81%) used,     2.33 MB ( 19%) free+waste,    50.19 KB ( <1%) overhead. 

Virtual space:
  Non-class space:       12.00 MB reserved,      11.00 MB ( 92%) committed 
      Class space:        1.00 GB reserved,       1.50 MB ( <1%) committed 
             Both:        1.01 GB reserved,      12.50 MB (  1%) committed 

Chunk freelists:
   Non-Class:  0 bytes
       Class:  11.00 KB
        Both:  11.00 KB

MaxMetaspaceSize: 17179869184.00 GB
CompressedClassSpaceSize: 1.00 GB

CodeHeap 'non-profiled nmethods': size=120000Kb used=680Kb max_used=680Kb free=119319Kb
 bounds [0x0000027d56fe0000, 0x0000027d57250000, 0x0000027d5e510000]
CodeHeap 'profiled nmethods': size=120000Kb used=3461Kb max_used=3461Kb free=116538Kb
 bounds [0x0000027d4fab0000, 0x0000027d4fe20000, 0x0000027d56fe0000]
CodeHeap 'non-nmethods': size=5760Kb used=1172Kb max_used=1209Kb free=4588Kb
 bounds [0x0000027d4f510000, 0x0000027d4f780000, 0x0000027d4fab0000]
 total_blobs=2108 nmethods=1686 adapters=333
 compilation: enabled
              stopped_count=0, restarted_count=0
 full_count=0

Compilation events (20 events):
Event: 0.662 Thread 0x0000027d664e7800 1652       3       com.sun.tools.javac.file.RelativePath::hashCode (8 bytes)
Event: 0.662 Thread 0x0000027d664dc800 1644       4       com.sun.tools.javac.jvm.ClassReader::sigToType (893 bytes)
Event: 0.662 Thread 0x0000027d664e7800 nmethod 1652 0x0000027d4fdf7790 code [0x0000027d4fdf7940, 0x0000027d4fdf7a88]
Event: 0.662 Thread 0x0000027d664e7800 1654       3       com.sun.tools.javac.code.Symbol::isDeprecated (19 bytes)
Event: 0.662 Thread 0x0000027d664e7800 nmethod 1654 0x0000027d4fdf7b90 code [0x0000027d4fdf7d20, 0x0000027d4fdf7eb8]
Event: 0.662 Thread 0x0000027d664e7800 1656       3       com.sun.tools.javac.code.Scope::getSymbolsByName (10 bytes)
Event: 0.663 Thread 0x0000027d664e7800 nmethod 1656 0x0000027d4fdf7f90 code [0x0000027d4fdf8140, 0x0000027d4fdf8328]
Event: 0.663 Thread 0x0000027d664e7800 1655       3       com.sun.tools.javac.code.Types::isSubtype (183 bytes)
Event: 0.664 Thread 0x0000027d664e7800 nmethod 1655 0x0000027d4fdf8410 code [0x0000027d4fdf88c0, 0x0000027d4fdfb998]
Event: 0.664 Thread 0x0000027d664e7800 1658       3       com.sun.tools.javac.code.Types::closure (153 bytes)
Event: 0.664 Thread 0x0000027d66733800 nmethod 1625 0x0000027d57087010 code [0x0000027d57087200, 0x0000027d57088548]
Event: 0.664 Thread 0x0000027d66733800 1664       4       com.sun.tools.javac.util.List::isEmpty (13 bytes)
Event: 0.664 Thread 0x0000027d66733800 nmethod 1664 0x0000027d57088890 code [0x0000027d57088a20, 0x0000027d57088ab8]
Event: 0.664 Thread 0x0000027d66733800 1594       4       jdk.internal.jrtfs.JrtFileAttributes::isDirectory (8 bytes)
Event: 0.665 Thread 0x0000027d66733800 nmethod 1594 0x0000027d57088b90 code [0x0000027d57088d20, 0x0000027d57088df8]
Event: 0.665 Thread 0x0000027d66733800 1618       4       com.sun.tools.javac.jvm.PoolReader::resolve (341 bytes)
Event: 0.665 Thread 0x0000027d664e7800 nmethod 1658 0x0000027d4fdfc410 code [0x0000027d4fdfc7c0, 0x0000027d4fdfe6f8]
Event: 0.665 Thread 0x0000027d664e7800 1660       3       com.sun.tools.javac.code.Type::equals (11 bytes)
Event: 0.665 Thread 0x0000027d664e7800 nmethod 1660 0x0000027d4fdfef10 code [0x0000027d4fdff0a0, 0x0000027d4fdff218]
Event: 0.665 Thread 0x0000027d664e7800 1662       3       com.sun.tools.javac.code.Types$13::visitClassType (10 bytes)

GC Heap History (20 events):
Event: 0.431 GC heap before
{Heap before GC invocations=6 (full 0):
 garbage-first heap   total 10240K, used 5530K [0x0000000082600000, 0x0000000100000000)
  region size 1024K, 3 young (3072K), 1 survivors (1024K)
 Metaspace       used 8965K, capacity 11665K, committed 11904K, reserved 1060864K
  class space    used 1070K, capacity 1367K, committed 1408K, reserved 1048576K
}
Event: 0.434 GC heap after
{Heap after GC invocations=7 (full 0):
 garbage-first heap   total 10240K, used 4478K [0x0000000082600000, 0x0000000100000000)
  region size 1024K, 1 young (1024K), 1 survivors (1024K)
 Metaspace       used 8965K, capacity 11665K, committed 11904K, reserved 1060864K
  class space    used 1070K, capacity 1367K, committed 1408K, reserved 1048576K
}
Event: 0.442 GC heap before
{Heap before GC invocations=7 (full 0):
 garbage-first heap   total 10240K, used 5502K [0x0000000082600000, 0x0000000100000000)
  region size 1024K, 2 young (2048K), 1 survivors (1024K)
 Metaspace       used 8994K, capacity 11665K, committed 11904K, reserved 1060864K
  class space    used 1070K, capacity 1367K, committed 1408K, reserved 1048576K
}
Event: 0.444 GC heap after
{Heap after GC invocations=8 (full 0):
 garbage-first heap   total 10240K, used 4649K [0x0000000082600000, 0x0000000100000000)
  region size 1024K, 1 young (1024K), 1 survivors (1024K)
 Metaspace       used 8994K, capacity 11665K, committed 11904K, reserved 1060864K
  class space    used 1070K, capacity 1367K, committed 1408K, reserved 1048576K
}
Event: 0.445 GC heap before
{Heap before GC invocations=8 (full 0):
 garbage-first heap   total 10240K, used 5673K [0x0000000082600000, 0x0000000100000000)
  region size 1024K, 2 young (2048K), 1 survivors (1024K)
 Metaspace       used 8998K, capacity 11665K, committed 11904K, reserved 1060864K
  class space    used 1070K, capacity 1367K, committed 1408K, reserved 1048576K
}
Event: 0.446 GC heap after
{Heap after GC invocations=9 (full 0):
 garbage-first heap   total 15360K, used 4707K [0x0000000082600000, 0x0000000100000000)
  region size 1024K, 1 young (1024K), 1 survivors (1024K)
 Metaspace       used 8998K, capacity 11665K, committed 11904K, reserved 1060864K
  class space    used 1070K, capacity 1367K, committed 1408K, reserved 1048576K
}
Event: 0.479 GC heap before
{Heap before GC invocations=10 (full 0):
 garbage-first heap   total 15360K, used 7779K [0x0000000082600000, 0x0000000100000000)
  region size 1024K, 4 young (4096K), 1 survivors (1024K)
 Metaspace       used 9109K, capacity 11748K, committed 11904K, reserved 1060864K
  class space    used 1076K, capacity 1372K, committed 1408K, reserved 1048576K
}
Event: 0.481 GC heap after
{Heap after GC invocations=11 (full 0):
 garbage-first heap   total 15360K, used 5068K [0x0000000082600000, 0x0000000100000000)
  region size 1024K, 1 young (1024K), 1 survivors (1024K)
 Metaspace       used 9109K, capacity 11748K, committed 11904K, reserved 1060864K
  class space    used 1076K, capacity 1372K, committed 1408K, reserved 1048576K
}
Event: 0.491 GC heap before
{Heap before GC invocations=11 (full 0):
 garbage-first heap   total 15360K, used 8140K [0x0000000082600000, 0x0000000100000000)
  region size 1024K, 4 young (4096K), 1 survivors (1024K)
 Metaspace       used 9124K, capacity 11749K, committed 11904K, reserved 1060864K
  class space    used 1076K, capacity 1372K, committed 1408K, reserved 1048576K
}
Event: 0.493 GC heap after
{Heap after GC invocations=12 (full 0):
 garbage-first heap   total 15360K, used 5566K [0x0000000082600000, 0x0000000100000000)
  region size 1024K, 1 young (1024K), 1 survivors (1024K)
 Metaspace       used 9124K, capacity 11749K, committed 11904K, reserved 1060864K
  class space    used 1076K, capacity 1372K, committed 1408K, reserved 1048576K
}
Event: 0.518 GC heap before
{Heap before GC invocations=12 (full 0):
 garbage-first heap   total 15360K, used 9662K [0x0000000082600000, 0x0000000100000000)
  region size 1024K, 5 young (5120K), 1 survivors (1024K)
 Metaspace       used 9296K, capacity 11882K, committed 12032K, reserved 1060864K
  class space    used 1098K, capacity 1417K, committed 1536K, reserved 1048576K
}
Event: 0.520 GC heap after
{Heap after GC invocations=13 (full 0):
 garbage-first heap   total 15360K, used 6279K [0x0000000082600000, 0x0000000100000000)
  region size 1024K, 1 young (1024K), 1 survivors (1024K)
 Metaspace       used 9296K, capacity 11882K, committed 12032K, reserved 1060864K
  class space    used 1098K, capacity 1417K, committed 1536K, reserved 1048576K
}
Event: 0.536 GC heap before
{Heap before GC invocations=13 (full 0):
 garbage-first heap   total 15360K, used 8327K [0x0000000082600000, 0x0000000100000000)
  region size 1024K, 4 young (4096K), 1 survivors (1024K)
 Metaspace       used 9343K, capacity 11947K, committed 12288K, reserved 1060864K
  class space    used 1099K, capacity 1417K, committed 1536K, reserved 1048576K
}
Event: 0.539 GC heap after
{Heap after GC invocations=14 (full 0):
 garbage-first heap   total 22528K, used 7759K [0x0000000082600000, 0x0000000100000000)
  region size 1024K, 1 young (1024K), 1 survivors (1024K)
 Metaspace       used 9343K, capacity 11947K, committed 12288K, reserved 1060864K
  class space    used 1099K, capacity 1417K, committed 1536K, reserved 1048576K
}
Event: 0.559 GC heap before
{Heap before GC invocations=14 (full 0):
 garbage-first heap   total 22528K, used 13903K [0x0000000082600000, 0x0000000100000000)
  region size 1024K, 7 young (7168K), 1 survivors (1024K)
 Metaspace       used 9375K, capacity 11952K, committed 12288K, reserved 1060864K
  class space    used 1101K, capacity 1418K, committed 1536K, reserved 1048576K
}
Event: 0.562 GC heap after
{Heap after GC invocations=15 (full 0):
 garbage-first heap   total 22528K, used 8612K [0x0000000082600000, 0x0000000100000000)
  region size 1024K, 1 young (1024K), 1 survivors (1024K)
 Metaspace       used 9375K, capacity 11952K, committed 12288K, reserved 1060864K
  class space    used 1101K, capacity 1418K, committed 1536K, reserved 1048576K
}
Event: 0.608 GC heap before
{Heap before GC invocations=15 (full 0):
 garbage-first heap   total 22528K, used 13732K [0x0000000082600000, 0x0000000100000000)
  region size 1024K, 6 young (6144K), 1 survivors (1024K)
 Metaspace       used 9809K, capacity 12277K, committed 12544K, reserved 1060864K
  class space    used 1153K, capacity 1440K, committed 1536K, reserved 1048576K
}
Event: 0.611 GC heap after
{Heap after GC invocations=16 (full 0):
 garbage-first heap   total 22528K, used 9682K [0x0000000082600000, 0x0000000100000000)
  region size 1024K, 1 young (1024K), 1 survivors (1024K)
 Metaspace       used 9809K, capacity 12277K, committed 12544K, reserved 1060864K
  class space    used 1153K, capacity 1440K, committed 1536K, reserved 1048576K
}
Event: 0.655 GC heap before
{Heap before GC invocations=16 (full 0):
 garbage-first heap   total 22528K, used 15826K [0x0000000082600000, 0x0000000100000000)
  region size 1024K, 6 young (6144K), 1 survivors (1024K)
 Metaspace       used 10068K, capacity 12537K, committed 12800K, reserved 1060864K
  class space    used 1181K, capacity 1484K, committed 1536K, reserved 1048576K
}
Event: 0.660 GC heap after
{Heap after GC invocations=17 (full 0):
 garbage-first heap   total 22528K, used 11709K [0x0000000082600000, 0x0000000100000000)
  region size 1024K, 1 young (1024K), 1 survivors (1024K)
 Metaspace       used 10068K, capacity 12537K, committed 12800K, reserved 1060864K
  class space    used 1181K, capacity 1484K, committed 1536K, reserved 1048576K
}

Deoptimization events (20 events):
Event: 0.525 Thread 0x0000027d46d5d800 Uncommon trap: trap_request=0xffffffde fr.pc=0x0000027d570576b0 relative=0x0000000000001070
Event: 0.525 Thread 0x0000027d46d5d800 Uncommon trap: reason=class_check action=maybe_recompile pc=0x0000027d570576b0 method=java.util.regex.Pattern$Start.<init>(Ljava/util/regex/Pattern$Node;)V @ 22 c2
Event: 0.525 Thread 0x0000027d46d5d800 DEOPT PACKING pc=0x0000027d570576b0 sp=0x000000c69d2fd9e0
Event: 0.525 Thread 0x0000027d46d5d800 DEOPT UNPACKING pc=0x0000027d4f55912f sp=0x000000c69d2fd910 mode 2
Event: 0.526 Thread 0x0000027d46d5d800 Uncommon trap: trap_request=0xffffffde fr.pc=0x0000027d570576b0 relative=0x0000000000001070
Event: 0.526 Thread 0x0000027d46d5d800 Uncommon trap: reason=class_check action=maybe_recompile pc=0x0000027d570576b0 method=java.util.regex.Pattern$Start.<init>(Ljava/util/regex/Pattern$Node;)V @ 22 c2
Event: 0.526 Thread 0x0000027d46d5d800 DEOPT PACKING pc=0x0000027d570576b0 sp=0x000000c69d2fd8d0
Event: 0.526 Thread 0x0000027d46d5d800 DEOPT UNPACKING pc=0x0000027d4f55912f sp=0x000000c69d2fd800 mode 2
Event: 0.531 Thread 0x0000027d46d5d800 Uncommon trap: trap_request=0xffffff45 fr.pc=0x0000027d57055cc4 relative=0x0000000000000b64
Event: 0.531 Thread 0x0000027d46d5d800 Uncommon trap: reason=unstable_if action=reinterpret pc=0x0000027d57055cc4 method=com.sun.tools.javac.util.ArrayUtils.ensureCapacity([BI)[B @ 3 c2
Event: 0.531 Thread 0x0000027d46d5d800 DEOPT PACKING pc=0x0000027d57055cc4 sp=0x000000c69d2fd610
Event: 0.531 Thread 0x0000027d46d5d800 DEOPT UNPACKING pc=0x0000027d4f55912f sp=0x000000c69d2fd538 mode 2
Event: 0.535 Thread 0x0000027d46d5d800 Uncommon trap: trap_request=0xffffff45 fr.pc=0x0000027d5705d73c relative=0x000000000000015c
Event: 0.535 Thread 0x0000027d46d5d800 Uncommon trap: reason=unstable_if action=reinterpret pc=0x0000027d5705d73c method=com.sun.tools.javac.code.Scope$ScopeImpl.getIndex(Lcom/sun/tools/javac/util/Name;)I @ 60 c2
Event: 0.535 Thread 0x0000027d46d5d800 DEOPT PACKING pc=0x0000027d5705d73c sp=0x000000c69d2fd410
Event: 0.535 Thread 0x0000027d46d5d800 DEOPT UNPACKING pc=0x0000027d4f55912f sp=0x000000c69d2fd380 mode 2
Event: 0.598 Thread 0x0000027d46d5d800 Uncommon trap: trap_request=0xffffffc6 fr.pc=0x0000027d57062514 relative=0x0000000000000734
Event: 0.598 Thread 0x0000027d46d5d800 Uncommon trap: reason=bimorphic_or_optimized_type_check action=maybe_recompile pc=0x0000027d57062514 method=com.sun.tools.javac.file.BaseFileManager.getKind(Ljava/nio/file/Path;)Ljavax/tools/JavaFileObject$Kind; @ 1 c2
Event: 0.598 Thread 0x0000027d46d5d800 DEOPT PACKING pc=0x0000027d57062514 sp=0x000000c69d2fd450
Event: 0.598 Thread 0x0000027d46d5d800 DEOPT UNPACKING pc=0x0000027d4f55912f sp=0x000000c69d2fd3a0 mode 2

Classes unloaded (0 events):
No events

Classes redefined (0 events):
No events

Internal exceptions (20 events):
Event: 0.465 Thread 0x0000027d46d5d800 Exception <a 'sun/nio/fs/WindowsException'{0x0000000083321d00}> (0x0000000083321d00) 
thrown [./open/src/hotspot/share/prims/jni.cpp, line 599]
Event: 0.487 Thread 0x0000027d46d5d800 Exception <a 'sun/nio/fs/WindowsException'{0x0000000083322968}> (0x0000000083322968) 
thrown [./open/src/hotspot/share/prims/jni.cpp, line 599]
Event: 0.487 Thread 0x0000027d46d5d800 Exception <a 'sun/nio/fs/WindowsException'{0x0000000083322b78}> (0x0000000083322b78) 
thrown [./open/src/hotspot/share/prims/jni.cpp, line 599]
Event: 0.487 Thread 0x0000027d46d5d800 Exception <a 'sun/nio/fs/WindowsException'{0x0000000083323ae8}> (0x0000000083323ae8) 
thrown [./open/src/hotspot/share/prims/jni.cpp, line 599]
Event: 0.487 Thread 0x0000027d46d5d800 Exception <a 'sun/nio/fs/WindowsException'{0x0000000083323cf0}> (0x0000000083323cf0) 
thrown [./open/src/hotspot/share/prims/jni.cpp, line 599]
Event: 0.499 Thread 0x0000027d46d5d800 Exception <a 'sun/nio/fs/WindowsException'{0x0000000083294028}> (0x0000000083294028) 
thrown [./open/src/hotspot/share/prims/jni.cpp, line 599]
Event: 0.500 Thread 0x0000027d46d5d800 Exception <a 'sun/nio/fs/WindowsException'{0x0000000083294230}> (0x0000000083294230) 
thrown [./open/src/hotspot/share/prims/jni.cpp, line 599]
Event: 0.500 Thread 0x0000027d46d5d800 Exception <a 'sun/nio/fs/WindowsException'{0x0000000083296000}> (0x0000000083296000) 
thrown [./open/src/hotspot/share/prims/jni.cpp, line 599]
Event: 0.500 Thread 0x0000027d46d5d800 Exception <a 'sun/nio/fs/WindowsException'{0x0000000083296200}> (0x0000000083296200) 
thrown [./open/src/hotspot/share/prims/jni.cpp, line 599]
Event: 0.500 Thread 0x0000027d46d5d800 Exception <a 'sun/nio/fs/WindowsException'{0x0000000083297bd8}> (0x0000000083297bd8) 
thrown [./open/src/hotspot/share/prims/jni.cpp, line 599]
Event: 0.500 Thread 0x0000027d46d5d800 Exception <a 'sun/nio/fs/WindowsException'{0x0000000083297e18}> (0x0000000083297e18) 
thrown [./open/src/hotspot/share/prims/jni.cpp, line 599]
Event: 0.501 Thread 0x0000027d46d5d800 Exception <a 'sun/nio/fs/WindowsException'{0x0000000083299320}> (0x0000000083299320) 
thrown [./open/src/hotspot/share/prims/jni.cpp, line 599]
Event: 0.501 Thread 0x0000027d46d5d800 Exception <a 'sun/nio/fs/WindowsException'{0x0000000083299558}> (0x0000000083299558) 
thrown [./open/src/hotspot/share/prims/jni.cpp, line 599]
Event: 0.501 Thread 0x0000027d46d5d800 Exception <a 'sun/nio/fs/WindowsException'{0x000000008329afc8}> (0x000000008329afc8) 
thrown [./open/src/hotspot/share/prims/jni.cpp, line 599]
Event: 0.501 Thread 0x0000027d46d5d800 Exception <a 'sun/nio/fs/WindowsException'{0x000000008329b228}> (0x000000008329b228) 
thrown [./open/src/hotspot/share/prims/jni.cpp, line 599]
Event: 0.502 Thread 0x0000027d46d5d800 Exception <a 'sun/nio/fs/WindowsException'{0x00000000832a2b98}> (0x00000000832a2b98) 
thrown [./open/src/hotspot/share/prims/jni.cpp, line 599]
Event: 0.502 Thread 0x0000027d46d5d800 Exception <a 'sun/nio/fs/WindowsException'{0x00000000832a2de8}> (0x00000000832a2de8) 
thrown [./open/src/hotspot/share/prims/jni.cpp, line 599]
Event: 0.502 Thread 0x0000027d46d5d800 Exception <a 'java/lang/NoSuchMethodError'{0x00000000832a6358}: 'java.lang.Object java.lang.invoke.DirectMethodHandle$Holder.invokeStatic(java.lang.Object, java.lang.Object, int, int)'> (0x00000000832a6358) 
thrown [./open/src/hotspot/share/interpreter/linkResolver.cpp, line 766]
Event: 0.630 Thread 0x0000027d46d5d800 Exception <a 'java/lang/NoSuchMethodError'{0x0000000083a29620}: 'void java.lang.invoke.DirectMethodHandle$Holder.invokeSpecial(java.lang.Object, java.lang.Object, java.lang.Object, java.lang.Object, java.lang.Object)'> (0x0000000083a29620) 
thrown [./open/src/hotspot/share/interpreter/linkResolver.cpp, line 766]
Event: 0.643 Thread 0x0000027d46d5d800 Exception <a 'java/lang/NoSuchMethodError'{0x000000008382c858}: 'void java.lang.invoke.DirectMethodHandle$Holder.invokeVirtual(java.lang.Object, java.lang.Object)'> (0x000000008382c858) 
thrown [./open/src/hotspot/share/interpreter/linkResolver.cpp, line 766]

Events (20 events):
Event: 0.602 loading class java/util/stream/Node$OfLong done
Event: 0.602 loading class java/util/stream/Nodes$EmptyNode$OfLong done
Event: 0.602 loading class java/util/stream/Nodes$EmptyNode$OfDouble
Event: 0.602 loading class java/util/stream/Node$OfDouble
Event: 0.602 loading class java/util/stream/Node$OfDouble done
Event: 0.602 loading class java/util/stream/Nodes$EmptyNode$OfDouble done
Event: 0.602 loading class java/util/stream/Nodes$FixedNodeBuilder
Event: 0.603 loading class java/util/stream/Node$Builder
Event: 0.603 loading class java/util/stream/Node$Builder done
Event: 0.603 loading class java/util/stream/Nodes$ArrayNode
Event: 0.603 loading class java/util/stream/Nodes$ArrayNode done
Event: 0.603 loading class java/util/stream/Nodes$FixedNodeBuilder done
Event: 0.608 Executing VM operation: G1CollectForAllocation
Event: 0.611 Executing VM operation: G1CollectForAllocation done
Event: 0.634 loading class java/util/stream/ReduceOps$1
Event: 0.634 loading class java/util/stream/ReduceOps$1 done
Event: 0.634 loading class java/util/stream/ReduceOps$1ReducingSink
Event: 0.635 loading class java/util/stream/ReduceOps$1ReducingSink done
Event: 0.655 Executing VM operation: G1CollectForAllocation
Event: 0.660 Executing VM operation: G1CollectForAllocation done


Dynamic libraries:
0x00007ff744de0000 - 0x00007ff744de7000 	C:\Program Files\Java\jdk-14.0.2\bin\javac.exe
0x00007fface6d0000 - 0x00007fface8c6000 	C:\WINDOWS\SYSTEM32\ntdll.dll
0x00007ffacdbb0000 - 0x00007ffacdc6d000 	C:\WINDOWS\System32\KERNEL32.DLL
0x00007ffacc230000 - 0x00007ffacc4f8000 	C:\WINDOWS\System32\KERNELBASE.dll
0x00007ffacc630000 - 0x00007ffacc730000 	C:\WINDOWS\System32\ucrtbase.dll
0x00007ffab7b50000 - 0x00007ffab7b65000 	C:\Program Files\Java\jdk-14.0.2\bin\VCRUNTIME140.dll
0x00007ffac6e80000 - 0x00007ffac6e98000 	C:\Program Files\Java\jdk-14.0.2\bin\jli.dll
0x00007ffacc7b0000 - 0x00007ffacc85c000 	C:\WINDOWS\System32\ADVAPI32.dll
0x00007fface000000 - 0x00007fface09e000 	C:\WINDOWS\System32\msvcrt.dll
0x00007ffacdc70000 - 0x00007ffacdd0b000 	C:\WINDOWS\System32\sechost.dll
0x00007ffacdea0000 - 0x00007ffacdfc4000 	C:\WINDOWS\System32\RPCRT4.dll
0x00007ffacd850000 - 0x00007ffacd9f0000 	C:\WINDOWS\System32\USER32.dll
0x00007ffacc600000 - 0x00007ffacc622000 	C:\WINDOWS\System32\win32u.dll
0x00007ffaa7b00000 - 0x00007ffaa7d9b000 	C:\WINDOWS\WinSxS\amd64_microsoft.windows.common-controls_6595b64144ccf1df_6.0.19041.488_none_ca04af081b815d21\COMCTL32.dll
0x00007fface660000 - 0x00007fface68a000 	C:\WINDOWS\System32\GDI32.dll
0x00007ffacbe10000 - 0x00007ffacbf19000 	C:\WINDOWS\System32\gdi32full.dll
0x00007ffacbf20000 - 0x00007ffacbfbd000 	C:\WINDOWS\System32\msvcp_win.dll
0x00007ffac97a0000 - 0x00007ffac97aa000 	C:\WINDOWS\SYSTEM32\VERSION.dll
0x00007ffacdfd0000 - 0x00007fface000000 	C:\WINDOWS\System32\IMM32.DLL
0x00007ffa9b7c0000 - 0x00007ffa9b85b000 	C:\Program Files\Java\jdk-14.0.2\bin\msvcp140.dll
0x00007ffa5d2e0000 - 0x00007ffa5ddfe000 	C:\Program Files\Java\jdk-14.0.2\bin\server\jvm.dll
0x00007ffacc860000 - 0x00007ffacc868000 	C:\WINDOWS\System32\PSAPI.DLL
0x00007ffabbe80000 - 0x00007ffabbe89000 	C:\WINDOWS\SYSTEM32\WSOCK32.dll
0x00007ffacda70000 - 0x00007ffacdadb000 	C:\WINDOWS\System32\WS2_32.dll
0x00007ffac0b80000 - 0x00007ffac0ba7000 	C:\WINDOWS\SYSTEM32\WINMM.dll
0x00007ffac9c80000 - 0x00007ffac9c92000 	C:\WINDOWS\SYSTEM32\kernel.appcore.dll
0x00007ffac9790000 - 0x00007ffac979a000 	C:\Program Files\Java\jdk-14.0.2\bin\jimage.dll
0x00007ffac3930000 - 0x00007ffac3b14000 	C:\WINDOWS\SYSTEM32\DBGHELP.DLL
0x00007ffac3620000 - 0x00007ffac364c000 	C:\WINDOWS\SYSTEM32\dbgcore.DLL
0x00007ffacc530000 - 0x00007ffacc5af000 	C:\WINDOWS\System32\bcryptPrimitives.dll
0x00007ffab78b0000 - 0x00007ffab78d5000 	C:\Program Files\Java\jdk-14.0.2\bin\java.dll
0x00007ffab74e0000 - 0x00007ffab74f6000 	C:\Program Files\Java\jdk-14.0.2\bin\zip.dll
0x00007ffaccfd0000 - 0x00007ffacd711000 	C:\WINDOWS\System32\SHELL32.dll
0x00007ffac9f60000 - 0x00007ffaca6f5000 	C:\WINDOWS\SYSTEM32\windows.storage.dll
0x00007fface250000 - 0x00007fface5a5000 	C:\WINDOWS\System32\combase.dll
0x00007ffacb880000 - 0x00007ffacb8ac000 	C:\WINDOWS\SYSTEM32\Wldp.dll
0x00007fface5b0000 - 0x00007fface65e000 	C:\WINDOWS\System32\SHCORE.dll
0x00007ffacdb50000 - 0x00007ffacdba5000 	C:\WINDOWS\System32\shlwapi.dll
0x00007ffacbd40000 - 0x00007ffacbd66000 	C:\WINDOWS\SYSTEM32\profapi.dll
0x00007ffab72c0000 - 0x00007ffab72d9000 	C:\Program Files\Java\jdk-14.0.2\bin\net.dll
0x00007ffac1890000 - 0x00007ffac1990000 	C:\WINDOWS\SYSTEM32\WINHTTP.dll
0x00007ffacb600000 - 0x00007ffacb66a000 	C:\WINDOWS\system32\mswsock.dll
0x00007ffab7280000 - 0x00007ffab7292000 	C:\Program Files\Java\jdk-14.0.2\bin\nio.dll

dbghelp: loaded successfully - version: 4.0.5 - missing functions: none
symbol engine: initialized successfully - sym options: 0x614 - pdb path: .;C:\Program Files\Java\jdk-14.0.2\bin;C:\WINDOWS\SYSTEM32;C:\WINDOWS\WinSxS\amd64_microsoft.windows.common-controls_6595b64144ccf1df_6.0.19041.488_none_ca04af081b815d21;C:\Program Files\Java\jdk-14.0.2\bin\server

VM Arguments:
jvm_args: -Dapplication.home=C:\Program Files\Java\jdk-14.0.2 --add-modules=ALL-DEFAULT -Xms8m -Djdk.module.main=jdk.compiler 
java_command: jdk.compiler/com.sun.tools.javac.Main -d E:\libraryProject\build\classes -classpath E:\libraryProject\build\classes;E:\libraryProject\src\libraryproject\Jar\mysql-connector-java-5.1.49.jar;E:\libraryProject\src\libraryproject\Jar\rs2xml.jar;E:\libraryProject\src\libraryproject\Jar\jcalendar-tz-1.3.3-4.jar -sourcepath E:\libraryProject\build\empty -target 14 -encoding UTF-8 -g -processorpath E:\libraryProject\src\libraryproject\Jar\mysql-connector-java-5.1.49.jar;E:\libraryProject\src\libraryproject\Jar\rs2xml.jar;E:\libraryProject\src\libraryproject\Jar\jcalendar-tz-1.3.3-4.jar;E:\libraryProject\build\empty -s E:\libraryProject\build\generated-sources\ap-source-output -source 14 E:\libraryProject\src\libraryproject\BookDetails.java E:\libraryProject\src\libraryproject\Home.java E:\libraryProject\src\libraryproject\Statistics.java E:\libraryProject\src\libraryproject\StudentDetails.java E:\libraryProject\src\libraryproject\aboutUs.java
java_class_path (initial): <not set>
Launcher Type: SUN_STANDARD

[Global flags]
     intx CICompilerCount                          = 4                                         {product} {ergonomic}
     uint ConcGCThreads                            = 2                                         {product} {ergonomic}
     uint G1ConcRefinementThreads                  = 8                                         {product} {ergonomic}
   size_t G1HeapRegionSize                         = 1048576                                   {product} {ergonomic}
    uintx GCDrainStackTargetSize                   = 64                                        {product} {ergonomic}
   size_t InitialHeapSize                          = 8388608                                   {product} {command line}
   size_t MarkStackSize                            = 4194304                                   {product} {ergonomic}
   size_t MaxHeapSize                              = 2107637760                                {product} {ergonomic}
   size_t MaxNewSize                               = 1264582656                                {product} {ergonomic}
   size_t MinHeapDeltaBytes                        = 1048576                                   {product} {ergonomic}
   size_t MinHeapSize                              = 8388608                                   {product} {command line}
    uintx NonNMethodCodeHeapSize                   = 5839372                                {pd product} {ergonomic}
    uintx NonProfiledCodeHeapSize                  = 122909434                              {pd product} {ergonomic}
    uintx ProfiledCodeHeapSize                     = 122909434                              {pd product} {ergonomic}
    uintx ReservedCodeCacheSize                    = 251658240                              {pd product} {ergonomic}
     bool SegmentedCodeCache                       = true                                      {product} {ergonomic}
   size_t SoftMaxHeapSize                          = 2107637760                             {manageable} {ergonomic}
     bool UseCompressedClassPointers               = true                                 {lp64_product} {ergonomic}
     bool UseCompressedOops                        = true                                 {lp64_product} {ergonomic}
     bool UseG1GC                                  = true                                      {product} {ergonomic}
     bool UseLargePagesIndividualAllocation        = false                                  {pd product} {ergonomic}

Logging:
Log output configuration:
 #0: stdout all=warning uptime,level,tags
 #1: stderr all=off uptime,level,tags

Environment Variables:
PATH=D:\app\oracle\product\10.2.0\server\bin;C:\WINDOWS\system32;C:\WINDOWS;C:\WINDOWS\System32\Wbem;C:\WINDOWS\System32\WindowsPowerShell\v1.0\;C:\WINDOWS\System32\OpenSSH\;C:\Program Files (x86)\Intel\Intel(R) Management Engine Components\DAL;C:\Program Files\Intel\Intel(R) Management Engine Components\DAL;C:\Program Files\Intel\WiFi\bin\;C:\Program Files\Common Files\Intel\WirelessCommon\;C:\Program Files\NVIDIA Corporation\NVIDIA NvDLISR;C:\Program Files\Java\jdk-14.0.2\bin;D:\python;C:\Program Files (x86)\NVIDIA Corporation\PhysX\Common;C:\Program Files\Git\cmd;C:\Program Files\MySQL\MySQL Shell 8.0\bin\;C:\Users\khushwant singh\miniconda3;C:\Users\khushwant singh\miniconda3\Library\mingw-w64\bin;C:\Users\khushwant singh\miniconda3\Library\usr\bin;C:\Users\khushwant singh\miniconda3\Library\bin;C:\Users\khushwant singh\miniconda3\Scripts;C:\Users\khushwant singh\AppData\Local\Programs\Python\Python38-32\Scripts\;C:\Users\khushwant singh\AppData\Local\Programs\Python\Python38-32\;C:\Users\khushwant singh\AppData\Local\Microsoft\WindowsApps;C:\Program Files\Intel\WiFi\bin\;C:\Program Files\Common Files\Intel\WirelessCommon\;C:\Program Files\JetBrains\PyCharm Community Edition 2020.2.1\bin;C:\Program Files\JetBrains\IntelliJ IDEA Community Edition 2020.2.1\bin;C:\Users\khushwant singh\AppData\Local\Programs\Microsoft VS Code\bin;C:\Users\khushwant singh\AppData\Local\atom\bin
USERNAME=khushwant singh
OS=Windows_NT
PROCESSOR_IDENTIFIER=Intel64 Family 6 Model 158 Stepping 10, GenuineIntel



---------------  S Y S T E M  ---------------

OS: Windows 10 , 64 bit Build 19041 (10.0.19041.546)
OS uptime: 13 days 5:37 hours

CPU:total 8 (initial active 8) (4 cores per cpu, 2 threads per core) family 6 model 158 stepping 10, cmov, cx8, fxsr, mmx, sse, sse2, sse3, ssse3, sse4.1, sse4.2, popcnt, avx, avx2, aes, clmul, erms, 3dnowpref, lzcnt, ht, tsc, tscinvbit, bmi1, bmi2, adx, fma

Memory: 4k page, system-wide physical 8034M (575M free)
TotalPageFile size 23153M (AvailPageFile size 5M)
current process WorkingSet (physical memory assigned to process): 99M, peak: 99M
current process commit charge ("private bytes"): 137M, peak: 137M

vm_info: Java HotSpot(TM) 64-Bit Server VM (14.0.2+12-46) for windows-amd64 JRE (14.0.2+12-46), built on Jul  9 2020 00:35:52 by "mach5one" with MS VC++ 15.9 (VS2017)

END.
